
; File generated by darts version O-2018.09#f5599cac26#190121, Tue May 28 12:03:51 2024
; Copyright 2014-2018 Synopsys, Inc. All rights reserved.
; darts -B -I.. +p -d -h -I../runtime/include -I../runtime/include -D__tct_patch__=300 -p +r -L +Ihex lib/Release/atexit.o tzscale

; Release: ipd O-2018.09-SP3
.data_segment_name
.bss local 1 __atexit_atexits DMb 512

.data_segment_name
.data local 1 __atexit_atexit_nxt DMb_stat
.rela 20 __atexit_atexits 0
	0x0
	0x0
	0x0
	0x0

.undef local data __atexit_atexit_nxt

.undef local data __atexit_atexits

.undef local data __atexit_atexit_nxt

.undef local data __atexit_atexits

.text_segment_name
.text global 0 __cxa_atexit
	     0    0x00 0x00 0x65 0x13  ori x10,x0,__atexit_atexit_nxt
.rela 16 __atexit_atexits 512
	     4    0x00 0x20 0x01 0xb7  lui x3, 512
	     8    0x00 0x05 0x26 0x83  lw x13,0(x10)
.rela 17 __atexit_atexits 512
	    12    0x20 0x01 0xe1 0x93  ori x3,x3,512
	    16    0x00 0x36 0x8c 0x63  beq x13,x3,24
	    20    0x00 0xc6 0xa2 0x23  sw x12,4(x13)
	    24    0x00 0x86 0x86 0x13  addi x12,x13,8
	    28    0x00 0xc5 0x20 0x23  sw x12,0(x10)
	    32    0x00 0x00 0x05 0x37  lui x10, 0
	    36    0x00 0xb6 0xa0 0x23  sw x11,0(x13)
.rts
	    40    0x00 0x00 0x80 0x67  jalr x0, x1, 0
	    44    0xff 0xf0 0x05 0x13  addi x10,x0,-1
.label __cxa_atexit__end last
.rts
	    48    0x00 0x00 0x80 0x67  jalr x0, x1, 0

.text_segment_name
.text global 0 __cxa_finalize
.rela 16 __atexit_atexits 0
	     0    0x00 0x00 0x05 0x37  lui x10, 0
	     4    0x08 0x11            addi x2, 8
.rela 17 __atexit_atexits 0
	     6    0x00 0x05 0x65 0x13  ori x10,x10,0
	    10    0xfe 0xa1 0x2e 0x23  sw x10,-4(x2)
	    14    0xfe 0x11 0x2c 0x23  sw x1,-8(x2)
	    18    0xa6 0x09            j 22
	    20    0x00 0x05 0x21 0x83  lw x3,0(x10)
	    24    0xff 0x81 0x82 0x13  addi x4,x3,-8
	    28    0x00 0x45 0x20 0x23  sw x4,0(x10)
	    32    0x00 0x02 0x22 0x03  lw x4,0(x4)
	    36    0xff 0xc1 0xa5 0x03  lw x10,-4(x3)
	    40    0x92 0x02            jalr x4
.label __ll1___cxa_finalize
	    42    0x00 0x00 0x65 0x13  ori x10,x0,__atexit_atexit_nxt
	    46    0x00 0x05 0x21 0x83  lw x3,0(x10)
	    50    0xff 0xc1 0x22 0x03  lw x4,-4(x2)
	    54    0xfc 0x41 0x9d 0xe3  bne x3,x4,-38
	    58    0xff 0x81 0x25 0x03  lw x10,-8(x2)
	    62    0x18 0x15            addi x2, -8
.label __cxa_finalize__end last
.rts
	    64    0x00 0x05 0x00 0x67  jalr x0, x10, 0

