
; File generated by darts version O-2018.09#f5599cac26#190121, Tue May 28 12:03:49 2024
; Copyright 2014-2018 Synopsys, Inc. All rights reserved.
; darts -B -I.. +p -d -h -I../runtime/include -I../runtime/include -D__tct_patch__=300 -p +r -L +Ihex lib/Release/clib_inline.o tzscale

; Release: ipd O-2018.09-SP3
.undef global data stdin

.undef global data stdout

.undef global data _ct_code

.text_segment_name
.text global 0 strcoll
.label strcoll__end last
	     0    0x00 0x00 0x00 0x6f  jal x0, strcmp

.undef global text strcmp

.text_segment_name
.text global 0 atoi
	     0    0x00 0x00 0x06 0x37  lui x12, 0
	     4    0x00 0xa0 0x06 0x93  addi x13,x0,10
.label atoi__end last
	     8    0x00 0x00 0x00 0x6f  jal x0, strtol

.undef global text strtol

.text_segment_name
.text global 0 atol
	     0    0x00 0x00 0x06 0x37  lui x12, 0
	     4    0x00 0xa0 0x06 0x93  addi x13,x0,10
.label atol__end last
	     8    0x00 0x00 0x00 0x6f  jal x0, strtol

.undef global text strtol

.text_segment_name
.text global 0 exit
	     0    0x04 0x11            addi x2, 4
	     2    0xfe 0xa1 0x2e 0x23  sw x10,-4(x2)
	     6    0x00 0x00 0x05 0x37  lui x10, 0
	    10    0x00 0x00 0x00 0xef  jal x1, __cxa_finalize
	    14    0xff 0xc1 0x25 0x03  lw x10,-4(x2)
	    18    0x00 0x01            nop
.label exit__end last
	    20    0xbf 0xfd            j -2

.undef global text __cxa_finalize

.text_segment_name
.text global 0 abort
	     0    0x07 0xf0 0x05 0x13  addi x10,x0,127
	     4    0x00 0x01            nop
.label abort__end last
	     6    0xbf 0xfd            j -2

.text_segment_name
.text global 0 _Exit
	     0    0x00 0x01            nop
.label _Exit__end last
	     2    0xbf 0xfd            j -2

.text_segment_name
.text global 0 atexit
	     0    0x00 0x00 0x06 0xb7  lui x13, 0
	     4    0x86 0x36            mv x12, x13
.label atexit__end last
	     6    0x00 0x00 0x00 0x6f  jal x0, __cxa_atexit

.undef global text __cxa_atexit

.text_segment_name
.text global 0 vprintf
	     0    0x86 0xb2            mv x13, x12
	     2    0x86 0x2e            mv x12, x11
	     4    0x00 0x00 0x25 0x83  lw x11,stdout(x0)
.label vprintf__end last
	     8    0x00 0x00 0x00 0x6f  jal x0, vfprintf

.undef global text vfprintf

.undef global data stdout

.text_segment_name
.text global 0 vscanf
	     0    0x86 0xb2            mv x13, x12
	     2    0x86 0x2e            mv x12, x11
	     4    0x00 0x00 0x25 0x83  lw x11,stdin(x0)
.label vscanf__end last
	     8    0x00 0x00 0x00 0x6f  jal x0, vfscanf

.undef global text vfscanf

.undef global data stdin

.text_segment_name
.text global 0 putc
.label putc__end last
	     0    0x00 0x00 0x00 0x6f  jal x0, fputc

.undef global text fputc

.text_segment_name
.text global 0 putchar
	     0    0x00 0x00 0x26 0x03  lw x12,stdout(x0)
.label putchar__end last
	     4    0x00 0x00 0x00 0x6f  jal x0, fputc

.undef global text fputc

.undef global data stdout

.text_segment_name
.text global 0 puts
	     0    0x04 0x11            addi x2, 4
	     2    0x00 0x00 0x65 0x13  ori x10,x0,stdout
	     6    0x00 0x05 0x26 0x03  lw x12,0(x10)
	    10    0xfe 0x11 0x2e 0x23  sw x1,-4(x2)
	    14    0x00 0x00 0x00 0xef  jal x1, fputs
	    18    0x00 0x05 0x4b 0x63  blt x10,x0,22
	    22    0xff 0xc1 0x20 0x83  lw x1,-4(x2)
	    26    0x00 0x00 0x65 0x13  ori x10,x0,stdout
	    30    0x1c 0x15            addi x2, -4
	    32    0x00 0x05 0x26 0x03  lw x12,0(x10)
	    36    0x00 0xa0 0x05 0x93  addi x11,x0,10
	    40    0x00 0x00 0x00 0x6f  jal x0, fputc
	    44    0xff 0xc1 0x20 0x83  lw x1,-4(x2)
	    48    0x1c 0x15            addi x2, -4
.label puts__end last
.rts
	    50    0x00 0x00 0x80 0x67  jalr x0, x1, 0

.undef global text fputs

.undef global text fputc

.undef global data stdout

.text_segment_name
.text global 0 getc
.label getc__end last
	     0    0x00 0x00 0x00 0x6f  jal x0, fgetc

.undef global text fgetc

.text_segment_name
.text global 0 getchar
	     0    0x00 0x00 0x25 0x83  lw x11,stdin(x0)
.label getchar__end last
	     4    0x00 0x00 0x00 0x6f  jal x0, fgetc

.undef global text fgetc

.undef global data stdin

.text_segment_name
.text global 0 rewind
	     0    0x00 0x00 0x06 0xb7  lui x13, 0
	     4    0x85 0xaa            mv x11, x10
	     6    0x86 0x36            mv x12, x13
.label rewind__end last
	     8    0x00 0x00 0x00 0x6f  jal x0, fseek

.undef global text fseek

.text_segment_name
.text global 0 isalnum
.rela 16 _ct_code 0
	     0    0x00 0x00 0x05 0x37  lui x10, 0
	     4    0x0f 0xf5 0xf5 0x93  andi x11,x11,255
.rela 17 _ct_code 0
	     8    0x00 0x05 0x65 0x13  ori x10,x10,0
	    12    0x95 0x2e            add x10, x11
	    14    0x00 0x05 0x45 0x03  lbu x10,0(x10)
	    18    0x00 0x75 0x75 0x13  andi x10,x10,7
.label isalnum__end last
.rts
	    22    0x00 0x00 0x80 0x67  jalr x0, x1, 0

.undef global data _ct_code

.text_segment_name
.text global 0 isalpha
.rela 16 _ct_code 0
	     0    0x00 0x00 0x05 0x37  lui x10, 0
	     4    0x0f 0xf5 0xf5 0x93  andi x11,x11,255
.rela 17 _ct_code 0
	     8    0x00 0x05 0x65 0x13  ori x10,x10,0
	    12    0x95 0x2e            add x10, x11
	    14    0x00 0x05 0x45 0x03  lbu x10,0(x10)
	    18    0x00 0x35 0x75 0x13  andi x10,x10,3
.label isalpha__end last
.rts
	    22    0x00 0x00 0x80 0x67  jalr x0, x1, 0

.undef global data _ct_code

.text_segment_name
.text global 0 isblank
.rela 16 _ct_code 0
	     0    0x00 0x00 0x05 0x37  lui x10, 0
	     4    0x0f 0xf5 0xf5 0x93  andi x11,x11,255
.rela 17 _ct_code 0
	     8    0x00 0x05 0x65 0x13  ori x10,x10,0
	    12    0x95 0x2e            add x10, x11
	    14    0x00 0x05 0x45 0x03  lbu x10,0(x10)
	    18    0x08 0x05 0x75 0x13  andi x10,x10,128
.label isblank__end last
.rts
	    22    0x00 0x00 0x80 0x67  jalr x0, x1, 0

.undef global data _ct_code

.text_segment_name
.text global 0 iscntrl
.rela 16 _ct_code 0
	     0    0x00 0x00 0x05 0x37  lui x10, 0
	     4    0x0f 0xf5 0xf5 0x93  andi x11,x11,255
.rela 17 _ct_code 0
	     8    0x00 0x05 0x65 0x13  ori x10,x10,0
	    12    0x95 0x2e            add x10, x11
	    14    0x00 0x05 0x45 0x03  lbu x10,0(x10)
	    18    0x02 0x05 0x75 0x13  andi x10,x10,32
.label iscntrl__end last
.rts
	    22    0x00 0x00 0x80 0x67  jalr x0, x1, 0

.undef global data _ct_code

.text_segment_name
.text global 0 isdigit
.rela 16 _ct_code 0
	     0    0x00 0x00 0x05 0x37  lui x10, 0
	     4    0x0f 0xf5 0xf5 0x93  andi x11,x11,255
.rela 17 _ct_code 0
	     8    0x00 0x05 0x65 0x13  ori x10,x10,0
	    12    0x95 0x2e            add x10, x11
	    14    0x00 0x05 0x45 0x03  lbu x10,0(x10)
	    18    0x00 0x45 0x75 0x13  andi x10,x10,4
.label isdigit__end last
.rts
	    22    0x00 0x00 0x80 0x67  jalr x0, x1, 0

.undef global data _ct_code

.text_segment_name
.text global 0 isgraph
.rela 16 _ct_code 0
	     0    0x00 0x00 0x05 0x37  lui x10, 0
	     4    0x0f 0xf5 0xf5 0x93  andi x11,x11,255
.rela 17 _ct_code 0
	     8    0x00 0x05 0x65 0x13  ori x10,x10,0
	    12    0x95 0x2e            add x10, x11
	    14    0x00 0x05 0x45 0x03  lbu x10,0(x10)
	    18    0x01 0x75 0x75 0x13  andi x10,x10,23
.label isgraph__end last
.rts
	    22    0x00 0x00 0x80 0x67  jalr x0, x1, 0

.undef global data _ct_code

.text_segment_name
.text global 0 islower
.rela 16 _ct_code 0
	     0    0x00 0x00 0x05 0x37  lui x10, 0
	     4    0x0f 0xf5 0xf5 0x93  andi x11,x11,255
.rela 17 _ct_code 0
	     8    0x00 0x05 0x65 0x13  ori x10,x10,0
	    12    0x95 0x2e            add x10, x11
	    14    0x00 0x05 0x45 0x03  lbu x10,0(x10)
	    18    0x00 0x15 0x75 0x13  andi x10,x10,1
.label islower__end last
.rts
	    22    0x00 0x00 0x80 0x67  jalr x0, x1, 0

.undef global data _ct_code

.text_segment_name
.text global 0 isprint
.rela 16 _ct_code 0
	     0    0x00 0x00 0x01 0xb7  lui x3, 0
	     4    0x0f 0xf5 0xf5 0x13  andi x10,x11,255
.rela 17 _ct_code 0
	     8    0x00 0x01 0xe1 0x93  ori x3,x3,0
	    12    0x95 0x0e            add x10, x3
	    14    0x00 0x05 0x45 0x03  lbu x10,0(x10)
	    18    0x09 0x75 0x71 0x93  andi x3,x10,151
	    22    0x00 0x10 0x05 0x13  addi x10,x0,1
	    26    0x00 0x01 0x84 0x63  beq x3,x0,8
	    30    0x00 0x90 0x01 0x93  addi x3,x0,9
	    34    0x00 0x35 0x92 0x63  bne x11,x3,4
	    38    0x00 0x00 0x05 0x37  lui x10, 0
.label isprint__end last
.rts
	    42    0x00 0x00 0x80 0x67  jalr x0, x1, 0

.undef global data _ct_code

.text_segment_name
.text global 0 ispunct
.rela 16 _ct_code 0
	     0    0x00 0x00 0x05 0x37  lui x10, 0
	     4    0x0f 0xf5 0xf5 0x93  andi x11,x11,255
.rela 17 _ct_code 0
	     8    0x00 0x05 0x65 0x13  ori x10,x10,0
	    12    0x95 0x2e            add x10, x11
	    14    0x00 0x05 0x45 0x03  lbu x10,0(x10)
	    18    0x01 0x05 0x75 0x13  andi x10,x10,16
.label ispunct__end last
.rts
	    22    0x00 0x00 0x80 0x67  jalr x0, x1, 0

.undef global data _ct_code

.text_segment_name
.text global 0 isspace
.rela 16 _ct_code 0
	     0    0x00 0x00 0x05 0x37  lui x10, 0
	     4    0x0f 0xf5 0xf5 0x93  andi x11,x11,255
.rela 17 _ct_code 0
	     8    0x00 0x05 0x65 0x13  ori x10,x10,0
	    12    0x95 0x2e            add x10, x11
	    14    0x00 0x05 0x45 0x03  lbu x10,0(x10)
	    18    0x04 0x05 0x75 0x13  andi x10,x10,64
.label isspace__end last
.rts
	    22    0x00 0x00 0x80 0x67  jalr x0, x1, 0

.undef global data _ct_code

.text_segment_name
.text global 0 isupper
.rela 16 _ct_code 0
	     0    0x00 0x00 0x05 0x37  lui x10, 0
	     4    0x0f 0xf5 0xf5 0x93  andi x11,x11,255
.rela 17 _ct_code 0
	     8    0x00 0x05 0x65 0x13  ori x10,x10,0
	    12    0x95 0x2e            add x10, x11
	    14    0x00 0x05 0x45 0x03  lbu x10,0(x10)
	    18    0x00 0x25 0x75 0x13  andi x10,x10,2
.label isupper__end last
.rts
	    22    0x00 0x00 0x80 0x67  jalr x0, x1, 0

.undef global data _ct_code

.text_segment_name
.text global 0 isxdigit
.rela 16 _ct_code 0
	     0    0x00 0x00 0x05 0x37  lui x10, 0
	     4    0x0f 0xf5 0xf5 0x93  andi x11,x11,255
.rela 17 _ct_code 0
	     8    0x00 0x05 0x65 0x13  ori x10,x10,0
	    12    0x95 0x2e            add x10, x11
	    14    0x00 0x05 0x45 0x03  lbu x10,0(x10)
	    18    0x00 0x85 0x75 0x13  andi x10,x10,8
.label isxdigit__end last
.rts
	    22    0x00 0x00 0x80 0x67  jalr x0, x1, 0

.undef global data _ct_code

.text_segment_name
.text global 0 tolower
.rela 16 _ct_code 0
	     0    0x00 0x00 0x01 0xb7  lui x3, 0
	     4    0x85 0x2e            mv x10, x11
	     6    0x0f 0xf5 0x75 0x93  andi x11,x10,255
.rela 17 _ct_code 0
	    10    0x00 0x01 0xe1 0x93  ori x3,x3,0
	    14    0x95 0x8e            add x11, x3
	    16    0x00 0x05 0xc5 0x83  lbu x11,0(x11)
	    20    0x00 0x25 0xf5 0x93  andi x11,x11,2
	    24    0x00 0x05 0x82 0x63  beq x11,x0,4
	    28    0x02 0x05 0x05 0x13  addi x10,x10,32
.label tolower__end last
.rts
	    32    0x00 0x00 0x80 0x67  jalr x0, x1, 0

.undef global data _ct_code

.text_segment_name
.text global 0 toupper
.rela 16 _ct_code 0
	     0    0x00 0x00 0x01 0xb7  lui x3, 0
	     4    0x85 0x2e            mv x10, x11
	     6    0x0f 0xf5 0x75 0x93  andi x11,x10,255
.rela 17 _ct_code 0
	    10    0x00 0x01 0xe1 0x93  ori x3,x3,0
	    14    0x95 0x8e            add x11, x3
	    16    0x00 0x05 0xc5 0x83  lbu x11,0(x11)
	    20    0x00 0x15 0xf5 0x93  andi x11,x11,1
	    24    0x00 0x05 0x81 0x63  beq x11,x0,2
	    28    0x00 0x55            addi x10, -32
.label toupper__end last
.rts
	    30    0x00 0x00 0x80 0x67  jalr x0, x1, 0

.undef global data _ct_code

