
; File generated by darts version O-2018.09#f5599cac26#190121, Tue May 28 12:03:50 2024
; Copyright 2014-2018 Synopsys, Inc. All rights reserved.
; darts -B -I.. +p -d -h -I../runtime/include -I../runtime/include -D__tct_patch__=300 -p +r -L +Ihex lib/Release/crt0.o tzscale

; Release: ipd O-2018.09-SP3
.text_segment_name
.text local 0 __crt0__fini
	     0    0x08 0x11            addi x2, 8
	     2    0x00 0x00 0x61 0x93  ori x3,x0,_dtors_start
	     6    0xfe 0x11 0x2e 0x23  sw x1,-4(x2)
	    10    0xfe 0x31 0x2c 0x23  sw x3,-8(x2)
	    14    0x00 0x00 0x62 0x13  ori x4,x0,_dtors_end
	    18    0xa0 0x09            j 16
	    20    0x00 0x01 0xa2 0x03  lw x4,0(x3)
	    24    0x04 0x19            addi x3, 4
	    26    0xfe 0x31 0x2c 0x23  sw x3,-8(x2)
	    30    0x92 0x02            jalr x4
	    32    0x00 0x00 0x62 0x13  ori x4,x0,_dtors_end
.label __ll1___crt0__fini
	    36    0xff 0x81 0x21 0x83  lw x3,-8(x2)
	    40    0xfe 0x41 0x94 0xe3  bne x3,x4,-24
	    44    0xff 0xc1 0x21 0x83  lw x3,-4(x2)
	    48    0x18 0x15            addi x2, -8
.label __crt0__fini__end last
.rts
	    50    0x00 0x01 0x80 0x67  jalr x0, x3, 0

.undef local text __crt0__fini

.undef global data _ctors_start

.undef global data _ctors_end

.undef global data _dtors_start

.undef global data _dtors_end

.undef global data _dtors_start

.undef global data _dtors_end

.text_segment_name
.text global 0 _start
	     0    0x0c 0x11            addi x2, 12
	     2    0xfe 0xc1 0x2e 0x23  sw x12,-4(x2)
	     6    0xfe 0xb1 0x2c 0x23  sw x11,-8(x2)
	    10    0x00 0x00 0x06 0xb7  lui x13, 0
.rela 16 __crt0__fini 0
	    14    0x00 0x00 0x05 0x37  lui x10, 0
.rela 17 __crt0__fini 0
	    18    0x00 0x05 0x65 0x93  ori x11,x10,0
	    22    0x86 0x36            mv x12, x13
	    24    0x00 0x00 0x00 0xef  jal x1, __cxa_atexit
	    28    0xff 0xc0 0x05 0x93  addi x11,x0,_ctors_end - 4
	    32    0xfe 0xb1 0x2a 0x23  sw x11,-12(x2)
	    36    0xae 0x01            j 14
	    38    0xff 0xc6 0x05 0x93  addi x11,x12,-4
	    42    0x00 0x06 0x26 0x03  lw x12,0(x12)
	    46    0xfe 0xb1 0x2a 0x23  sw x11,-12(x2)
	    50    0x96 0x02            jalr x12
.label __ll1__start
	    52    0xff 0x41 0x26 0x03  lw x12,-12(x2)
	    56    0x00 0x00 0x65 0x93  ori x11,x0,_ctors_start
	    60    0x00 0x46 0x05 0x13  addi x10,x12,4
	    64    0xff 0xc5 0x06 0x13  addi x12,x10,-4
	    68    0xfc 0xb5 0x1f 0xe3  bne x10,x11,-34
	    72    0xff 0xc1 0x26 0x03  lw x12,-4(x2)
	    76    0xff 0x81 0x25 0x83  lw x11,-8(x2)
	    80    0x00 0x00 0x00 0xef  jal x1, _main
	    84    0xfe 0xa1 0x2e 0x23  sw x10,-4(x2)
	    88    0x00 0x00 0x05 0x37  lui x10, 0
	    92    0x00 0x00 0x00 0xef  jal x1, __cxa_finalize
	    96    0xff 0xc1 0x25 0x03  lw x10,-4(x2)
	   100    0x00 0x01            nop
.label _start__end last
	   102    0xbf 0xfd            j -2

.undef global text __cxa_atexit

.undef global text _main

.undef global text __cxa_finalize

.undef global text __crt0__fini_part_0

.undef global text __crt0__fini_part_1

.undef global data _ctors_end

.undef global data _ctors_start

