
; File generated by darts version O-2018.09#f5599cac26#190121, Tue May 28 12:03:23 2024
; Copyright 2014-2018 Synopsys, Inc. All rights reserved.
; darts -B -I.. +p -d -h -I../runtime/include -I../runtime/include -D__tct_patch__=300 -p +r -L +Ihex lib/Release/ctype.o tzscale

; Release: ipd O-2018.09-SP3
.data_segment_name
.rodata global 1 _ct_code DMb
	0x20
	0x20
	0x20
	0x20
	0x20
	0x20
	0x20
	0x20
	0x20
	0xe0
	0x60
	0x60
	0x60
	0x60
	0x20
	0x20
	0x20
	0x20
	0x20
	0x20
	0x20
	0x20
	0x20
	0x20
	0x20
	0x20
	0x20
	0x20
	0x20
	0x20
	0x20
	0x20
	0xc0
	0x10
	0x10
	0x10
	0x10
	0x10
	0x10
	0x10
	0x10
	0x10
	0x10
	0x10
	0x10
	0x10
	0x10
	0x10
	0xc
	0xc
	0xc
	0xc
	0xc
	0xc
	0xc
	0xc
	0xc
	0xc
	0x10
	0x10
	0x10
	0x10
	0x10
	0x10
	0x10
	0xa
	0xa
	0xa
	0xa
	0xa
	0xa
	0x2
	0x2
	0x2
	0x2
	0x2
	0x2
	0x2
	0x2
	0x2
	0x2
	0x2
	0x2
	0x2
	0x2
	0x2
	0x2
	0x2
	0x2
	0x2
	0x2
	0x10
	0x10
	0x10
	0x10
	0x10
	0x10
	0x9
	0x9
	0x9
	0x9
	0x9
	0x9
	0x1
	0x1
	0x1
	0x1
	0x1
	0x1
	0x1
	0x1
	0x1
	0x1
	0x1
	0x1
	0x1
	0x1
	0x1
	0x1
	0x1
	0x1
	0x1
	0x1
	0x10
	0x10
	0x10
	0x10
	0x20
	0x0
	0x0
	0x0
	0x0
	0x0
	0x0
	0x0
	0x0
	0x0
	0x0
	0x0
	0x0
	0x0
	0x0
	0x0
	0x0
	0x0
	0x0
	0x0
	0x0
	0x0
	0x0
	0x0
	0x0
	0x0
	0x0
	0x0
	0x0
	0x0
	0x0
	0x0
	0x0
	0x0
	0x0
	0x0
	0x0
	0x0
	0x0
	0x0
	0x0
	0x0
	0x0
	0x0
	0x0
	0x0
	0x0
	0x0
	0x0
	0x0
	0x0
	0x0
	0x0
	0x0
	0x0
	0x0
	0x0
	0x0
	0x0
	0x0
	0x0
	0x0
	0x0
	0x0
	0x0
	0x0
	0x0
	0x0
	0x0
	0x0
	0x0
	0x0
	0x0
	0x0
	0x0
	0x0
	0x0
	0x0
	0x0
	0x0
	0x0
	0x0
	0x0
	0x0
	0x0
	0x0
	0x0
	0x0
	0x0
	0x0
	0x0
	0x0
	0x0
	0x0
	0x0
	0x0
	0x0
	0x0
	0x0
	0x0
	0x0
	0x0
	0x0
	0x0
	0x0
	0x0
	0x0
	0x0
	0x0
	0x0
	0x0
	0x0
	0x0
	0x0
	0x0
	0x0
	0x0
	0x0
	0x0
	0x0
	0x0
	0x0
	0x0
	0x0
	0x0
	0x0
	0x0
	0x0
	0x0

