
; File generated by darts version O-2018.09#f5599cac26#190121, Tue May 28 12:03:43 2024
; Copyright 2014-2018 Synopsys, Inc. All rights reserved.
; darts -B -I.. +p -d -h -I../runtime/include -I../runtime/include -D__tct_patch__=300 -p +r -L +Ihex lib/Release/malloc.o tzscale

; Release: ipd O-2018.09-SP3
.data_segment_name
.bss local 4 __malloc_pool DMb 1040

.data_segment_name
.data local 1 __malloc_sentinel DMb_stat
	0x0
	0x0
	0x0
	0x0

.text_segment_name
.text local 0 __malloc_void_init
.rela 16 __malloc_pool 0
	     0    0x00 0x00 0x01 0xb7  lui x3, 0
.rela 17 __malloc_pool 0
	     4    0x00 0x01 0xe1 0x93  ori x3,x3,0
	     8    0x40 0x01 0x82 0x13  addi x4,x3,1024
	    12    0x80 0x00 0x03 0x37  lui x6, -524288
	    16    0x00 0x62 0x20 0x23  sw x6,0(x4)
	    20    0x40 0x41 0x82 0x93  addi x5,x3,1028
	    24    0x00 0x42 0xa0 0x23  sw x4,0(x5)
	    28    0x40 0x41 0xa4 0x23  sw x4,1032(x3)
	    32    0x04 0x00 0x03 0x13  addi x6,x0,64
	    36    0x00 0x61 0xa0 0x23  sw x6,0(x3)
	    40    0x00 0x02 0xa3 0x03  lw x6,0(x5)
	    44    0x00 0x40 0x20 0x23  sw x4,__malloc_sentinel(x0)
	    48    0x00 0x03 0x02 0x63  beq x6,x0,4
	    52    0x00 0x33 0x24 0x23  sw x3,8(x6)
	    56    0x00 0x02 0xa3 0x03  lw x6,0(x5)
	    60    0x00 0x61 0xa2 0x23  sw x6,4(x3)
	    64    0x00 0x41 0xa4 0x23  sw x4,8(x3)
	    68    0x00 0x32 0xa0 0x23  sw x3,0(x5)
.label __malloc_void_init__end last
.rts
	    72    0x00 0x00 0x80 0x67  jalr x0, x1, 0

.undef local data __malloc_sentinel

.undef local data __malloc_pool

.undef local data __malloc_sentinel

.undef local text __malloc_void_init

.undef local data __malloc_sentinel

.text_segment_name
.text global 0 free
	     0    0xcd 0x05            beqz x10,56
	     2    0xff 0xc5 0x01 0x93  addi x3,x10,-4
	     6    0x7f 0xff 0xf2 0xb7  lui x5, 524287
	    10    0x00 0x01 0xa2 0x03  lw x4,0(x3)
	    14    0xff 0xf2 0xe2 0x93  ori x5,x5,4095
	    18    0x00 0x52 0x72 0xb3  and x5,x4,x5
	    22    0x00 0x00 0x22 0x03  lw x4,__malloc_sentinel(x0)
	    26    0x00 0x51 0xa0 0x23  sw x5,0(x3)
	    30    0x00 0x42 0x22 0x83  lw x5,4(x4)
	    34    0x00 0x02 0x82 0x63  beq x5,x0,4
	    38    0x00 0x32 0xa4 0x23  sw x3,8(x5)
	    42    0x00 0x42 0x22 0x83  lw x5,4(x4)
	    46    0x00 0x55 0x20 0x23  sw x5,0(x10)
	    50    0x00 0x45 0x22 0x23  sw x4,4(x10)
	    54    0x00 0x32 0x22 0x23  sw x3,4(x4)
.label free__end last
.rts
	    58    0x00 0x00 0x80 0x67  jalr x0, x1, 0

.text_segment_name
.text global 0 malloc
	     0    0x00 0x00 0x65 0x13  ori x10,x0,__malloc_sentinel
	     4    0x00 0x05 0x21 0x83  lw x3,0(x10)
	     8    0x08 0x11            addi x2, 8
	    10    0x00 0x01 0x9c 0x63  bne x3,x0,24
	    14    0xfe 0x11 0x2e 0x23  sw x1,-4(x2)
	    18    0xfe 0xb1 0x2c 0x23  sw x11,-8(x2)
	    22    0x00 0x00 0x00 0xef  jal x1, __malloc_void_init
	    26    0xff 0x81 0x25 0x83  lw x11,-8(x2)
	    30    0xff 0xc1 0x20 0x83  lw x1,-4(x2)
	    34    0x00 0x00 0x65 0x13  ori x10,x0,__malloc_sentinel
	    38    0x00 0x05 0x22 0x03  lw x4,0(x10)
	    42    0x13 0x59            addi x11, 19
	    44    0x00 0x45 0xd2 0x93  srli x5,x11,4
	    48    0x7f 0xff 0xf5 0x37  lui x10, 524287
	    52    0x00 0x42 0x25 0x83  lw x11,4(x4)
	    56    0x80 0x00 0x01 0xb7  lui x3, -524288
	    60    0xff 0xf5 0x63 0x13  ori x6,x10,4095
	    64    0xb4 0x81            j 100
	    66    0x00 0x05 0xa3 0x83  lw x7,0(x11)
	    70    0x00 0x73 0x75 0x33  and x10,x6,x7
	    74    0x00 0x45 0x14 0x13  slli x8,x10,4
	    78    0x00 0xb4 0x06 0x33  add x12,x8,x11
	    82    0x00 0x06 0x24 0x03  lw x8,0(x12)
	    86    0x00 0x46 0x04 0x93  addi x9,x12,4
	    90    0x00 0x34 0x76 0xb3  and x13,x8,x3
	    94    0x02 0x06 0x9a 0x63  bne x13,x0,52
	    98    0x00 0x86 0x26 0x83  lw x13,8(x12)
	   102    0x00 0x06 0x84 0x63  beq x13,x0,8
	   106    0x00 0x46 0x27 0x03  lw x14,4(x12)
	   110    0x00 0xe6 0xa2 0x23  sw x14,4(x13)
	   114    0x00 0x46 0x26 0x03  lw x12,4(x12)
	   118    0x00 0x06 0x04 0x63  beq x12,x0,8
	   122    0x00 0x44 0xa4 0x83  lw x9,4(x9)
	   126    0x00 0x96 0x24 0x23  sw x9,8(x12)
	   130    0x00 0x64 0x74 0x33  and x8,x8,x6
	   134    0x00 0x71 0xf3 0xb3  and x7,x3,x7
	   138    0x95 0x22            add x10, x8
	   140    0x00 0x75 0x65 0x33  or x10,x10,x7
	   144    0x00 0xa5 0xa0 0x23  sw x10,0(x11)
	   148    0xbd 0x75            j -84
.label __ll2_malloc
	   150    0x00 0x05 0xa5 0x03  lw x10,0(x11)
	   154    0x00 0x65 0x75 0x33  and x10,x10,x6
	   158    0x00 0x55 0x74 0x63  bgeu x10,x5,8
	   162    0x00 0x45 0xa5 0x83  lw x11,4(x11)
.label __ll3_malloc
	   166    0xf8 0x45 0x9c 0xe3  bne x11,x4,-104
.label __ll4_malloc
	   170    0x06 0x45 0x8a 0x63  beq x11,x4,116
	   174    0x00 0x05 0xa3 0x83  lw x7,0(x11)
	   178    0x00 0x45 0x85 0x13  addi x10,x11,4
	   182    0x00 0x73 0x74 0x33  and x8,x6,x7
	   186    0x02 0x82 0xfb 0x63  bgeu x5,x8,54
	   190    0x40 0x54 0x04 0x33  sub x8,x8,x5
	   194    0x00 0x42 0x93 0x93  slli x7,x5,4
	   198    0x00 0x64 0x74 0x33  and x8,x8,x6
	   202    0x93 0xae            add x7, x11
	   204    0x00 0x42 0x23 0x03  lw x6,4(x4)
	   208    0x00 0x32 0xe2 0xb3  or x5,x5,x3
	   212    0x00 0x83 0xa0 0x23  sw x8,0(x7)
	   216    0x00 0x55 0xa0 0x23  sw x5,0(x11)
	   220    0x00 0x03 0x02 0x63  beq x6,x0,4
	   224    0x00 0x73 0x24 0x23  sw x7,8(x6)
	   228    0x00 0x42 0x22 0x83  lw x5,4(x4)
	   232    0x00 0x53 0xa2 0x23  sw x5,4(x7)
	   236    0x00 0x43 0xa4 0x23  sw x4,8(x7)
	   240    0x00 0x72 0x22 0x23  sw x7,4(x4)
	   244    0x00 0x85 0xa2 0x03  lw x4,8(x11)
	   248    0x00 0x02 0x04 0x63  beq x4,x0,8
	   252    0x00 0x45 0xa2 0x83  lw x5,4(x11)
	   256    0x00 0x52 0x22 0x23  sw x5,4(x4)
	   260    0x00 0x45 0xa2 0x03  lw x4,4(x11)
	   264    0x00 0x02 0x04 0x63  beq x4,x0,8
	   268    0x00 0x45 0x22 0x83  lw x5,4(x10)
	   272    0x00 0x52 0x24 0x23  sw x5,8(x4)
	   276    0x00 0x05 0xa2 0x03  lw x4,0(x11)
	   280    0x00 0x32 0x61 0xb3  or x3,x4,x3
	   284    0x00 0x35 0xa0 0x23  sw x3,0(x11)
	   288    0xa4 0x01            j 4
	   290    0x00 0x00 0x05 0x37  lui x10, 0
	   294    0x18 0x15            addi x2, -8
.label malloc__end last
.rts
	   296    0x00 0x00 0x80 0x67  jalr x0, x1, 0

.text_segment_name
.text global 0 __sint_block_size___Pvoid
	     0    0x7f 0xff 0xf5 0x37  lui x10, 524287
	     4    0xff 0xc5 0xa5 0x83  lw x11,-4(x11)
	     8    0xff 0xf5 0x65 0x13  ori x10,x10,4095
	    12    0x00 0xb5 0x75 0x33  and x10,x10,x11
	    16    0x05 0x12            slli x10, 4
	    18    0x1c 0x55            addi x10, -4
.label __sint_block_size___Pvoid__end last
.rts
	    20    0x00 0x00 0x80 0x67  jalr x0, x1, 0

.text_segment_name
.text global 0 calloc
	     0    0x0c 0x11            addi x2, 12
	     2    0x02 0xb6 0x05 0xb3  mul x11,x12,x11
	     6    0xfe 0xb1 0x2e 0x23  sw x11,-4(x2)
	    10    0xfe 0x11 0x2c 0x23  sw x1,-8(x2)
	    14    0x00 0x00 0x00 0xef  jal x1, malloc
	    18    0xfe 0xa1 0x2a 0x23  sw x10,-12(x2)
	    22    0xc5 0x19            beqz x10,14
	    24    0xff 0xc1 0x26 0x83  lw x13,-4(x2)
	    28    0x00 0x00 0x06 0x37  lui x12, 0
	    32    0x85 0xaa            mv x11, x10
	    34    0x00 0x00 0x00 0xef  jal x1, memset
	    38    0xff 0x81 0x20 0x83  lw x1,-8(x2)
	    42    0xff 0x41 0x25 0x03  lw x10,-12(x2)
	    46    0x14 0x15            addi x2, -12
.label calloc__end last
.rts
	    48    0x00 0x00 0x80 0x67  jalr x0, x1, 0

.undef global text malloc

.undef global text memset

.text_segment_name
.text global 0 realloc
	     0    0x10 0x11            addi x2, 16
	     2    0xfe 0xc1 0x2e 0x23  sw x12,-4(x2)
	     6    0xfe 0xb1 0x2c 0x23  sw x11,-8(x2)
	    10    0xfe 0x11 0x2a 0x23  sw x1,-12(x2)
	    14    0xe5 0x91            bnez x11,12
	    16    0xff 0x41 0x20 0x83  lw x1,-12(x2)
	    20    0x10 0x15            addi x2, -16
	    22    0x85 0xb2            mv x11, x12
	    24    0x00 0x00 0x00 0x6f  jal x0, malloc
	    28    0xea 0x19            bnez x12,22
	    30    0xff 0x81 0x25 0x03  lw x10,-8(x2)
	    34    0x00 0x00 0x00 0xef  jal x1, free
	    38    0xff 0x41 0x20 0x83  lw x1,-12(x2)
	    42    0x10 0x15            addi x2, -16
	    44    0x00 0x00 0x05 0x37  lui x10, 0
.rts
	    48    0x00 0x00 0x80 0x67  jalr x0, x1, 0
	    52    0x85 0xb2            mv x11, x12
	    54    0x00 0x00 0x00 0xef  jal x1, malloc
	    58    0xc5 0x1d            beqz x10,46
	    60    0xff 0x81 0x25 0x83  lw x11,-8(x2)
	    64    0xfe 0xa1 0x28 0x23  sw x10,-16(x2)
	    68    0x00 0x00 0x00 0xef  jal x1, __sint_block_size___Pvoid
	    72    0xff 0xc1 0x20 0x83  lw x1,-4(x2)
	    76    0x86 0xaa            mv x13, x10
	    78    0x00 0x16 0xe1 0x63  bltu x13,x1,2
	    82    0x86 0x86            mv x13, x1
	    84    0xff 0x81 0x26 0x03  lw x12,-8(x2)
	    88    0xff 0x01 0x25 0x83  lw x11,-16(x2)
	    92    0x00 0x00 0x00 0xef  jal x1, memcpy
	    96    0xff 0x81 0x25 0x03  lw x10,-8(x2)
	   100    0x00 0x00 0x00 0xef  jal x1, free
	   104    0xa4 0x01            j 4
	   106    0xfe 0xa1 0x28 0x23  sw x10,-16(x2)
	   110    0xff 0x41 0x20 0x83  lw x1,-12(x2)
	   114    0xff 0x01 0x25 0x03  lw x10,-16(x2)
	   118    0x10 0x15            addi x2, -16
.label realloc__end last
.rts
	   120    0x00 0x00 0x80 0x67  jalr x0, x1, 0

.undef global text free

.undef global text malloc

.undef global text __sint_block_size___Pvoid

.undef global text memcpy

