
; File generated by darts version O-2018.09#f5599cac26#190121, Tue May 28 12:03:41 2024
; Copyright 2014-2018 Synopsys, Inc. All rights reserved.
; darts -B -I.. +p -d -h -I../runtime/include -I../runtime/include -D__tct_patch__=300 -p +r -L +Ihex lib/Release/qsort.o tzscale

; Release: ipd O-2018.09-SP3
.text_segment_name
.text local 0 __qsort___P__cchar_med3___P__cchar___P__cchar___P__cchar___P__sint_____Pvoid___Pvoid
	     0    0x14 0x11            addi x2, 20
	     2    0xfe 0xe1 0x2e 0x23  sw x14,-4(x2)
	     6    0xfe 0xd1 0x2c 0x23  sw x13,-8(x2)
	    10    0xfe 0xc1 0x2a 0x23  sw x12,-12(x2)
	    14    0xfe 0xb1 0x28 0x23  sw x11,-16(x2)
	    18    0xfe 0x11 0x26 0x23  sw x1,-20(x2)
	    22    0x97 0x02            jalr x14
	    24    0xff 0xc1 0x27 0x03  lw x14,-4(x2)
	    28    0xff 0x81 0x26 0x03  lw x12,-8(x2)
	    32    0xff 0x41 0x25 0x83  lw x11,-12(x2)
	    36    0x02 0x05 0x44 0x63  blt x10,x0,40
	    40    0x97 0x02            jalr x14
	    42    0xff 0x81 0x26 0x03  lw x12,-8(x2)
	    46    0x00 0xa0 0x4c 0x63  blt x0,x10,24
	    50    0xff 0xc1 0x25 0x03  lw x10,-4(x2)
	    54    0xff 0x01 0x25 0x83  lw x11,-16(x2)
	    58    0x95 0x02            jalr x10
	    60    0xff 0x01 0x26 0x03  lw x12,-16(x2)
	    64    0x02 0x05 0x49 0x63  blt x10,x0,50
	    68    0xff 0x81 0x26 0x03  lw x12,-8(x2)
	    72    0xbc 0x01            j 44
	    74    0xff 0x41 0x26 0x03  lw x12,-12(x2)
	    78    0xb6 0x01            j 38
	    80    0x97 0x02            jalr x14
	    82    0xff 0x81 0x26 0x03  lw x12,-8(x2)
	    86    0x00 0x05 0x4c 0x63  blt x10,x0,24
	    90    0xff 0xc1 0x25 0x03  lw x10,-4(x2)
	    94    0xff 0x01 0x25 0x83  lw x11,-16(x2)
	    98    0x95 0x02            jalr x10
	   100    0xff 0x81 0x26 0x03  lw x12,-8(x2)
	   104    0x00 0x05 0x45 0x63  blt x10,x0,10
	   108    0xff 0x01 0x26 0x03  lw x12,-16(x2)
	   112    0xa4 0x01            j 4
	   114    0xff 0x41 0x26 0x03  lw x12,-12(x2)
	   118    0x85 0x32            mv x10, x12
	   120    0xfe 0xc1 0x26 0x03  lw x12,-20(x2)
	   124    0x0c 0x15            addi x2, -20
.label __qsort___P__cchar_med3___P__cchar___P__cchar___P__cchar___P__sint_____Pvoid___Pvoid__end last
.rts
	   126    0x00 0x06 0x00 0x67  jalr x0, x12, 0

.undef local text __qsort___P__cchar_med3___P__cchar___P__cchar___P__cchar___P__sint_____Pvoid___Pvoid

.text_segment_name
.text global 0 qsort
	     0    0x04 0x01 0x01 0x13  addi x2,x2,64
	     4    0xfe 0xc1 0x2e 0x23  sw x12,-4(x2)
.label __ll1_qsort
	     8    0x00 0x20 0x06 0x13  addi x12,x0,2
	    12    0x00 0x35 0x77 0x13  andi x14,x10,3
	    16    0xfe 0xc1 0x2a 0x23  sw x12,-12(x2)
	    20    0xfe 0x11 0x28 0x23  sw x1,-16(x2)
	    24    0xfe 0xd1 0x26 0x23  sw x13,-20(x2)
	    28    0xfe 0xa1 0x24 0x23  sw x10,-24(x2)
	    32    0xff 0xc1 0x21 0x83  lw x3,-4(x2)
	    36    0x02 0x07 0x10 0x63  bne x14,x0,32
	    40    0x00 0x31 0xf6 0x13  andi x12,x3,3
	    44    0x00 0x06 0x1c 0x63  bne x12,x0,24
	    48    0x00 0x00 0x06 0x37  lui x12, 0
	    52    0xfe 0xc1 0x2a 0x23  sw x12,-12(x2)
	    56    0x00 0x40 0x06 0x13  addi x12,x0,4
	    60    0x00 0xc1 0x84 0x63  beq x3,x12,8
	    64    0x00 0x10 0x06 0x13  addi x12,x0,1
	    68    0xfe 0xc1 0x2a 0x23  sw x12,-12(x2)
	    72    0xff 0xf1 0x82 0x93  addi x5,x3,-1
	    76    0x00 0x35 0x06 0x33  add x12,x10,x3
	    80    0x00 0x12 0x83 0x13  addi x6,x5,1
	    84    0xfe 0x51 0x22 0x23  sw x5,-28(x2)
	    88    0x02 0xb1 0x87 0x33  mul x14,x3,x11
	    92    0x00 0x21 0xd2 0x13  srli x4,x3,2
	    96    0xfe 0xc1 0x20 0x23  sw x12,-32(x2)
	   100    0x00 0xe5 0x02 0xb3  add x5,x10,x14
	   104    0x40 0x36 0x06 0x33  sub x12,x12,x3
	   108    0xfc 0x41 0x28 0x23  sw x4,-48(x2)
	   112    0xfc 0x61 0x2e 0x23  sw x6,-36(x2)
	   116    0xfc 0xc1 0x2c 0x23  sw x12,-40(x2)
	   120    0xfc 0x51 0x2a 0x23  sw x5,-44(x2)
	   124    0x00 0x70 0x02 0x13  addi x4,x0,7
	   128    0x87 0x36            mv x14, x13
	   130    0x52 0x45 0xe6 0x63  bltu x11,x4,1324
	   134    0xff 0xf5 0x86 0x13  addi x12,x11,-1
	   138    0x02 0x36 0x06 0xb3  mul x13,x12,x3
	   142    0x00 0x15 0xd6 0x13  srli x12,x11,1
	   146    0x02 0x36 0x06 0x33  mul x12,x12,x3
	   150    0x96 0xaa            add x13, x10
	   152    0x96 0x2a            add x12, x10
	   154    0xfc 0xd1 0x26 0x23  sw x13,-52(x2)
	   158    0x08 0xb2 0x75 0x63  bgeu x4,x11,138
	   162    0x02 0x80 0x01 0x93  addi x3,x0,40
	   166    0x06 0xb1 0xfa 0x63  bgeu x3,x11,116
	   170    0xff 0xc1 0x25 0x03  lw x10,-4(x2)
	   174    0x00 0x35 0xd5 0x93  srli x11,x11,3
	   178    0x02 0xb5 0x05 0x33  mul x10,x10,x11
	   182    0xfe 0x81 0x25 0x83  lw x11,-24(x2)
	   186    0x00 0x15 0x16 0x93  slli x13,x10,1
	   190    0xfc 0xa1 0x24 0x23  sw x10,-56(x2)
	   194    0x95 0x2e            add x10, x11
	   196    0xfc 0xd1 0x22 0x23  sw x13,-60(x2)
	   200    0xfc 0xc1 0x20 0x23  sw x12,-64(x2)
	   204    0x96 0xae            add x13, x11
	   206    0x86 0x2a            mv x12, x10
	   208    0x00 0x00 0x00 0xef  jal x1, __qsort___P__cchar_med3___P__cchar___P__cchar___P__cchar___P__sint_____Pvoid___Pvoid
	   212    0xfc 0x01 0x26 0x03  lw x12,-64(x2)
	   216    0xfc 0x81 0x25 0x83  lw x11,-56(x2)
	   220    0xfe 0xc1 0x27 0x03  lw x14,-20(x2)
	   224    0x00 0xb6 0x06 0xb3  add x13,x12,x11
	   228    0x40 0xb6 0x05 0xb3  sub x11,x12,x11
	   232    0xfc 0xa1 0x20 0x23  sw x10,-64(x2)
	   236    0x00 0x00 0x00 0xef  jal x1, __qsort___P__cchar_med3___P__cchar___P__cchar___P__cchar___P__sint_____Pvoid___Pvoid
	   240    0xfc 0x81 0x26 0x03  lw x12,-56(x2)
	   244    0xfc 0xc1 0x26 0x83  lw x13,-52(x2)
	   248    0xfc 0x41 0x25 0x83  lw x11,-60(x2)
	   252    0x40 0xc6 0x86 0x33  sub x12,x13,x12
	   256    0x40 0xb6 0x85 0xb3  sub x11,x13,x11
	   260    0xfe 0xc1 0x27 0x03  lw x14,-20(x2)
	   264    0xfc 0xa1 0x24 0x23  sw x10,-56(x2)
	   268    0x00 0x00 0x00 0xef  jal x1, __qsort___P__cchar_med3___P__cchar___P__cchar___P__cchar___P__sint_____Pvoid___Pvoid
	   272    0x86 0xaa            mv x13, x10
	   274    0xfc 0x01 0x25 0x03  lw x10,-64(x2)
	   278    0xfe 0xc1 0x27 0x03  lw x14,-20(x2)
	   282    0xfc 0x81 0x26 0x03  lw x12,-56(x2)
	   286    0x85 0xaa            mv x11, x10
	   288    0x00 0x00 0x00 0xef  jal x1, __qsort___P__cchar_med3___P__cchar___P__cchar___P__cchar___P__sint_____Pvoid___Pvoid
	   292    0xfd 0x01 0x25 0x83  lw x11,-48(x2)
	   296    0x86 0x2a            mv x12, x10
	   298    0xa4 0x01            j 4
	   300    0xfd 0x01 0x25 0x83  lw x11,-48(x2)
	   304    0xff 0x41 0x26 0x83  lw x13,-12(x2)
	   308    0x1f 0x5d            addi x11, -1
	   310    0x00 0x25 0x91 0x93  slli x3,x11,2
	   314    0xfe 0x81 0x22 0x03  lw x4,-24(x2)
	   318    0x00 0x10 0x07 0x13  addi x14,x0,1
	   322    0x06 0x06 0x81 0x63  beq x13,x0,98
	   326    0xfe 0x41 0x25 0x83  lw x11,-28(x2)
	   330    0x02 0xd7 0x56 0x63  bge x14,x13,44
	   334    0x95 0x92            add x11, x4
	   336    0x00 0x15 0x82 0x93  addi x5,x11,1
	   340    0xff 0x81 0x25 0x03  lw x10,-8(x2)
	   344    0xfe 0x01 0x25 0x83  lw x11,-32(x2)
	   348    0x00 0x00 0x04 0x37  lui x8, 0
	   352    0x00 0x06 0x03 0x03  lb x6,0(x12)
	   356    0x00 0x02 0x03 0x83  lb x7,0(x4)
	   360    0x00 0x62 0x00 0x23  sb x6,0(x4)
	   364    0x00 0x76 0x00 0x23  sb x7,0(x12)
	   368    0x01 0x21            addi x4, 1
	   370    0x01 0x61            addi x12, 1
	   372    0xfe 0x52 0x64 0xe3  bltu x4,x5,-24
	   376    0xaa 0x81            j 74
	   378    0x00 0x32 0x05 0xb3  add x11,x4,x3
	   382    0x00 0x45 0x82 0x93  addi x5,x11,4
	   386    0xff 0x81 0x25 0x03  lw x10,-8(x2)
	   390    0xfe 0x01 0x25 0x83  lw x11,-32(x2)
	   394    0x00 0x00 0x04 0x37  lui x8, 0
	   398    0x00 0x06 0x23 0x03  lw x6,0(x12)
	   402    0x00 0x02 0x23 0x83  lw x7,0(x4)
	   406    0x00 0x62 0x20 0x23  sw x6,0(x4)
	   410    0x00 0x76 0x20 0x23  sw x7,0(x12)
	   414    0x04 0x21            addi x4, 4
	   416    0x04 0x61            addi x12, 4
	   418    0xfe 0x52 0x64 0xe3  bltu x4,x5,-24
	   422    0xac 0x09            j 28
	   424    0x00 0x06 0x25 0x83  lw x11,0(x12)
	   428    0x00 0x02 0x25 0x03  lw x10,0(x4)
	   432    0x00 0xb2 0x20 0x23  sw x11,0(x4)
	   436    0x00 0xa6 0x20 0x23  sw x10,0(x12)
	   440    0xfe 0x01 0x25 0x83  lw x11,-32(x2)
	   444    0xff 0x81 0x25 0x03  lw x10,-8(x2)
	   448    0x00 0x00 0x04 0x37  lui x8, 0
	   452    0xfc 0xc1 0x26 0x03  lw x12,-52(x2)
	   456    0x00 0x41 0x82 0x93  addi x5,x3,4
	   460    0xff 0xc1 0x21 0x83  lw x3,-4(x2)
	   464    0xfd 0xc1 0x22 0x03  lw x4,-36(x2)
	   468    0xfe 0xc1 0x2c 0x23  sw x12,-8(x2)
	   472    0xfe 0x51 0x22 0x23  sw x5,-28(x2)
	   476    0xfc 0xb1 0x28 0x23  sw x11,-48(x2)
	   480    0xfd 0x01 0x23 0x03  lw x6,-48(x2)
	   484    0xb8 0x81            j 104
	   486    0x06 0x05 0x11 0x63  bne x10,x0,98
	   490    0x04 0x06 0x84 0x63  beq x13,x0,72
	   494    0x02 0xd7 0x51 0x63  bge x14,x13,34
	   498    0x00 0x62 0x03 0xb3  add x7,x4,x6
	   502    0x84 0x2e            mv x8, x11
	   504    0x84 0x9a            mv x9, x6
	   506    0x00 0x04 0x07 0x83  lb x15,0(x8)
	   510    0x00 0x04 0x88 0x03  lb x16,0(x9)
	   514    0x00 0xf4 0x80 0x23  sb x15,0(x9)
	   518    0x01 0x04 0x00 0x23  sb x16,0(x8)
	   522    0x01 0x49            addi x9, 1
	   524    0x01 0x41            addi x8, 1
	   526    0xfe 0x74 0xe4 0xe3  bltu x9,x7,-24
	   530    0xb2 0x09            j 50
	   532    0x00 0x53 0x03 0xb3  add x7,x6,x5
	   536    0x84 0x2e            mv x8, x11
	   538    0x84 0x9a            mv x9, x6
	   540    0x00 0x04 0x27 0x83  lw x15,0(x8)
	   544    0x00 0x04 0xa8 0x03  lw x16,0(x9)
	   548    0x00 0xf4 0xa0 0x23  sw x15,0(x9)
	   552    0x01 0x04 0x20 0x23  sw x16,0(x8)
	   556    0x04 0x49            addi x9, 4
	   558    0x04 0x41            addi x8, 4
	   560    0xfe 0x74 0xe4 0xe3  bltu x9,x7,-24
	   564    0xa0 0x09            j 16
	   566    0x00 0x05 0xa3 0x83  lw x7,0(x11)
	   570    0x00 0x03 0x24 0x03  lw x8,0(x6)
	   574    0x00 0x73 0x20 0x23  sw x7,0(x6)
	   578    0x00 0x85 0xa0 0x23  sw x8,0(x11)
	   582    0x93 0x0e            add x6, x3
	   584    0x00 0x10 0x04 0x13  addi x8,x0,1
	   588    0x95 0x8e            add x11, x3
.label __ll4_qsort
	   590    0x02 0xb6 0x6f 0x63  bltu x12,x11,62
	   594    0xfe 0xc1 0x25 0x03  lw x10,-20(x2)
	   598    0xfc 0x61 0x28 0x23  sw x6,-48(x2)
	   602    0xfc 0x81 0x24 0x23  sw x8,-56(x2)
	   606    0xfc 0xb1 0x22 0x23  sw x11,-60(x2)
	   610    0xfe 0x81 0x26 0x03  lw x12,-24(x2)
	   614    0x95 0x02            jalr x10
	   616    0xfc 0x41 0x25 0x83  lw x11,-60(x2)
	   620    0xfc 0xc1 0x26 0x03  lw x12,-52(x2)
	   624    0xfd 0x01 0x23 0x03  lw x6,-48(x2)
	   628    0xff 0xc1 0x21 0x83  lw x3,-4(x2)
	   632    0xff 0x41 0x26 0x83  lw x13,-12(x2)
	   636    0xfc 0x81 0x24 0x03  lw x8,-56(x2)
	   640    0xfd 0xc1 0x22 0x03  lw x4,-36(x2)
	   644    0xfe 0x41 0x22 0x83  lw x5,-28(x2)
	   648    0x00 0x10 0x07 0x13  addi x14,x0,1
	   652    0xf4 0xa0 0x5b 0xe3  bge x0,x10,-170
	   656    0xff 0x81 0x23 0x83  lw x7,-8(x2)
	   660    0xfc 0x61 0x28 0x23  sw x6,-48(x2)
	   664    0xfe 0xb1 0x2c 0x23  sw x11,-8(x2)
	   668    0x83 0x2e            mv x6, x11
	   670    0x85 0xb2            mv x11, x12
	   672    0xbc 0x81            j 108
	   674    0x06 0x05 0x12 0x63  bne x10,x0,100
	   678    0x04 0x06 0x84 0x63  beq x13,x0,72
	   682    0x02 0xd7 0x51 0x63  bge x14,x13,34
	   686    0x00 0xb2 0x06 0x33  add x12,x4,x11
	   690    0x84 0x2e            mv x8, x11
	   692    0x84 0x9e            mv x9, x7
	   694    0x00 0x04 0x87 0x83  lb x15,0(x9)
	   698    0x00 0x04 0x08 0x03  lb x16,0(x8)
	   702    0x00 0xf4 0x00 0x23  sb x15,0(x8)
	   706    0x01 0x04 0x80 0x23  sb x16,0(x9)
	   710    0x01 0x41            addi x8, 1
	   712    0x01 0x49            addi x9, 1
	   714    0xfe 0xc4 0x64 0xe3  bltu x8,x12,-24
	   718    0xb2 0x09            j 50
	   720    0x00 0xb2 0x86 0x33  add x12,x5,x11
	   724    0x84 0x2e            mv x8, x11
	   726    0x84 0x9e            mv x9, x7
	   728    0x00 0x04 0xa7 0x83  lw x15,0(x9)
	   732    0x00 0x04 0x28 0x03  lw x16,0(x8)
	   736    0x00 0xf4 0x20 0x23  sw x15,0(x8)
	   740    0x01 0x04 0xa0 0x23  sw x16,0(x9)
	   744    0x04 0x41            addi x8, 4
	   746    0x04 0x49            addi x9, 4
	   748    0xfe 0xc4 0x64 0xe3  bltu x8,x12,-24
	   752    0xa0 0x09            j 16
	   754    0x00 0x03 0xa6 0x03  lw x12,0(x7)
	   758    0x00 0x05 0xa4 0x03  lw x8,0(x11)
	   762    0x00 0xc5 0xa0 0x23  sw x12,0(x11)
	   766    0x00 0x83 0xa0 0x23  sw x8,0(x7)
	   770    0x40 0x33 0x83 0xb3  sub x7,x7,x3
	   774    0x00 0x10 0x04 0x13  addi x8,x0,1
	   778    0x40 0x35 0x85 0xb3  sub x11,x11,x3
.label __ll5_qsort
	   782    0x02 0x65 0xef 0x63  bltu x11,x6,62
	   786    0xfe 0xc1 0x25 0x03  lw x10,-20(x2)
	   790    0xfc 0x71 0x26 0x23  sw x7,-52(x2)
	   794    0xfc 0x81 0x24 0x23  sw x8,-56(x2)
	   798    0xfc 0xb1 0x22 0x23  sw x11,-60(x2)
	   802    0xfe 0x81 0x26 0x03  lw x12,-24(x2)
	   806    0x95 0x02            jalr x10
	   808    0xfc 0x41 0x25 0x83  lw x11,-60(x2)
	   812    0xff 0x81 0x23 0x03  lw x6,-8(x2)
	   816    0xfc 0xc1 0x23 0x83  lw x7,-52(x2)
	   820    0xff 0xc1 0x21 0x83  lw x3,-4(x2)
	   824    0xff 0x41 0x26 0x83  lw x13,-12(x2)
	   828    0xfc 0x81 0x24 0x03  lw x8,-56(x2)
	   832    0xfd 0xc1 0x22 0x03  lw x4,-36(x2)
	   836    0xfe 0x41 0x22 0x83  lw x5,-28(x2)
	   840    0x00 0x10 0x07 0x13  addi x14,x0,1
	   844    0xf4 0x05 0x59 0xe3  bge x10,x0,-174
	   848    0xfe 0x71 0x2c 0x23  sw x7,-8(x2)
	   852    0x06 0x65 0xe6 0x63  bltu x11,x6,108
	   856    0x04 0x06 0x84 0x63  beq x13,x0,72
	   860    0x02 0xd7 0x51 0x63  bge x14,x13,34
	   864    0x00 0x62 0x06 0x33  add x12,x4,x6
	   868    0x83 0x9a            mv x7, x6
	   870    0x84 0x2e            mv x8, x11
	   872    0x00 0x04 0x04 0x83  lb x9,0(x8)
	   876    0x00 0x03 0x87 0x83  lb x15,0(x7)
	   880    0x00 0x93 0x80 0x23  sb x9,0(x7)
	   884    0x00 0xf4 0x00 0x23  sb x15,0(x8)
	   888    0x01 0x39            addi x7, 1
	   890    0x01 0x41            addi x8, 1
	   892    0xfe 0xc3 0xe4 0xe3  bltu x7,x12,-24
	   896    0xb2 0x09            j 50
	   898    0x00 0x53 0x06 0x33  add x12,x6,x5
	   902    0x83 0x9a            mv x7, x6
	   904    0x84 0x2e            mv x8, x11
	   906    0x00 0x04 0x24 0x83  lw x9,0(x8)
	   910    0x00 0x03 0xa7 0x83  lw x15,0(x7)
	   914    0x00 0x93 0xa0 0x23  sw x9,0(x7)
	   918    0x00 0xf4 0x20 0x23  sw x15,0(x8)
	   922    0x04 0x39            addi x7, 4
	   924    0x04 0x41            addi x8, 4
	   926    0xfe 0xc3 0xe4 0xe3  bltu x7,x12,-24
	   930    0xa0 0x09            j 16
	   932    0x00 0x05 0xa6 0x03  lw x12,0(x11)
	   936    0x00 0x03 0x23 0x83  lw x7,0(x6)
	   940    0x00 0xc3 0x20 0x23  sw x12,0(x6)
	   944    0x00 0x75 0xa0 0x23  sw x7,0(x11)
	   948    0x40 0x35 0x86 0x33  sub x12,x11,x3
	   952    0x00 0x33 0x05 0xb3  add x11,x6,x3
	   956    0xfc 0xc1 0x26 0x23  sw x12,-52(x2)
	   960    0x84 0x3a            mv x8, x14
	   962    0xac 0x6d            j -484
.label __ll7_qsort
	   964    0xfd 0x01 0x26 0x03  lw x12,-48(x2)
	   968    0xfe 0x81 0x23 0x83  lw x7,-24(x2)
	   972    0x10 0x04 0x0c 0x63  beq x8,x0,280
	   976    0x40 0xc3 0x05 0x33  sub x10,x6,x12
	   980    0x40 0x76 0x06 0x33  sub x12,x12,x7
	   984    0x00 0xa6 0x41 0x63  blt x12,x10,2
	   988    0x86 0x2a            mv x12, x10
	   990    0x04 0xc0 0x5f 0x63  bge x0,x12,94
	   994    0x40 0xc3 0x02 0x33  sub x4,x6,x12
	   998    0x02 0xd7 0x54 0x63  bge x14,x13,40
	  1002    0x00 0x76 0x02 0xb3  add x5,x12,x7
	  1006    0xfd 0x41 0x26 0x03  lw x12,-44(x2)
	  1010    0x84 0x1e            mv x8, x7
	  1012    0x00 0x02 0x04 0x83  lb x9,0(x4)
	  1016    0x00 0x04 0x07 0x83  lb x15,0(x8)
	  1020    0x00 0x94 0x00 0x23  sb x9,0(x8)
	  1024    0x00 0xf2 0x00 0x23  sb x15,0(x4)
	  1028    0x01 0x41            addi x8, 1
	  1030    0x01 0x21            addi x4, 1
	  1032    0xfe 0x54 0x64 0xe3  bltu x8,x5,-24
	  1036    0xff 0x81 0x22 0x83  lw x5,-8(x2)
	  1040    0xb6 0x09            j 54
	  1042    0x00 0x26 0x56 0x13  srli x12,x12,2
	  1046    0x06 0x0a            slli x12, 2
	  1048    0x00 0x76 0x04 0x33  add x8,x12,x7
	  1052    0xfd 0x41 0x26 0x03  lw x12,-44(x2)
	  1056    0xff 0x81 0x22 0x83  lw x5,-8(x2)
	  1060    0x84 0x9e            mv x9, x7
	  1062    0x00 0x02 0x27 0x83  lw x15,0(x4)
	  1066    0x00 0x04 0xa8 0x03  lw x16,0(x9)
	  1070    0x00 0xf4 0xa0 0x23  sw x15,0(x9)
	  1074    0x01 0x02 0x20 0x23  sw x16,0(x4)
	  1078    0x04 0x49            addi x9, 4
	  1080    0x04 0x21            addi x4, 4
	  1082    0xfe 0x84 0xe4 0xe3  bltu x9,x8,-24
	  1086    0xa8 0x01            j 8
	  1088    0xfd 0x41 0x26 0x03  lw x12,-44(x2)
	  1092    0xff 0x81 0x22 0x83  lw x5,-8(x2)
	  1096    0x40 0xb2 0x85 0xb3  sub x11,x5,x11
	  1100    0x40 0x56 0x02 0x33  sub x4,x12,x5
	  1104    0x40 0x32 0x02 0x33  sub x4,x4,x3
	  1108    0xfe 0xb1 0x2c 0x23  sw x11,-8(x2)
	  1112    0x00 0x45 0xc1 0x63  blt x11,x4,2
	  1116    0x85 0x92            mv x11, x4
	  1118    0x04 0xb0 0x52 0x63  bge x0,x11,68
	  1122    0x40 0xb6 0x06 0x33  sub x12,x12,x11
	  1126    0x00 0xd7 0x5e 0x63  bge x14,x13,28
	  1130    0x95 0x9a            add x11, x6
	  1132    0x00 0x06 0x06 0x83  lb x13,0(x12)
	  1136    0x00 0x03 0x07 0x03  lb x14,0(x6)
	  1140    0x00 0xd3 0x00 0x23  sb x13,0(x6)
	  1144    0x00 0xe6 0x00 0x23  sb x14,0(x12)
	  1148    0x01 0x31            addi x6, 1
	  1150    0x01 0x61            addi x12, 1
	  1152    0xfe 0xb3 0x64 0xe3  bltu x6,x11,-24
	  1156    0xb0 0x01            j 32
	  1158    0x00 0x25 0xd5 0x93  srli x11,x11,2
	  1162    0x05 0x8a            slli x11, 2
	  1164    0x95 0x9a            add x11, x6
	  1166    0x00 0x06 0x26 0x83  lw x13,0(x12)
	  1170    0x00 0x03 0x27 0x03  lw x14,0(x6)
	  1174    0x00 0xd3 0x20 0x23  sw x13,0(x6)
	  1178    0x00 0xe6 0x20 0x23  sw x14,0(x12)
	  1182    0x04 0x31            addi x6, 4
	  1184    0x04 0x61            addi x12, 4
	  1186    0xfe 0xb3 0x64 0xe3  bltu x6,x11,-24
	  1190    0xfe 0xc1 0x26 0x83  lw x13,-20(x2)
	  1194    0x00 0xa1 0xdb 0x63  bge x3,x10,22
	  1198    0x02 0x35 0x55 0xb3  divu x11, x10,x3
	  1202    0x86 0x0e            mv x12, x3
	  1204    0x85 0x1e            mv x10, x7
	  1206    0x00 0x00 0x00 0xef  jal x1, qsort
	  1210    0xff 0xc1 0x21 0x83  lw x3,-4(x2)
	  1214    0xff 0x81 0x25 0x03  lw x10,-8(x2)
	  1218    0xa4 0x01            j 4
	  1220    0xff 0x81 0x25 0x03  lw x10,-8(x2)
	  1224    0xfd 0x41 0x26 0x03  lw x12,-44(x2)
	  1228    0x00 0xa1 0xd9 0x63  bge x3,x10,18
	  1232    0x02 0x35 0x55 0xb3  divu x11, x10,x3
	  1236    0xff 0x01 0x20 0x83  lw x1,-16(x2)
	  1240    0xfe 0xc1 0x26 0x83  lw x13,-20(x2)
	  1244    0x40 0xa6 0x05 0x33  sub x10,x12,x10
	  1248    0xb6 0x35            j -1242
	  1250    0xff 0x01 0x25 0x83  lw x11,-16(x2)
	  1254    0xbd 0x11            j 428
	  1256    0xfd 0x81 0x25 0x83  lw x11,-40(x2)
	  1260    0xfe 0x01 0x25 0x03  lw x10,-32(x2)
	  1264    0xfd 0x41 0x26 0x03  lw x12,-44(x2)
	  1268    0xb3 0x09            j 178
	  1270    0xfe 0xa1 0x2c 0x23  sw x10,-8(x2)
	  1274    0xfe 0xb1 0x20 0x23  sw x11,-32(x2)
	  1278    0xb0 0x81            j 96
	  1280    0x40 0x36 0x05 0x33  sub x10,x12,x3
	  1284    0x40 0x35 0x85 0xb3  sub x11,x11,x3
	  1288    0x04 0x06 0x82 0x63  beq x13,x0,68
	  1292    0x02 0xd7 0x50 0x63  bge x14,x13,32
	  1296    0x00 0xc2 0x03 0x33  add x6,x4,x12
	  1300    0x84 0x2a            mv x8, x10
	  1302    0x00 0x04 0x04 0x83  lb x9,0(x8)
	  1306    0x00 0x06 0x07 0x83  lb x15,0(x12)
	  1310    0x00 0x96 0x00 0x23  sb x9,0(x12)
	  1314    0x00 0xf4 0x00 0x23  sb x15,0(x8)
	  1318    0x01 0x61            addi x12, 1
	  1320    0x01 0x41            addi x8, 1
	  1322    0xfe 0x66 0x64 0xe3  bltu x12,x6,-24
	  1326    0xb0 0x09            j 48
	  1328    0x00 0x56 0x03 0x33  add x6,x12,x5
	  1332    0x84 0x2a            mv x8, x10
	  1334    0x00 0x04 0x24 0x83  lw x9,0(x8)
	  1338    0x00 0x06 0x27 0x83  lw x15,0(x12)
	  1342    0x00 0x96 0x20 0x23  sw x9,0(x12)
	  1346    0x00 0xf4 0x20 0x23  sw x15,0(x8)
	  1350    0x04 0x61            addi x12, 4
	  1352    0x04 0x41            addi x8, 4
	  1354    0xfe 0x66 0x64 0xe3  bltu x12,x6,-24
	  1358    0xa0 0x09            j 16
	  1360    0x00 0x05 0x23 0x03  lw x6,0(x10)
	  1364    0x00 0x06 0x24 0x03  lw x8,0(x12)
	  1368    0x00 0x66 0x20 0x23  sw x6,0(x12)
	  1372    0x00 0x85 0x20 0x23  sw x8,0(x10)
.label __ll8_qsort
	  1376    0x86 0x2a            mv x12, x10
	  1378    0x02 0xc3 0xf9 0x63  bgeu x7,x12,50
	  1382    0xfe 0xc1 0x25 0x03  lw x10,-20(x2)
	  1386    0xfc 0xc1 0x2c 0x23  sw x12,-40(x2)
	  1390    0xfc 0xb1 0x28 0x23  sw x11,-48(x2)
	  1394    0x95 0x02            jalr x10
	  1396    0xff 0xc1 0x21 0x83  lw x3,-4(x2)
	  1400    0xfd 0x01 0x25 0x83  lw x11,-48(x2)
	  1404    0xff 0x41 0x26 0x83  lw x13,-12(x2)
	  1408    0xfe 0x81 0x23 0x83  lw x7,-24(x2)
	  1412    0xfd 0x81 0x26 0x03  lw x12,-40(x2)
	  1416    0xfd 0xc1 0x22 0x03  lw x4,-36(x2)
	  1420    0xfe 0x41 0x22 0x83  lw x5,-28(x2)
	  1424    0x00 0x10 0x07 0x13  addi x14,x0,1
	  1428    0xf6 0xa0 0x44 0xe3  blt x0,x10,-152
	  1432    0xfe 0x01 0x25 0x83  lw x11,-32(x2)
	  1436    0xff 0x81 0x25 0x03  lw x10,-8(x2)
	  1440    0xfd 0x41 0x26 0x03  lw x12,-44(x2)
	  1444    0x95 0x0e            add x10, x3
	  1446    0x95 0x8e            add x11, x3
.label __ll9_qsort
	  1448    0xf4 0xc5 0x65 0xe3  bltu x10,x12,-182
	  1452    0xff 0x01 0x25 0x83  lw x11,-16(x2)
	  1456    0xb3 0x81            j 226
	  1458    0xfd 0x01 0x25 0x83  lw x11,-48(x2)
	  1462    0x87 0x2a            mv x14, x10
	  1464    0x00 0x25 0x92 0x93  slli x5,x11,2
	  1468    0xff 0x41 0x26 0x83  lw x13,-12(x2)
	  1472    0xfe 0x01 0x25 0x03  lw x10,-32(x2)
	  1476    0xfd 0xc1 0x22 0x03  lw x4,-36(x2)
	  1480    0xfd 0x41 0x26 0x03  lw x12,-44(x2)
	  1484    0xfd 0x81 0x25 0x83  lw x11,-40(x2)
	  1488    0xfe 0x51 0x2c 0x23  sw x5,-8(x2)
	  1492    0x00 0x10 0x03 0x13  addi x6,x0,1
	  1496    0xb3 0x09            j 178
	  1498    0xfe 0xa1 0x22 0x23  sw x10,-28(x2)
	  1502    0xfe 0xb1 0x20 0x23  sw x11,-32(x2)
	  1506    0xb0 0x81            j 96
	  1508    0x40 0x36 0x05 0x33  sub x10,x12,x3
	  1512    0x40 0x35 0x85 0xb3  sub x11,x11,x3
	  1516    0x04 0x06 0x82 0x63  beq x13,x0,68
	  1520    0x02 0xd3 0x50 0x63  bge x6,x13,32
	  1524    0x00 0xc2 0x03 0xb3  add x7,x4,x12
	  1528    0x84 0x2a            mv x8, x10
	  1530    0x00 0x04 0x04 0x83  lb x9,0(x8)
	  1534    0x00 0x06 0x07 0x83  lb x15,0(x12)
	  1538    0x00 0x96 0x00 0x23  sb x9,0(x12)
	  1542    0x00 0xf4 0x00 0x23  sb x15,0(x8)
	  1546    0x01 0x61            addi x12, 1
	  1548    0x01 0x41            addi x8, 1
	  1550    0xfe 0x76 0x64 0xe3  bltu x12,x7,-24
	  1554    0xb0 0x09            j 48
	  1556    0x00 0x56 0x03 0xb3  add x7,x12,x5
	  1560    0x84 0x2a            mv x8, x10
	  1562    0x00 0x04 0x24 0x83  lw x9,0(x8)
	  1566    0x00 0x06 0x27 0x83  lw x15,0(x12)
	  1570    0x00 0x96 0x20 0x23  sw x9,0(x12)
	  1574    0x00 0xf4 0x20 0x23  sw x15,0(x8)
	  1578    0x04 0x61            addi x12, 4
	  1580    0x04 0x41            addi x8, 4
	  1582    0xfe 0x76 0x64 0xe3  bltu x12,x7,-24
	  1586    0xa0 0x09            j 16
	  1588    0x00 0x05 0x23 0x83  lw x7,0(x10)
	  1592    0x00 0x06 0x24 0x03  lw x8,0(x12)
	  1596    0x00 0x76 0x20 0x23  sw x7,0(x12)
	  1600    0x00 0x85 0x20 0x23  sw x8,0(x10)
.label __ll2_qsort
	  1604    0x86 0x2a            mv x12, x10
	  1606    0x02 0xc7 0x79 0x63  bgeu x14,x12,50
	  1610    0xfe 0xc1 0x25 0x03  lw x10,-20(x2)
	  1614    0xfc 0xc1 0x2c 0x23  sw x12,-40(x2)
	  1618    0xfc 0xb1 0x28 0x23  sw x11,-48(x2)
	  1622    0x95 0x02            jalr x10
	  1624    0xff 0xc1 0x21 0x83  lw x3,-4(x2)
	  1628    0xfd 0x01 0x25 0x83  lw x11,-48(x2)
	  1632    0xff 0x41 0x26 0x83  lw x13,-12(x2)
	  1636    0xfe 0x81 0x27 0x03  lw x14,-24(x2)
	  1640    0xfd 0x81 0x26 0x03  lw x12,-40(x2)
	  1644    0xfd 0xc1 0x22 0x03  lw x4,-36(x2)
	  1648    0xff 0x81 0x22 0x83  lw x5,-8(x2)
	  1652    0x00 0x10 0x03 0x13  addi x6,x0,1
	  1656    0xf6 0xa0 0x44 0xe3  blt x0,x10,-152
	  1660    0xfe 0x01 0x25 0x83  lw x11,-32(x2)
	  1664    0xfe 0x41 0x25 0x03  lw x10,-28(x2)
	  1668    0xfd 0x41 0x26 0x03  lw x12,-44(x2)
	  1672    0x95 0x0e            add x10, x3
	  1674    0x95 0x8e            add x11, x3
.label __ll3_qsort
	  1676    0xf4 0xc5 0x65 0xe3  bltu x10,x12,-182
	  1680    0xff 0x01 0x25 0x83  lw x11,-16(x2)
	  1684    0xfc 0x01 0x01 0x13  addi x2,x2,-64
.label qsort__end last
.rts
	  1688    0x00 0x05 0x80 0x67  jalr x0, x11, 0

