
; File generated by darts version O-2018.09#f5599cac26#190121, Tue May 28 12:03:39 2024
; Copyright 2014-2018 Synopsys, Inc. All rights reserved.
; darts -B -I.. +p -d -h -I../runtime/include -I../runtime/include -D__tct_patch__=300 -p +r -L +Ihex lib/Release/rand.o tzscale

; Release: ipd O-2018.09-SP3
.data_segment_name
.data local 1 __rand_next DMb_stat
	0x1
	0x0
	0x0
	0x0

.undef local data __rand_next

.undef local data __rand_next

.text_segment_name
.text global 0 rand
	     0    0x41 0xc6 0x41 0xb7  lui x3, 269412
	     4    0xe6 0xd1 0xe2 0x13  ori x4,x3,3693
	     8    0x00 0x00 0x25 0x03  lw x10,__rand_next(x0)
	    12    0x00 0x00 0x31 0xb7  lui x3, 3
	    16    0x02 0xa2 0x05 0x33  mul x10,x4,x10
	    20    0x03 0x91 0xe1 0x93  ori x3,x3,57
	    24    0x91 0xaa            add x3, x10
	    26    0x00 0x30 0x20 0x23  sw x3,__rand_next(x0)
	    30    0x00 0x00 0x75 0x37  lui x10, 7
	    34    0x01 0x01 0xd1 0x93  srli x3,x3,16
	    38    0xff 0xf5 0x65 0x13  ori x10,x10,4095
	    42    0x00 0x35 0x75 0x33  and x10,x10,x3
.label rand__end last
.rts
	    46    0x00 0x00 0x80 0x67  jalr x0, x1, 0

.text_segment_name
.text global 0 srand
	     0    0x00 0xa0 0x20 0x23  sw x10,__rand_next(x0)
.label srand__end last
.rts
	     4    0x00 0x00 0x80 0x67  jalr x0, x1, 0

