
; File generated by darts version O-2018.09#f5599cac26#190121, Tue May 28 12:03:30 2024
; Copyright 2014-2018 Synopsys, Inc. All rights reserved.
; darts -B -I.. +p -d -h -I../runtime/include -I../runtime/include -D__tct_patch__=300 -p +r -L +Ihex lib/Release/stdio.o tzscale

; Release: ipd O-2018.09-SP3
.data_segment_name
.bss local 1 __stdio__hosted_clib_files DMb 128

.data_segment_name
.data local 1 __stdio__stdin DMb
	0x0
	0x0
	0x0
	0x0
	0x1
	0x0
	0x0
	0x0

.data_segment_name
.data local 1 __stdio__stdout DMb
	0x1
	0x0
	0x0
	0x0
	0x1
	0x0
	0x0
	0x0

.data_segment_name
.data local 1 __stdio__stderr DMb
	0x2
	0x0
	0x0
	0x0
	0x1
	0x0
	0x0
	0x0

.data_segment_name
.rodata local 1 __stdio___strc60893a8 DMb
	0x44
	0x4d
	0x62
	0x0

.text_segment_name
.text local 0 __stdio_void_clib_hosted_io___PHosted_clib_vars
.label __stdio_void_clib_hosted_io___PHosted_clib_vars__end last
.rts
	     0    0x00 0x00 0x80 0x67  jalr x0, x1, 0

.undef local text __stdio_void_clib_hosted_io___PHosted_clib_vars

.undef local data __stdio__hosted_clib_files

.undef local text __stdio_void_clib_hosted_io___PHosted_clib_vars

.undef local text __stdio_void_clib_hosted_io___PHosted_clib_vars

.undef local text __stdio_void_clib_hosted_io___PHosted_clib_vars

.undef local text __stdio_void_clib_hosted_io___PHosted_clib_vars

.undef local text __stdio_void_clib_hosted_io___PHosted_clib_vars

.undef local text __stdio_void_clib_hosted_io___PHosted_clib_vars

.undef local text __stdio_void_clib_hosted_io___PHosted_clib_vars

.undef local text __stdio_void_clib_hosted_io___PHosted_clib_vars

.undef local text __stdio_void_clib_hosted_io___PHosted_clib_vars

.undef local text __stdio_void_clib_hosted_io___PHosted_clib_vars

.undef local text __stdio_void_clib_hosted_io___PHosted_clib_vars

.undef local text __stdio_void_clib_hosted_io___PHosted_clib_vars

.undef local text __stdio_void_clib_hosted_io___PHosted_clib_vars

.undef local text __stdio_void_clib_hosted_io___PHosted_clib_vars

.undef local text __stdio_void_clib_hosted_io___PHosted_clib_vars

.undef local text __stdio_void_clib_hosted_io___PHosted_clib_vars

.undef local text __stdio_void_clib_hosted_io___PHosted_clib_vars

.undef local text __stdio_void_clib_hosted_io___PHosted_clib_vars

.undef local text __stdio_void_clib_hosted_io___PHosted_clib_vars

.undef local text __stdio_void_clib_hosted_io___PHosted_clib_vars

.undef local data __stdio___strc60893a8

.undef local text __stdio_void_clib_hosted_io___PHosted_clib_vars

.undef local data __stdio___strc60893a8

.undef local text __stdio_void_clib_hosted_io___PHosted_clib_vars

.undef local data __stdio___strc60893a8

.undef local text __stdio_void_clib_hosted_io___PHosted_clib_vars

.undef local data __stdio___strc60893a8

.undef local text __stdio_void_clib_hosted_io___PHosted_clib_vars

.undef local text __stdio_void_clib_hosted_io___PHosted_clib_vars

.undef local text __stdio_void_clib_hosted_io___PHosted_clib_vars

.undef local data __stdio__hosted_clib_files

.undef local text __stdio_void_clib_hosted_io___PHosted_clib_vars

.undef local text __stdio_void_clib_hosted_io___PHosted_clib_vars

.undef local data __stdio__hosted_clib_files

.undef local text __stdio_void_clib_hosted_io___PHosted_clib_vars

.undef local text __stdio_void_clib_hosted_io___PHosted_clib_vars

.undef local text __stdio_void_clib_hosted_io___PHosted_clib_vars

.undef local text __stdio_void_clib_hosted_io___PHosted_clib_vars

.undef local text __stdio_void_clib_hosted_io___PHosted_clib_vars

.undef local text __stdio_void_clib_hosted_io___PHosted_clib_vars

.undef local text __stdio_void_clib_hosted_io___PHosted_clib_vars

.data_segment_name
.data global 1 stdin DMb_stat
.rela 20 __stdio__stdin 0
	0x0
	0x0
	0x0
	0x0

.data_segment_name
.data global 1 stdout DMb_stat
.rela 20 __stdio__stdout 0
	0x0
	0x0
	0x0
	0x0

.data_segment_name
.data global 1 stderr DMb_stat
.rela 20 __stdio__stderr 0
	0x0
	0x0
	0x0
	0x0

.undef global data errno

.text_segment_name
.text global 0 fopen
.rela 16 __stdio__hosted_clib_files 4
	     0    0x00 0x00 0x42 0x37  lui x4, 4
	     4    0x00 0x00 0x01 0xb7  lui x3, 0
.rela 17 __stdio__hosted_clib_files 4
	     8    0x00 0x42 0x62 0x93  ori x5,x4,4
	    12    0x04 0xc1 0x01 0x13  addi x2,x2,76
	    16    0x01 0x00 0x05 0x13  addi x10,x0,16
	    20    0x82 0x0e            mv x4, x3
	    22    0x00 0x02 0xa3 0x03  lw x6,0(x5)
	    26    0x08 0x29            addi x5, 8
	    28    0x00 0x03 0x03 0x63  beq x6,x0,6
	    32    0x01 0x21            addi x4, 1
	    34    0xfe 0xa2 0x48 0xe3  blt x4,x10,-16
.label __ll2_fopen
	    38    0xfe 0x11 0x2e 0x23  sw x1,-4(x2)
	    42    0xfe 0x41 0x2c 0x23  sw x4,-8(x2)
	    46    0x06 0xa2 0x51 0x63  bge x4,x10,98
	    50    0xfb 0x40 0x00 0x93  addi x1,x0,-76
	    54    0x00 0x11 0x05 0x33  add x10,x2,x1
	    58    0x00 0x90 0x00 0x93  addi x1,x0,9
	    62    0xfb 0xc1 0x02 0x13  addi x4,x2,-68
	    66    0x00 0x35 0x20 0x23  sw x3,0(x10)
	    70    0xfc 0xb1 0x20 0x23  sw x11,-64(x2)
	    74    0xfc 0xc1 0x22 0x23  sw x12,-60(x2)
	    78    0x00 0x12 0x20 0x23  sw x1,0(x4)
	    82    0x00 0x00 0x00 0xef  jal x1, __stdio_void_clib_hosted_io___PHosted_clib_vars
	    86    0xfb 0xc1 0x06 0x13  addi x12,x2,-68
	    90    0x00 0x06 0x26 0x03  lw x12,0(x12)
	    94    0x00 0x00 0x65 0x93  ori x11,x0,errno
	    98    0x02 0x06 0x12 0x63  bne x12,x0,36
	   102    0xff 0x81 0x25 0x83  lw x11,-8(x2)
.rela 16 __stdio__hosted_clib_files 0
	   106    0x00 0x00 0x06 0x37  lui x12, 0
.rela 17 __stdio__hosted_clib_files 0
	   110    0x00 0x06 0x60 0x93  ori x1,x12,0
	   114    0x05 0x8e            slli x11, 3
	   116    0x00 0xb0 0x85 0x33  add x10,x1,x11
	   120    0xfb 0x81 0x26 0x03  lw x12,-72(x2)
	   124    0x00 0x10 0x05 0x93  addi x11,x0,1
	   128    0x00 0xc5 0x20 0x23  sw x12,0(x10)
	   132    0x00 0xb5 0x22 0x23  sw x11,4(x10)
	   136    0xaa 0x09            j 26
	   138    0x00 0xc5 0xa0 0x23  sw x12,0(x11)
	   142    0x00 0x00 0x05 0x37  lui x10, 0
	   146    0xa0 0x09            j 16
	   148    0x01 0x80 0x06 0x13  addi x12,x0,24
	   152    0x00 0x00 0x65 0x93  ori x11,x0,errno
	   156    0x00 0xc5 0xa0 0x23  sw x12,0(x11)
	   160    0x00 0x00 0x05 0x37  lui x10, 0
	   164    0xff 0xc1 0x26 0x03  lw x12,-4(x2)
	   168    0xfb 0x41 0x01 0x13  addi x2,x2,-76
.label fopen__end last
.rts
	   172    0x00 0x06 0x00 0x67  jalr x0, x12, 0

.undef global data errno

.text_segment_name
.text global 0 fclose
	     0    0x04 0x81 0x01 0x13  addi x2,x2,72
	     4    0xfe 0x11 0x2e 0x23  sw x1,-4(x2)
	     8    0x00 0x45 0xa5 0x03  lw x10,4(x11)
	    12    0x00 0x00 0x00 0xb7  lui x1, 0
	    16    0x04 0x05 0x05 0x63  beq x10,x0,74
	    20    0x00 0x15 0xa2 0x23  sw x1,4(x11)
	    24    0x00 0x05 0xa1 0x83  lw x3,0(x11)
	    28    0xfb 0x80 0x05 0x13  addi x10,x0,-72
	    32    0x95 0x0a            add x10, x2
	    34    0x00 0x10 0x05 0x93  addi x11,x0,1
	    38    0xfc 0x01 0x00 0x93  addi x1,x2,-64
	    42    0x00 0x90 0x02 0x13  addi x4,x0,9
	    46    0xfa 0x31 0x2e 0x23  sw x3,-68(x2)
	    50    0x00 0xb5 0x20 0x23  sw x11,0(x10)
	    54    0x00 0x40 0xa0 0x23  sw x4,0(x1)
	    58    0x00 0x00 0x00 0xef  jal x1, __stdio_void_clib_hosted_io___PHosted_clib_vars
	    62    0xfc 0x01 0x05 0x13  addi x10,x2,-64
	    66    0x00 0x05 0x25 0x83  lw x11,0(x10)
	    70    0x00 0x00 0x60 0x93  ori x1,x0,errno
	    74    0x00 0x05 0x85 0x63  beq x11,x0,10
	    78    0xff 0xf0 0x05 0x13  addi x10,x0,-1
	    82    0x00 0xb0 0xa0 0x23  sw x11,0(x1)
	    86    0xa6 0x09            j 22
	    88    0x00 0x00 0x05 0x37  lui x10, 0
	    92    0xa0 0x09            j 16
	    94    0x00 0x90 0x05 0x13  addi x10,x0,9
	    98    0x00 0x00 0x65 0x93  ori x11,x0,errno
	   102    0x00 0xa5 0xa0 0x23  sw x10,0(x11)
	   106    0xff 0xf0 0x05 0x13  addi x10,x0,-1
	   110    0xff 0xc1 0x25 0x83  lw x11,-4(x2)
	   114    0xfb 0x81 0x01 0x13  addi x2,x2,-72
.label fclose__end last
.rts
	   118    0x00 0x05 0x80 0x67  jalr x0, x11, 0

.undef global data errno

.text_segment_name
.text global 0 freopen
	     0    0x04 0xc1 0x01 0x13  addi x2,x2,76
	     4    0x00 0x06 0xa1 0x83  lw x3,0(x13)
	     8    0xfe 0xd1 0x2e 0x23  sw x13,-4(x2)
	    12    0xfb 0x41 0x05 0x13  addi x10,x2,-76
	    16    0xfb 0x81 0x02 0x93  addi x5,x2,-72
	    20    0x01 0xa0 0x06 0x93  addi x13,x0,26
	    24    0x00 0x90 0x02 0x13  addi x4,x0,9
	    28    0xfb 0xc1 0x03 0x13  addi x6,x2,-68
	    32    0xfc 0xb1 0x20 0x23  sw x11,-64(x2)
	    36    0xfc 0xc1 0x22 0x23  sw x12,-60(x2)
	    40    0x00 0x32 0xa0 0x23  sw x3,0(x5)
	    44    0x00 0xd5 0x20 0x23  sw x13,0(x10)
	    48    0x00 0x43 0x20 0x23  sw x4,0(x6)
	    52    0xfe 0x11 0x2c 0x23  sw x1,-8(x2)
	    56    0x00 0x00 0x00 0xef  jal x1, __stdio_void_clib_hosted_io___PHosted_clib_vars
	    60    0xfb 0xc1 0x05 0x13  addi x10,x2,-68
	    64    0x00 0x05 0x25 0x03  lw x10,0(x10)
	    68    0x00 0x05 0x1d 0x63  bne x10,x0,26
	    72    0xfb 0x81 0x00 0x93  addi x1,x2,-72
	    76    0xff 0xc1 0x25 0x03  lw x10,-4(x2)
	    80    0x00 0x00 0xa0 0x83  lw x1,0(x1)
	    84    0x00 0x10 0x06 0x13  addi x12,x0,1
	    88    0x00 0xc5 0x22 0x23  sw x12,4(x10)
	    92    0x00 0x15 0x20 0x23  sw x1,0(x10)
	    96    0xa8 0x01            j 8
	    98    0x00 0xa0 0x20 0x23  sw x10,errno(x0)
	   102    0x00 0x00 0x05 0x37  lui x10, 0
	   106    0xff 0x81 0x20 0x83  lw x1,-8(x2)
	   110    0xfb 0x41 0x01 0x13  addi x2,x2,-76
.label freopen__end last
.rts
	   114    0x00 0x00 0x80 0x67  jalr x0, x1, 0

.undef global data errno

.text_segment_name
.text global 0 fflush
	     0    0x04 0x81 0x01 0x13  addi x2,x2,72
	     4    0x00 0x05 0xa5 0x83  lw x11,0(x11)
	     8    0x00 0x90 0x01 0x93  addi x3,x0,9
	    12    0xfb 0x81 0x05 0x13  addi x10,x2,-72
	    16    0xfc 0x01 0x02 0x13  addi x4,x2,-64
	    20    0xfa 0xb1 0x2e 0x23  sw x11,-68(x2)
	    24    0x00 0x35 0x20 0x23  sw x3,0(x10)
	    28    0x00 0x32 0x20 0x23  sw x3,0(x4)
	    32    0xfe 0x11 0x2e 0x23  sw x1,-4(x2)
	    36    0x00 0x00 0x00 0xef  jal x1, __stdio_void_clib_hosted_io___PHosted_clib_vars
	    40    0xfc 0x01 0x05 0x13  addi x10,x2,-64
	    44    0x00 0x05 0x20 0x83  lw x1,0(x10)
	    48    0x00 0x00 0x05 0x37  lui x10, 0
	    52    0x00 0x00 0x84 0x63  beq x1,x0,8
	    56    0xff 0xf0 0x05 0x13  addi x10,x0,-1
	    60    0x00 0x10 0x20 0x23  sw x1,errno(x0)
	    64    0xff 0xc1 0x20 0x83  lw x1,-4(x2)
	    68    0xfb 0x81 0x01 0x13  addi x2,x2,-72
.label fflush__end last
.rts
	    72    0x00 0x00 0x80 0x67  jalr x0, x1, 0

.undef global data errno

.text_segment_name
.text global 0 fseek
	     0    0x04 0x81 0x01 0x13  addi x2,x2,72
	     4    0x00 0x05 0xa2 0x83  lw x5,0(x11)
	     8    0xfb 0x81 0x05 0x13  addi x10,x2,-72
	    12    0x00 0x40 0x01 0x93  addi x3,x0,4
	    16    0x00 0x90 0x02 0x13  addi x4,x0,9
	    20    0xfc 0x01 0x03 0x13  addi x6,x2,-64
	    24    0xfa 0x51 0x2e 0x23  sw x5,-68(x2)
	    28    0xfc 0xc1 0x28 0x23  sw x12,-48(x2)
	    32    0xfc 0xd1 0x2a 0x23  sw x13,-44(x2)
	    36    0x00 0x35 0x20 0x23  sw x3,0(x10)
	    40    0x00 0x43 0x20 0x23  sw x4,0(x6)
	    44    0xfe 0x11 0x2e 0x23  sw x1,-4(x2)
	    48    0x00 0x00 0x00 0xef  jal x1, __stdio_void_clib_hosted_io___PHosted_clib_vars
	    52    0xfc 0x01 0x00 0x93  addi x1,x2,-64
	    56    0x00 0x00 0xa5 0x03  lw x10,0(x1)
	    60    0xc5 0x01            beqz x10,8
	    62    0x00 0xa0 0x20 0x23  sw x10,errno(x0)
	    66    0xff 0xf0 0x05 0x13  addi x10,x0,-1
	    70    0xff 0xc1 0x20 0x83  lw x1,-4(x2)
	    74    0xfb 0x81 0x01 0x13  addi x2,x2,-72
.label fseek__end last
.rts
	    78    0x00 0x00 0x80 0x67  jalr x0, x1, 0

.undef global data errno

.text_segment_name
.text global 0 ftell
	     0    0x04 0x81 0x01 0x13  addi x2,x2,72
	     4    0x00 0x05 0xa3 0x03  lw x6,0(x11)
	     8    0xfb 0x81 0x05 0x13  addi x10,x2,-72
	    12    0x00 0x50 0x02 0x13  addi x4,x0,5
	    16    0x00 0x90 0x05 0x93  addi x11,x0,9
	    20    0xfc 0x01 0x01 0x93  addi x3,x2,-64
	    24    0xff 0xf0 0x02 0x93  addi x5,x0,-1
	    28    0xfd 0x01 0x03 0x93  addi x7,x2,-48
	    32    0xfa 0x61 0x2e 0x23  sw x6,-68(x2)
	    36    0x00 0x45 0x20 0x23  sw x4,0(x10)
	    40    0x00 0xb1 0xa0 0x23  sw x11,0(x3)
	    44    0x00 0x53 0xa0 0x23  sw x5,0(x7)
	    48    0xfe 0x11 0x2e 0x23  sw x1,-4(x2)
	    52    0x00 0x00 0x00 0xef  jal x1, __stdio_void_clib_hosted_io___PHosted_clib_vars
	    56    0xfd 0x01 0x05 0x13  addi x10,x2,-48
	    60    0x00 0x05 0x25 0x03  lw x10,0(x10)
	    64    0xfc 0x01 0x00 0x93  addi x1,x2,-64
	    68    0x00 0x05 0x56 0x63  bge x10,x0,12
	    72    0x00 0x00 0xa0 0x83  lw x1,0(x1)
	    76    0xff 0xf0 0x05 0x13  addi x10,x0,-1
	    80    0x00 0x10 0x20 0x23  sw x1,errno(x0)
	    84    0xff 0xc1 0x20 0x83  lw x1,-4(x2)
	    88    0xfb 0x81 0x01 0x13  addi x2,x2,-72
.label ftell__end last
.rts
	    92    0x00 0x00 0x80 0x67  jalr x0, x1, 0

.undef global data errno

.text_segment_name
.text global 0 feof
	     0    0x04 0x81 0x01 0x13  addi x2,x2,72
	     4    0x00 0x05 0xa3 0x03  lw x6,0(x11)
	     8    0xfb 0x81 0x05 0x13  addi x10,x2,-72
	    12    0x00 0x60 0x02 0x13  addi x4,x0,6
	    16    0x00 0x90 0x05 0x93  addi x11,x0,9
	    20    0xfc 0x01 0x01 0x93  addi x3,x2,-64
	    24    0xff 0xf0 0x02 0x93  addi x5,x0,-1
	    28    0xfd 0x81 0x03 0x93  addi x7,x2,-40
	    32    0xfa 0x61 0x2e 0x23  sw x6,-68(x2)
	    36    0x00 0x45 0x20 0x23  sw x4,0(x10)
	    40    0x00 0xb1 0xa0 0x23  sw x11,0(x3)
	    44    0x00 0x53 0xa0 0x23  sw x5,0(x7)
	    48    0xfe 0x11 0x2e 0x23  sw x1,-4(x2)
	    52    0x00 0x00 0x00 0xef  jal x1, __stdio_void_clib_hosted_io___PHosted_clib_vars
	    56    0xfd 0x81 0x05 0x13  addi x10,x2,-40
	    60    0x00 0x05 0x25 0x03  lw x10,0(x10)
	    64    0xfc 0x01 0x00 0x93  addi x1,x2,-64
	    68    0x00 0x05 0x56 0x63  bge x10,x0,12
	    72    0x00 0x00 0xa0 0x83  lw x1,0(x1)
	    76    0xff 0xf0 0x05 0x13  addi x10,x0,-1
	    80    0x00 0x10 0x20 0x23  sw x1,errno(x0)
	    84    0xff 0xc1 0x20 0x83  lw x1,-4(x2)
	    88    0xfb 0x81 0x01 0x13  addi x2,x2,-72
.label feof__end last
.rts
	    92    0x00 0x00 0x80 0x67  jalr x0, x1, 0

.undef global data errno

.text_segment_name
.text global 0 ferror
	     0    0x04 0x81 0x01 0x13  addi x2,x2,72
	     4    0x00 0x05 0xa2 0x03  lw x4,0(x11)
	     8    0xfb 0x81 0x05 0x13  addi x10,x2,-72
	    12    0x00 0xe0 0x05 0x93  addi x11,x0,14
	    16    0x00 0x90 0x01 0x93  addi x3,x0,9
	    20    0xfc 0x01 0x02 0x93  addi x5,x2,-64
	    24    0xfa 0x41 0x2e 0x23  sw x4,-68(x2)
	    28    0x00 0xb5 0x20 0x23  sw x11,0(x10)
	    32    0x00 0x32 0xa0 0x23  sw x3,0(x5)
	    36    0xfe 0x11 0x2e 0x23  sw x1,-4(x2)
	    40    0x00 0x00 0x00 0xef  jal x1, __stdio_void_clib_hosted_io___PHosted_clib_vars
	    44    0xfc 0x01 0x05 0x13  addi x10,x2,-64
	    48    0xff 0xc1 0x20 0x83  lw x1,-4(x2)
	    52    0x00 0x05 0x25 0x03  lw x10,0(x10)
	    56    0xfb 0x81 0x01 0x13  addi x2,x2,-72
.label ferror__end last
.rts
	    60    0x00 0x00 0x80 0x67  jalr x0, x1, 0

.text_segment_name
.text global 0 clearerr
	     0    0x04 0x81 0x01 0x13  addi x2,x2,72
	     4    0x00 0x05 0x21 0x83  lw x3,0(x10)
	     8    0xfb 0x81 0x05 0x13  addi x10,x2,-72
	    12    0x00 0xf0 0x02 0x13  addi x4,x0,15
	    16    0xfa 0x31 0x2e 0x23  sw x3,-68(x2)
	    20    0x00 0x45 0x20 0x23  sw x4,0(x10)
	    24    0xfe 0x11 0x2e 0x23  sw x1,-4(x2)
	    28    0x00 0x00 0x00 0xef  jal x1, __stdio_void_clib_hosted_io___PHosted_clib_vars
	    32    0xff 0xc1 0x25 0x03  lw x10,-4(x2)
	    36    0xfb 0x81 0x01 0x13  addi x2,x2,-72
.label clearerr__end last
.rts
	    40    0x00 0x05 0x00 0x67  jalr x0, x10, 0

.text_segment_name
.text global 0 perror
	     0    0x04 0x81 0x01 0x13  addi x2,x2,72
	     4    0x82 0xaa            mv x5, x10
	     6    0x00 0x00 0x21 0x83  lw x3,errno(x0)
	    10    0xfb 0x81 0x05 0x13  addi x10,x2,-72
	    14    0x01 0xc0 0x02 0x13  addi x4,x0,28
	    18    0xfe 0x51 0x20 0x23  sw x5,-32(x2)
	    22    0xfc 0x31 0x2e 0x23  sw x3,-36(x2)
	    26    0x00 0x45 0x20 0x23  sw x4,0(x10)
	    30    0xfe 0x11 0x2e 0x23  sw x1,-4(x2)
	    34    0x00 0x00 0x00 0xef  jal x1, __stdio_void_clib_hosted_io___PHosted_clib_vars
	    38    0xff 0xc1 0x25 0x03  lw x10,-4(x2)
	    42    0xfb 0x81 0x01 0x13  addi x2,x2,-72
.label perror__end last
.rts
	    46    0x00 0x05 0x00 0x67  jalr x0, x10, 0

.undef global data errno

.text_segment_name
.text global 0 vfprintf
	     0    0x04 0x81 0x01 0x13  addi x2,x2,72
	     4    0x00 0x05 0xa2 0x03  lw x4,0(x11)
	     8    0xfb 0x81 0x05 0x13  addi x10,x2,-72
	    12    0x00 0x20 0x05 0x93  addi x11,x0,2
	    16    0xff 0xf0 0x01 0x93  addi x3,x0,-1
	    20    0xfc 0x01 0x02 0x93  addi x5,x2,-64
	    24    0xfa 0x41 0x2e 0x23  sw x4,-68(x2)
	    28    0xfc 0xc1 0x26 0x23  sw x12,-52(x2)
	    32    0xfe 0xd1 0x2c 0x23  sw x13,-8(x2)
	    36    0x00 0xb5 0x20 0x23  sw x11,0(x10)
	    40    0x00 0x32 0xa0 0x23  sw x3,0(x5)
	    44    0xfe 0x11 0x2e 0x23  sw x1,-4(x2)
	    48    0x00 0x00 0x00 0xef  jal x1, __stdio_void_clib_hosted_io___PHosted_clib_vars
	    52    0xfc 0x01 0x05 0x13  addi x10,x2,-64
	    56    0xff 0xc1 0x20 0x83  lw x1,-4(x2)
	    60    0x00 0x05 0x25 0x03  lw x10,0(x10)
	    64    0xfb 0x81 0x01 0x13  addi x2,x2,-72
.label vfprintf__end last
.rts
	    68    0x00 0x00 0x80 0x67  jalr x0, x1, 0

.text_segment_name
.text global 0 fprintf
	     0    0x04 0x81 0x01 0x13  addi x2,x2,72
	     4    0x00 0x05 0xa2 0x03  lw x4,0(x11)
	     8    0xfb 0x81 0x05 0x13  addi x10,x2,-72
	    12    0x00 0x20 0x05 0x93  addi x11,x0,2
	    16    0xfe 0xa1 0x2c 0x23  sw x10,-8(x2)
	    20    0x00 0xb5 0x20 0x23  sw x11,0(x10)
	    24    0xff 0xf0 0x01 0x93  addi x3,x0,-1
	    28    0xfc 0x01 0x02 0x93  addi x5,x2,-64
	    32    0xfa 0x41 0x2e 0x23  sw x4,-68(x2)
	    36    0xfc 0xc1 0x26 0x23  sw x12,-52(x2)
	    40    0x00 0x32 0xa0 0x23  sw x3,0(x5)
	    44    0xfe 0x11 0x2e 0x23  sw x1,-4(x2)
	    48    0xfb 0x81 0x05 0x13  addi x10,x2,-72
	    52    0x00 0x00 0x00 0xef  jal x1, __stdio_void_clib_hosted_io___PHosted_clib_vars
	    56    0xfc 0x01 0x00 0x93  addi x1,x2,-64
	    60    0x00 0x00 0xa5 0x03  lw x10,0(x1)
	    64    0xff 0xc1 0x20 0x83  lw x1,-4(x2)
	    68    0xfb 0x81 0x01 0x13  addi x2,x2,-72
.label fprintf__end last
.rts
	    72    0x00 0x00 0x80 0x67  jalr x0, x1, 0

.text_segment_name
.text global 0 printf
	     0    0x86 0x2e            mv x12, x11
	     2    0x00 0x00 0x25 0x83  lw x11,stdout(x0)
	     6    0x00 0x01 0x06 0x93  addi x13,x2,0
.label printf__end last
	    10    0x00 0x00 0x00 0x6f  jal x0, vfprintf

.undef global text vfprintf

.undef global data stdout

.text_segment_name
.text global 0 vfscanf
	     0    0x04 0x81 0x01 0x13  addi x2,x2,72
	     4    0x00 0x05 0xa2 0x03  lw x4,0(x11)
	     8    0xfb 0x81 0x05 0x13  addi x10,x2,-72
	    12    0x00 0x30 0x05 0x93  addi x11,x0,3
	    16    0xff 0xf0 0x01 0x93  addi x3,x0,-1
	    20    0xfc 0x01 0x02 0x93  addi x5,x2,-64
	    24    0xfa 0x41 0x2e 0x23  sw x4,-68(x2)
	    28    0xfc 0xc1 0x26 0x23  sw x12,-52(x2)
	    32    0xfe 0xd1 0x2c 0x23  sw x13,-8(x2)
	    36    0x00 0xb5 0x20 0x23  sw x11,0(x10)
	    40    0x00 0x32 0xa0 0x23  sw x3,0(x5)
	    44    0xfe 0x11 0x2e 0x23  sw x1,-4(x2)
	    48    0x00 0x00 0x00 0xef  jal x1, __stdio_void_clib_hosted_io___PHosted_clib_vars
	    52    0xfc 0x01 0x05 0x13  addi x10,x2,-64
	    56    0xff 0xc1 0x20 0x83  lw x1,-4(x2)
	    60    0x00 0x05 0x25 0x03  lw x10,0(x10)
	    64    0xfb 0x81 0x01 0x13  addi x2,x2,-72
.label vfscanf__end last
.rts
	    68    0x00 0x00 0x80 0x67  jalr x0, x1, 0

.text_segment_name
.text global 0 fscanf
	     0    0x04 0x81 0x01 0x13  addi x2,x2,72
	     4    0x00 0x05 0xa2 0x03  lw x4,0(x11)
	     8    0xfb 0x81 0x05 0x13  addi x10,x2,-72
	    12    0x00 0x30 0x05 0x93  addi x11,x0,3
	    16    0xfe 0xa1 0x2c 0x23  sw x10,-8(x2)
	    20    0x00 0xb5 0x20 0x23  sw x11,0(x10)
	    24    0xff 0xf0 0x01 0x93  addi x3,x0,-1
	    28    0xfc 0x01 0x02 0x93  addi x5,x2,-64
	    32    0xfa 0x41 0x2e 0x23  sw x4,-68(x2)
	    36    0xfc 0xc1 0x26 0x23  sw x12,-52(x2)
	    40    0x00 0x32 0xa0 0x23  sw x3,0(x5)
	    44    0xfe 0x11 0x2e 0x23  sw x1,-4(x2)
	    48    0xfb 0x81 0x05 0x13  addi x10,x2,-72
	    52    0x00 0x00 0x00 0xef  jal x1, __stdio_void_clib_hosted_io___PHosted_clib_vars
	    56    0xfc 0x01 0x00 0x93  addi x1,x2,-64
	    60    0x00 0x00 0xa5 0x03  lw x10,0(x1)
	    64    0xff 0xc1 0x20 0x83  lw x1,-4(x2)
	    68    0xfb 0x81 0x01 0x13  addi x2,x2,-72
.label fscanf__end last
.rts
	    72    0x00 0x00 0x80 0x67  jalr x0, x1, 0

.text_segment_name
.text global 0 scanf
	     0    0x86 0x2e            mv x12, x11
	     2    0x00 0x00 0x25 0x83  lw x11,stdin(x0)
	     6    0x00 0x01 0x06 0x93  addi x13,x2,0
.label scanf__end last
	    10    0x00 0x00 0x00 0x6f  jal x0, vfscanf

.undef global text vfscanf

.undef global data stdin

.text_segment_name
.text global 0 fputc
	     0    0x04 0x81 0x01 0x13  addi x2,x2,72
	     4    0x00 0x06 0x22 0x03  lw x4,0(x12)
	     8    0xfb 0x81 0x05 0x13  addi x10,x2,-72
	    12    0x00 0x70 0x06 0x13  addi x12,x0,7
	    16    0xff 0xf0 0x01 0x93  addi x3,x0,-1
	    20    0xfc 0x01 0x02 0x93  addi x5,x2,-64
	    24    0xfa 0x41 0x2e 0x23  sw x4,-68(x2)
	    28    0xfc 0xb1 0x2e 0x23  sw x11,-36(x2)
	    32    0x00 0xc5 0x20 0x23  sw x12,0(x10)
	    36    0x00 0x32 0xa0 0x23  sw x3,0(x5)
	    40    0xfe 0x11 0x2e 0x23  sw x1,-4(x2)
	    44    0x00 0x00 0x00 0xef  jal x1, __stdio_void_clib_hosted_io___PHosted_clib_vars
	    48    0xfc 0x01 0x05 0x13  addi x10,x2,-64
	    52    0xff 0xc1 0x20 0x83  lw x1,-4(x2)
	    56    0x00 0x05 0x25 0x03  lw x10,0(x10)
	    60    0xfb 0x81 0x01 0x13  addi x2,x2,-72
.label fputc__end last
.rts
	    64    0x00 0x00 0x80 0x67  jalr x0, x1, 0

.text_segment_name
.text global 0 ungetc
	     0    0x04 0x81 0x01 0x13  addi x2,x2,72
	     4    0x00 0x06 0x22 0x03  lw x4,0(x12)
	     8    0xfb 0x81 0x05 0x13  addi x10,x2,-72
	    12    0x01 0xb0 0x06 0x13  addi x12,x0,27
	    16    0xff 0xf0 0x01 0x93  addi x3,x0,-1
	    20    0xfc 0x01 0x02 0x93  addi x5,x2,-64
	    24    0xfa 0x41 0x2e 0x23  sw x4,-68(x2)
	    28    0xfc 0xb1 0x2e 0x23  sw x11,-36(x2)
	    32    0x00 0xc5 0x20 0x23  sw x12,0(x10)
	    36    0x00 0x32 0xa0 0x23  sw x3,0(x5)
	    40    0xfe 0x11 0x2e 0x23  sw x1,-4(x2)
	    44    0x00 0x00 0x00 0xef  jal x1, __stdio_void_clib_hosted_io___PHosted_clib_vars
	    48    0xfc 0x01 0x05 0x13  addi x10,x2,-64
	    52    0xff 0xc1 0x20 0x83  lw x1,-4(x2)
	    56    0x00 0x05 0x25 0x03  lw x10,0(x10)
	    60    0xfb 0x81 0x01 0x13  addi x2,x2,-72
.label ungetc__end last
.rts
	    64    0x00 0x00 0x80 0x67  jalr x0, x1, 0

.text_segment_name
.text global 0 fputs
	     0    0x04 0x81 0x01 0x13  addi x2,x2,72
	     4    0x00 0x06 0x22 0x03  lw x4,0(x12)
	     8    0xfb 0x81 0x05 0x13  addi x10,x2,-72
	    12    0x00 0xa0 0x06 0x13  addi x12,x0,10
	    16    0xff 0xf0 0x01 0x93  addi x3,x0,-1
	    20    0xfc 0x01 0x02 0x93  addi x5,x2,-64
	    24    0xfa 0x41 0x2e 0x23  sw x4,-68(x2)
	    28    0xfe 0xb1 0x20 0x23  sw x11,-32(x2)
	    32    0x00 0xc5 0x20 0x23  sw x12,0(x10)
	    36    0x00 0x32 0xa0 0x23  sw x3,0(x5)
	    40    0xfe 0x11 0x2e 0x23  sw x1,-4(x2)
	    44    0x00 0x00 0x00 0xef  jal x1, __stdio_void_clib_hosted_io___PHosted_clib_vars
	    48    0xfc 0x01 0x05 0x13  addi x10,x2,-64
	    52    0xff 0xc1 0x20 0x83  lw x1,-4(x2)
	    56    0x00 0x05 0x25 0x03  lw x10,0(x10)
	    60    0xfb 0x81 0x01 0x13  addi x2,x2,-72
.label fputs__end last
.rts
	    64    0x00 0x00 0x80 0x67  jalr x0, x1, 0

.text_segment_name
.text global 0 fgetc
	     0    0x04 0x81 0x01 0x13  addi x2,x2,72
	     4    0x00 0x05 0xa2 0x03  lw x4,0(x11)
	     8    0xfb 0x81 0x05 0x13  addi x10,x2,-72
	    12    0x00 0x80 0x05 0x93  addi x11,x0,8
	    16    0xff 0xf0 0x01 0x93  addi x3,x0,-1
	    20    0xfc 0x01 0x02 0x93  addi x5,x2,-64
	    24    0xfa 0x41 0x2e 0x23  sw x4,-68(x2)
	    28    0x00 0xb5 0x20 0x23  sw x11,0(x10)
	    32    0x00 0x32 0xa0 0x23  sw x3,0(x5)
	    36    0xfe 0x11 0x2e 0x23  sw x1,-4(x2)
	    40    0x00 0x00 0x00 0xef  jal x1, __stdio_void_clib_hosted_io___PHosted_clib_vars
	    44    0xfc 0x01 0x05 0x13  addi x10,x2,-64
	    48    0xff 0xc1 0x20 0x83  lw x1,-4(x2)
	    52    0x00 0x05 0x25 0x03  lw x10,0(x10)
	    56    0xfb 0x81 0x01 0x13  addi x2,x2,-72
.label fgetc__end last
.rts
	    60    0x00 0x00 0x80 0x67  jalr x0, x1, 0

.text_segment_name
.text global 0 fgets
	     0    0x04 0xc1 0x01 0x13  addi x2,x2,76
	     4    0x00 0x06 0xa2 0x03  lw x4,0(x13)
	     8    0xfb 0x41 0x05 0x13  addi x10,x2,-76
	    12    0x00 0xb0 0x06 0x93  addi x13,x0,11
	    16    0x00 0x90 0x01 0x93  addi x3,x0,9
	    20    0xfb 0xc1 0x02 0x93  addi x5,x2,-68
	    24    0xfa 0x41 0x2c 0x23  sw x4,-72(x2)
	    28    0xfe 0xb1 0x20 0x23  sw x11,-32(x2)
	    32    0xfe 0xc1 0x22 0x23  sw x12,-28(x2)
	    36    0x00 0xd5 0x20 0x23  sw x13,0(x10)
	    40    0x00 0x32 0xa0 0x23  sw x3,0(x5)
	    44    0xfe 0xb1 0x2e 0x23  sw x11,-4(x2)
	    48    0xfe 0x11 0x2c 0x23  sw x1,-8(x2)
	    52    0x00 0x00 0x00 0xef  jal x1, __stdio_void_clib_hosted_io___PHosted_clib_vars
	    56    0xfb 0xc1 0x05 0x13  addi x10,x2,-68
	    60    0x00 0x05 0x20 0x83  lw x1,0(x10)
	    64    0x00 0x00 0x05 0x37  lui x10, 0
	    68    0x00 0x00 0x92 0x63  bne x1,x0,4
	    72    0xff 0xc1 0x25 0x03  lw x10,-4(x2)
	    76    0xff 0x81 0x20 0x83  lw x1,-8(x2)
	    80    0xfb 0x41 0x01 0x13  addi x2,x2,-76
.label fgets__end last
.rts
	    84    0x00 0x00 0x80 0x67  jalr x0, x1, 0

.text_segment_name
.text global 0 gets
	     0    0x04 0xc1 0x01 0x13  addi x2,x2,76
	     4    0xfb 0x41 0x05 0x13  addi x10,x2,-76
	     8    0x01 0xd0 0x02 0x13  addi x4,x0,29
	    12    0x00 0x90 0x01 0x93  addi x3,x0,9
	    16    0xfb 0xc1 0x02 0x93  addi x5,x2,-68
	    20    0xfe 0xb1 0x20 0x23  sw x11,-32(x2)
	    24    0x00 0x45 0x20 0x23  sw x4,0(x10)
	    28    0x00 0x32 0xa0 0x23  sw x3,0(x5)
	    32    0xfe 0xb1 0x2e 0x23  sw x11,-4(x2)
	    36    0xfe 0x11 0x2c 0x23  sw x1,-8(x2)
	    40    0x00 0x00 0x00 0xef  jal x1, __stdio_void_clib_hosted_io___PHosted_clib_vars
	    44    0xfb 0xc1 0x05 0x13  addi x10,x2,-68
	    48    0x00 0x05 0x20 0x83  lw x1,0(x10)
	    52    0x00 0x00 0x05 0x37  lui x10, 0
	    56    0x00 0x00 0x92 0x63  bne x1,x0,4
	    60    0xff 0xc1 0x25 0x03  lw x10,-4(x2)
	    64    0xff 0x81 0x20 0x83  lw x1,-8(x2)
	    68    0xfb 0x41 0x01 0x13  addi x2,x2,-76
.label gets__end last
.rts
	    72    0x00 0x00 0x80 0x67  jalr x0, x1, 0

.text_segment_name
.text global 0 fwrite
	     0    0x04 0x81 0x01 0x13  addi x2,x2,72
	     4    0x00 0x07 0x22 0x03  lw x4,0(x14)
.rela 16 __stdio___strc60893a8 0
	     8    0x00 0x00 0x02 0xb7  lui x5, 0
	    12    0xfb 0x81 0x05 0x13  addi x10,x2,-72
	    16    0x00 0xd0 0x07 0x13  addi x14,x0,13
	    20    0xfc 0x01 0x01 0x93  addi x3,x2,-64
.rela 17 __stdio___strc60893a8 0
	    24    0x00 0x02 0xe2 0x93  ori x5,x5,0
	    28    0xfa 0x41 0x2e 0x23  sw x4,-68(x2)
	    32    0xfe 0xb1 0x28 0x23  sw x11,-16(x2)
	    36    0xfe 0xc1 0x24 0x23  sw x12,-24(x2)
	    40    0xfe 0xd1 0x26 0x23  sw x13,-20(x2)
	    44    0xfc 0x51 0x22 0x23  sw x5,-60(x2)
	    48    0x00 0xe5 0x20 0x23  sw x14,0(x10)
	    52    0x00 0x01 0xa0 0x23  sw x0,0(x3)
	    56    0xfe 0x11 0x2e 0x23  sw x1,-4(x2)
	    60    0x00 0x00 0x00 0xef  jal x1, __stdio_void_clib_hosted_io___PHosted_clib_vars
	    64    0xfc 0x01 0x05 0x13  addi x10,x2,-64
	    68    0xff 0xc1 0x20 0x83  lw x1,-4(x2)
	    72    0x00 0x05 0x25 0x03  lw x10,0(x10)
	    76    0xfb 0x81 0x01 0x13  addi x2,x2,-72
.label fwrite__end last
.rts
	    80    0x00 0x00 0x80 0x67  jalr x0, x1, 0

.text_segment_name
.text global 0 fread
	     0    0x04 0x81 0x01 0x13  addi x2,x2,72
	     4    0x00 0x07 0x22 0x03  lw x4,0(x14)
.rela 16 __stdio___strc60893a8 0
	     8    0x00 0x00 0x02 0xb7  lui x5, 0
	    12    0xfb 0x81 0x05 0x13  addi x10,x2,-72
	    16    0x00 0xc0 0x07 0x13  addi x14,x0,12
	    20    0xfc 0x01 0x01 0x93  addi x3,x2,-64
.rela 17 __stdio___strc60893a8 0
	    24    0x00 0x02 0xe2 0x93  ori x5,x5,0
	    28    0xfa 0x41 0x2e 0x23  sw x4,-68(x2)
	    32    0xfe 0xb1 0x2a 0x23  sw x11,-12(x2)
	    36    0xfe 0xc1 0x24 0x23  sw x12,-24(x2)
	    40    0xfe 0xd1 0x26 0x23  sw x13,-20(x2)
	    44    0xfc 0x51 0x22 0x23  sw x5,-60(x2)
	    48    0x00 0xe5 0x20 0x23  sw x14,0(x10)
	    52    0x00 0x01 0xa0 0x23  sw x0,0(x3)
	    56    0xfe 0x11 0x2e 0x23  sw x1,-4(x2)
	    60    0x00 0x00 0x00 0xef  jal x1, __stdio_void_clib_hosted_io___PHosted_clib_vars
	    64    0xfc 0x01 0x05 0x13  addi x10,x2,-64
	    68    0xff 0xc1 0x20 0x83  lw x1,-4(x2)
	    72    0x00 0x05 0x25 0x03  lw x10,0(x10)
	    76    0xfb 0x81 0x01 0x13  addi x2,x2,-72
.label fread__end last
.rts
	    80    0x00 0x00 0x80 0x67  jalr x0, x1, 0

.text_segment_name
.text global 0 fwrite_word
	     0    0x04 0x81 0x01 0x13  addi x2,x2,72
	     4    0x00 0x07 0xa2 0x03  lw x4,0(x15)
.rela 16 __stdio___strc60893a8 0
	     8    0x00 0x00 0x02 0xb7  lui x5, 0
	    12    0xfb 0x81 0x05 0x13  addi x10,x2,-72
	    16    0x01 0x20 0x07 0x93  addi x15,x0,18
	    20    0xfc 0x01 0x01 0x93  addi x3,x2,-64
.rela 17 __stdio___strc60893a8 0
	    24    0x00 0x02 0xe2 0x93  ori x5,x5,0
	    28    0xfa 0x41 0x2e 0x23  sw x4,-68(x2)
	    32    0xfe 0xb1 0x28 0x23  sw x11,-16(x2)
	    36    0xfe 0xc1 0x24 0x23  sw x12,-24(x2)
	    40    0xfe 0xd1 0x26 0x23  sw x13,-20(x2)
	    44    0xfc 0xe1 0x2a 0x23  sw x14,-44(x2)
	    48    0xfc 0x51 0x22 0x23  sw x5,-60(x2)
	    52    0x00 0xf5 0x20 0x23  sw x15,0(x10)
	    56    0x00 0x01 0xa0 0x23  sw x0,0(x3)
	    60    0xfe 0x11 0x2e 0x23  sw x1,-4(x2)
	    64    0x00 0x00 0x00 0xef  jal x1, __stdio_void_clib_hosted_io___PHosted_clib_vars
	    68    0xfc 0x01 0x05 0x13  addi x10,x2,-64
	    72    0xff 0xc1 0x20 0x83  lw x1,-4(x2)
	    76    0x00 0x05 0x25 0x03  lw x10,0(x10)
	    80    0xfb 0x81 0x01 0x13  addi x2,x2,-72
.label fwrite_word__end last
.rts
	    84    0x00 0x00 0x80 0x67  jalr x0, x1, 0

.text_segment_name
.text global 0 fread_word
	     0    0x04 0x81 0x01 0x13  addi x2,x2,72
	     4    0x00 0x07 0xa2 0x03  lw x4,0(x15)
.rela 16 __stdio___strc60893a8 0
	     8    0x00 0x00 0x02 0xb7  lui x5, 0
	    12    0xfb 0x81 0x05 0x13  addi x10,x2,-72
	    16    0x01 0x10 0x07 0x93  addi x15,x0,17
	    20    0xfc 0x01 0x01 0x93  addi x3,x2,-64
.rela 17 __stdio___strc60893a8 0
	    24    0x00 0x02 0xe2 0x93  ori x5,x5,0
	    28    0xfa 0x41 0x2e 0x23  sw x4,-68(x2)
	    32    0xfe 0xb1 0x2a 0x23  sw x11,-12(x2)
	    36    0xfe 0xc1 0x24 0x23  sw x12,-24(x2)
	    40    0xfe 0xd1 0x26 0x23  sw x13,-20(x2)
	    44    0xfc 0xe1 0x2a 0x23  sw x14,-44(x2)
	    48    0xfc 0x51 0x22 0x23  sw x5,-60(x2)
	    52    0x00 0xf5 0x20 0x23  sw x15,0(x10)
	    56    0x00 0x01 0xa0 0x23  sw x0,0(x3)
	    60    0xfe 0x11 0x2e 0x23  sw x1,-4(x2)
	    64    0x00 0x00 0x00 0xef  jal x1, __stdio_void_clib_hosted_io___PHosted_clib_vars
	    68    0xfc 0x01 0x05 0x13  addi x10,x2,-64
	    72    0xff 0xc1 0x20 0x83  lw x1,-4(x2)
	    76    0x00 0x05 0x25 0x03  lw x10,0(x10)
	    80    0xfb 0x81 0x01 0x13  addi x2,x2,-72
.label fread_word__end last
.rts
	    84    0x00 0x00 0x80 0x67  jalr x0, x1, 0

.text_segment_name
.text global 0 remove
	     0    0x04 0x81 0x01 0x13  addi x2,x2,72
	     4    0xfb 0x81 0x05 0x13  addi x10,x2,-72
	     8    0x01 0x30 0x02 0x13  addi x4,x0,19
	    12    0x00 0x00 0x01 0xb7  lui x3, 0
	    16    0xfc 0x01 0x02 0x93  addi x5,x2,-64
	    20    0xfc 0xb1 0x22 0x23  sw x11,-60(x2)
	    24    0x00 0x45 0x20 0x23  sw x4,0(x10)
	    28    0x00 0x32 0xa0 0x23  sw x3,0(x5)
	    32    0xfe 0x11 0x2e 0x23  sw x1,-4(x2)
	    36    0x00 0x00 0x00 0xef  jal x1, __stdio_void_clib_hosted_io___PHosted_clib_vars
	    40    0xfc 0x01 0x05 0x13  addi x10,x2,-64
	    44    0x00 0x05 0x20 0x83  lw x1,0(x10)
	    48    0x00 0x00 0x05 0x37  lui x10, 0
	    52    0x00 0x00 0x84 0x63  beq x1,x0,8
	    56    0xff 0xf0 0x05 0x13  addi x10,x0,-1
	    60    0x00 0x10 0x20 0x23  sw x1,errno(x0)
	    64    0xff 0xc1 0x20 0x83  lw x1,-4(x2)
	    68    0xfb 0x81 0x01 0x13  addi x2,x2,-72
.label remove__end last
.rts
	    72    0x00 0x00 0x80 0x67  jalr x0, x1, 0

.undef global data errno

.text_segment_name
.text global 0 rename
	     0    0x04 0x81 0x01 0x13  addi x2,x2,72
	     4    0xfb 0x81 0x05 0x13  addi x10,x2,-72
	     8    0x01 0x40 0x02 0x13  addi x4,x0,20
	    12    0x00 0x00 0x01 0xb7  lui x3, 0
	    16    0xfc 0x01 0x02 0x93  addi x5,x2,-64
	    20    0xfc 0xc1 0x22 0x23  sw x12,-60(x2)
	    24    0xfc 0xb1 0x24 0x23  sw x11,-56(x2)
	    28    0x00 0x45 0x20 0x23  sw x4,0(x10)
	    32    0x00 0x32 0xa0 0x23  sw x3,0(x5)
	    36    0xfe 0x11 0x2e 0x23  sw x1,-4(x2)
	    40    0x00 0x00 0x00 0xef  jal x1, __stdio_void_clib_hosted_io___PHosted_clib_vars
	    44    0xfc 0x01 0x05 0x13  addi x10,x2,-64
	    48    0x00 0x05 0x20 0x83  lw x1,0(x10)
	    52    0x00 0x00 0x05 0x37  lui x10, 0
	    56    0x00 0x00 0x84 0x63  beq x1,x0,8
	    60    0xff 0xf0 0x05 0x13  addi x10,x0,-1
	    64    0x00 0x10 0x20 0x23  sw x1,errno(x0)
	    68    0xff 0xc1 0x20 0x83  lw x1,-4(x2)
	    72    0xfb 0x81 0x01 0x13  addi x2,x2,-72
.label rename__end last
.rts
	    76    0x00 0x00 0x80 0x67  jalr x0, x1, 0

.undef global data errno

.text_segment_name
.text global 0 tmpfile
.rela 16 __stdio__hosted_clib_files 4
	     0    0x00 0x00 0x42 0x37  lui x4, 4
	     4    0x04 0xc1 0x01 0x13  addi x2,x2,76
	     8    0x00 0x00 0x05 0x37  lui x10, 0
	    12    0x01 0x00 0x01 0x93  addi x3,x0,16
.rela 17 __stdio__hosted_clib_files 4
	    16    0x00 0x42 0x62 0x13  ori x4,x4,4
	    20    0x00 0x02 0x22 0x83  lw x5,0(x4)
	    24    0x08 0x21            addi x4, 8
	    26    0x00 0x02 0x83 0x63  beq x5,x0,6
	    30    0x01 0x51            addi x10, 1
	    32    0xfe 0x35 0x48 0xe3  blt x10,x3,-16
.label __ll2_tmpfile
	    36    0xfe 0x11 0x2e 0x23  sw x1,-4(x2)
	    40    0xfe 0xa1 0x2c 0x23  sw x10,-8(x2)
	    44    0x04 0x35 0x5e 0x63  bge x10,x3,92
	    48    0xfb 0x40 0x00 0x93  addi x1,x0,-76
	    52    0x00 0x11 0x05 0x33  add x10,x2,x1
	    56    0x01 0x50 0x01 0x93  addi x3,x0,21
	    60    0x00 0x90 0x00 0x93  addi x1,x0,9
	    64    0xfb 0xc1 0x02 0x13  addi x4,x2,-68
	    68    0x00 0x35 0x20 0x23  sw x3,0(x10)
	    72    0x00 0x12 0x20 0x23  sw x1,0(x4)
	    76    0x00 0x00 0x00 0xef  jal x1, __stdio_void_clib_hosted_io___PHosted_clib_vars
	    80    0xfb 0xc1 0x00 0x93  addi x1,x2,-68
	    84    0x00 0x00 0xa0 0x83  lw x1,0(x1)
	    88    0x00 0x00 0x65 0x13  ori x10,x0,errno
	    92    0x02 0x00 0x91 0x63  bne x1,x0,34
	    96    0xff 0x81 0x25 0x03  lw x10,-8(x2)
.rela 16 __stdio__hosted_clib_files 0
	   100    0x00 0x00 0x00 0xb7  lui x1, 0
.rela 17 __stdio__hosted_clib_files 0
	   104    0x00 0x00 0xe1 0x93  ori x3,x1,0
	   108    0x05 0x0e            slli x10, 3
	   110    0x95 0x0e            add x10, x3
	   112    0xfb 0x81 0x20 0x83  lw x1,-72(x2)
	   116    0x00 0x10 0x01 0x93  addi x3,x0,1
	   120    0x00 0x15 0x20 0x23  sw x1,0(x10)
	   124    0x00 0x35 0x22 0x23  sw x3,4(x10)
	   128    0xaa 0x09            j 26
	   130    0x00 0x15 0x20 0x23  sw x1,0(x10)
	   134    0x00 0x00 0x05 0x37  lui x10, 0
	   138    0xa0 0x09            j 16
	   140    0x01 0x80 0x00 0x93  addi x1,x0,24
	   144    0x00 0x00 0x65 0x13  ori x10,x0,errno
	   148    0x00 0x15 0x20 0x23  sw x1,0(x10)
	   152    0x00 0x00 0x05 0x37  lui x10, 0
	   156    0xff 0xc1 0x20 0x83  lw x1,-4(x2)
	   160    0xfb 0x41 0x01 0x13  addi x2,x2,-76
.label tmpfile__end last
.rts
	   164    0x00 0x00 0x80 0x67  jalr x0, x1, 0

.undef global data errno

.text_segment_name
.text global 0 mkstemp
	     0    0x04 0x81 0x01 0x13  addi x2,x2,72
	     4    0xfb 0x81 0x05 0x13  addi x10,x2,-72
	     8    0x01 0xe0 0x01 0x93  addi x3,x0,30
	    12    0xfc 0x01 0x02 0x13  addi x4,x2,-64
	    16    0xfe 0xb1 0x20 0x23  sw x11,-32(x2)
	    20    0xfe 0xb1 0x22 0x23  sw x11,-28(x2)
	    24    0x00 0x35 0x20 0x23  sw x3,0(x10)
	    28    0x00 0x02 0x20 0x23  sw x0,0(x4)
	    32    0xfe 0x11 0x2e 0x23  sw x1,-4(x2)
	    36    0x00 0x00 0x00 0xef  jal x1, __stdio_void_clib_hosted_io___PHosted_clib_vars
	    40    0xfc 0x01 0x05 0x13  addi x10,x2,-64
	    44    0xff 0xc1 0x20 0x83  lw x1,-4(x2)
	    48    0x00 0x05 0x25 0x03  lw x10,0(x10)
	    52    0xfb 0x81 0x01 0x13  addi x2,x2,-72
.label mkstemp__end last
.rts
	    56    0x00 0x00 0x80 0x67  jalr x0, x1, 0

.text_segment_name
.text global 0 fdopen
.rela 16 __stdio__hosted_clib_files 4
	     0    0x00 0x00 0x42 0x37  lui x4, 4
	     4    0x00 0x00 0x01 0xb7  lui x3, 0
.rela 17 __stdio__hosted_clib_files 4
	     8    0x00 0x42 0x62 0x93  ori x5,x4,4
	    12    0x04 0xc1 0x01 0x13  addi x2,x2,76
	    16    0x01 0x00 0x05 0x13  addi x10,x0,16
	    20    0x82 0x0e            mv x4, x3
	    22    0x00 0x02 0xa3 0x03  lw x6,0(x5)
	    26    0x08 0x29            addi x5, 8
	    28    0x00 0x03 0x03 0x63  beq x6,x0,6
	    32    0x01 0x21            addi x4, 1
	    34    0xfe 0xa2 0x48 0xe3  blt x4,x10,-16
.label __ll2_fdopen
	    38    0xfe 0x11 0x2e 0x23  sw x1,-4(x2)
	    42    0xfe 0x41 0x2c 0x23  sw x4,-8(x2)
	    46    0x06 0xa2 0x55 0x63  bge x4,x10,106
	    50    0xfb 0x40 0x00 0x93  addi x1,x0,-76
	    54    0x00 0x11 0x05 0x33  add x10,x2,x1
	    58    0xfb 0x81 0x02 0x13  addi x4,x2,-72
	    62    0x01 0xf0 0x00 0x93  addi x1,x0,31
	    66    0xfb 0xc1 0x02 0x93  addi x5,x2,-68
	    70    0xfc 0xc1 0x22 0x23  sw x12,-60(x2)
	    74    0x00 0xb2 0x20 0x23  sw x11,0(x4)
	    78    0x00 0x15 0x20 0x23  sw x1,0(x10)
	    82    0x00 0x32 0xa0 0x23  sw x3,0(x5)
	    86    0x00 0x00 0x00 0xef  jal x1, __stdio_void_clib_hosted_io___PHosted_clib_vars
	    90    0xfb 0xc1 0x05 0x93  addi x11,x2,-68
	    94    0x00 0x05 0xa5 0x83  lw x11,0(x11)
	    98    0x00 0x00 0x66 0x13  ori x12,x0,errno
	   102    0x02 0x05 0x94 0x63  bne x11,x0,40
	   106    0xff 0x81 0x20 0x83  lw x1,-8(x2)
.rela 16 __stdio__hosted_clib_files 0
	   110    0x00 0x00 0x06 0x37  lui x12, 0
	   114    0x00 0x8e            slli x1, 3
.rela 17 __stdio__hosted_clib_files 0
	   116    0x00 0x06 0x66 0x13  ori x12,x12,0
	   120    0xfb 0x81 0x05 0x93  addi x11,x2,-72
	   124    0x00 0x16 0x05 0x33  add x10,x12,x1
	   128    0x00 0x05 0xa5 0x83  lw x11,0(x11)
	   132    0x00 0x10 0x06 0x13  addi x12,x0,1
	   136    0x00 0xb5 0x20 0x23  sw x11,0(x10)
	   140    0x00 0xc5 0x22 0x23  sw x12,4(x10)
	   144    0xaa 0x09            j 26
	   146    0x00 0xb6 0x20 0x23  sw x11,0(x12)
	   150    0x00 0x00 0x05 0x37  lui x10, 0
	   154    0xa0 0x09            j 16
	   156    0x01 0x80 0x05 0x93  addi x11,x0,24
	   160    0x00 0x00 0x66 0x13  ori x12,x0,errno
	   164    0x00 0xb6 0x20 0x23  sw x11,0(x12)
	   168    0x00 0x00 0x05 0x37  lui x10, 0
	   172    0xff 0xc1 0x25 0x83  lw x11,-4(x2)
	   176    0xfb 0x41 0x01 0x13  addi x2,x2,-76
.label fdopen__end last
.rts
	   180    0x00 0x05 0x80 0x67  jalr x0, x11, 0

.undef global data errno

.text_segment_name
.text global 0 close
	     0    0x04 0x81 0x01 0x13  addi x2,x2,72
	     4    0xfb 0x81 0x05 0x13  addi x10,x2,-72
	     8    0x02 0x00 0x02 0x13  addi x4,x0,32
	    12    0x00 0x00 0x01 0xb7  lui x3, 0
	    16    0xfc 0x01 0x02 0x93  addi x5,x2,-64
	    20    0xfa 0xb1 0x2e 0x23  sw x11,-68(x2)
	    24    0x00 0x45 0x20 0x23  sw x4,0(x10)
	    28    0x00 0x32 0xa0 0x23  sw x3,0(x5)
	    32    0xfe 0x11 0x2e 0x23  sw x1,-4(x2)
	    36    0x00 0x00 0x00 0xef  jal x1, __stdio_void_clib_hosted_io___PHosted_clib_vars
	    40    0xfc 0x01 0x05 0x13  addi x10,x2,-64
	    44    0x00 0x05 0x20 0x83  lw x1,0(x10)
	    48    0x00 0x00 0x05 0x37  lui x10, 0
	    52    0x00 0x00 0x84 0x63  beq x1,x0,8
	    56    0xff 0xf0 0x05 0x13  addi x10,x0,-1
	    60    0x00 0x10 0x20 0x23  sw x1,errno(x0)
	    64    0xff 0xc1 0x20 0x83  lw x1,-4(x2)
	    68    0xfb 0x81 0x01 0x13  addi x2,x2,-72
.label close__end last
.rts
	    72    0x00 0x00 0x80 0x67  jalr x0, x1, 0

.undef global data errno

.text_segment_name
.text global 0 sprintf
	     0    0x04 0x81 0x01 0x13  addi x2,x2,72
	     4    0xfb 0x81 0x02 0x93  addi x5,x2,-72
	     8    0xfb 0x81 0x05 0x13  addi x10,x2,-72
	    12    0x01 0x70 0x01 0x93  addi x3,x0,23
	    16    0xff 0xf0 0x02 0x13  addi x4,x0,-1
	    20    0xfc 0x01 0x03 0x13  addi x6,x2,-64
	    24    0xfe 0xb1 0x22 0x23  sw x11,-28(x2)
	    28    0xfc 0xc1 0x26 0x23  sw x12,-52(x2)
	    32    0xfe 0x51 0x2c 0x23  sw x5,-8(x2)
	    36    0x00 0x35 0x20 0x23  sw x3,0(x10)
	    40    0x00 0x43 0x20 0x23  sw x4,0(x6)
	    44    0xfe 0x11 0x2e 0x23  sw x1,-4(x2)
	    48    0x00 0x00 0x00 0xef  jal x1, __stdio_void_clib_hosted_io___PHosted_clib_vars
	    52    0xfc 0x01 0x05 0x13  addi x10,x2,-64
	    56    0xff 0xc1 0x20 0x83  lw x1,-4(x2)
	    60    0x00 0x05 0x25 0x03  lw x10,0(x10)
	    64    0xfb 0x81 0x01 0x13  addi x2,x2,-72
.label sprintf__end last
.rts
	    68    0x00 0x00 0x80 0x67  jalr x0, x1, 0

.text_segment_name
.text global 0 snprintf
	     0    0x04 0x81 0x01 0x13  addi x2,x2,72
	     4    0xfb 0x81 0x02 0x93  addi x5,x2,-72
	     8    0xfb 0x81 0x05 0x13  addi x10,x2,-72
	    12    0x01 0x80 0x01 0x93  addi x3,x0,24
	    16    0xff 0xf0 0x02 0x13  addi x4,x0,-1
	    20    0xfc 0x01 0x03 0x13  addi x6,x2,-64
	    24    0xfe 0xb1 0x22 0x23  sw x11,-28(x2)
	    28    0xfe 0xc1 0x24 0x23  sw x12,-24(x2)
	    32    0xfc 0xd1 0x26 0x23  sw x13,-52(x2)
	    36    0xfe 0x51 0x2c 0x23  sw x5,-8(x2)
	    40    0x00 0x35 0x20 0x23  sw x3,0(x10)
	    44    0x00 0x43 0x20 0x23  sw x4,0(x6)
	    48    0xfe 0x11 0x2e 0x23  sw x1,-4(x2)
	    52    0x00 0x00 0x00 0xef  jal x1, __stdio_void_clib_hosted_io___PHosted_clib_vars
	    56    0xfc 0x01 0x05 0x13  addi x10,x2,-64
	    60    0xff 0xc1 0x20 0x83  lw x1,-4(x2)
	    64    0x00 0x05 0x25 0x03  lw x10,0(x10)
	    68    0xfb 0x81 0x01 0x13  addi x2,x2,-72
.label snprintf__end last
.rts
	    72    0x00 0x00 0x80 0x67  jalr x0, x1, 0

.text_segment_name
.text global 0 vsprintf
	     0    0x04 0x81 0x01 0x13  addi x2,x2,72
	     4    0xfb 0x81 0x05 0x13  addi x10,x2,-72
	     8    0x01 0x70 0x02 0x13  addi x4,x0,23
	    12    0xff 0xf0 0x01 0x93  addi x3,x0,-1
	    16    0xfc 0x01 0x02 0x93  addi x5,x2,-64
	    20    0xfe 0xb1 0x22 0x23  sw x11,-28(x2)
	    24    0xfc 0xc1 0x26 0x23  sw x12,-52(x2)
	    28    0xfe 0xd1 0x2c 0x23  sw x13,-8(x2)
	    32    0x00 0x45 0x20 0x23  sw x4,0(x10)
	    36    0x00 0x32 0xa0 0x23  sw x3,0(x5)
	    40    0xfe 0x11 0x2e 0x23  sw x1,-4(x2)
	    44    0x00 0x00 0x00 0xef  jal x1, __stdio_void_clib_hosted_io___PHosted_clib_vars
	    48    0xfc 0x01 0x05 0x13  addi x10,x2,-64
	    52    0xff 0xc1 0x20 0x83  lw x1,-4(x2)
	    56    0x00 0x05 0x25 0x03  lw x10,0(x10)
	    60    0xfb 0x81 0x01 0x13  addi x2,x2,-72
.label vsprintf__end last
.rts
	    64    0x00 0x00 0x80 0x67  jalr x0, x1, 0

.text_segment_name
.text global 0 vsnprintf
	     0    0x04 0x81 0x01 0x13  addi x2,x2,72
	     4    0xfb 0x81 0x05 0x13  addi x10,x2,-72
	     8    0x01 0x80 0x02 0x13  addi x4,x0,24
	    12    0xff 0xf0 0x01 0x93  addi x3,x0,-1
	    16    0xfc 0x01 0x02 0x93  addi x5,x2,-64
	    20    0xfe 0xb1 0x22 0x23  sw x11,-28(x2)
	    24    0xfe 0xc1 0x24 0x23  sw x12,-24(x2)
	    28    0xfc 0xd1 0x26 0x23  sw x13,-52(x2)
	    32    0xfe 0xe1 0x2c 0x23  sw x14,-8(x2)
	    36    0x00 0x45 0x20 0x23  sw x4,0(x10)
	    40    0x00 0x32 0xa0 0x23  sw x3,0(x5)
	    44    0xfe 0x11 0x2e 0x23  sw x1,-4(x2)
	    48    0x00 0x00 0x00 0xef  jal x1, __stdio_void_clib_hosted_io___PHosted_clib_vars
	    52    0xfc 0x01 0x05 0x13  addi x10,x2,-64
	    56    0xff 0xc1 0x20 0x83  lw x1,-4(x2)
	    60    0x00 0x05 0x25 0x03  lw x10,0(x10)
	    64    0xfb 0x81 0x01 0x13  addi x2,x2,-72
.label vsnprintf__end last
.rts
	    68    0x00 0x00 0x80 0x67  jalr x0, x1, 0

.text_segment_name
.text global 0 sscanf
	     0    0x04 0x81 0x01 0x13  addi x2,x2,72
	     4    0xfb 0x81 0x02 0x93  addi x5,x2,-72
	     8    0xfb 0x81 0x05 0x13  addi x10,x2,-72
	    12    0x01 0x90 0x01 0x93  addi x3,x0,25
	    16    0xff 0xf0 0x02 0x13  addi x4,x0,-1
	    20    0xfc 0x01 0x03 0x13  addi x6,x2,-64
	    24    0xfe 0xb1 0x20 0x23  sw x11,-32(x2)
	    28    0xfc 0xc1 0x26 0x23  sw x12,-52(x2)
	    32    0xfe 0x51 0x2c 0x23  sw x5,-8(x2)
	    36    0x00 0x35 0x20 0x23  sw x3,0(x10)
	    40    0x00 0x43 0x20 0x23  sw x4,0(x6)
	    44    0xfe 0x11 0x2e 0x23  sw x1,-4(x2)
	    48    0x00 0x00 0x00 0xef  jal x1, __stdio_void_clib_hosted_io___PHosted_clib_vars
	    52    0xfc 0x01 0x05 0x13  addi x10,x2,-64
	    56    0xff 0xc1 0x20 0x83  lw x1,-4(x2)
	    60    0x00 0x05 0x25 0x03  lw x10,0(x10)
	    64    0xfb 0x81 0x01 0x13  addi x2,x2,-72
.label sscanf__end last
.rts
	    68    0x00 0x00 0x80 0x67  jalr x0, x1, 0

.text_segment_name
.text global 0 vsscanf
	     0    0x04 0x81 0x01 0x13  addi x2,x2,72
	     4    0xfb 0x81 0x05 0x13  addi x10,x2,-72
	     8    0x01 0x90 0x02 0x13  addi x4,x0,25
	    12    0xff 0xf0 0x01 0x93  addi x3,x0,-1
	    16    0xfc 0x01 0x02 0x93  addi x5,x2,-64
	    20    0xfe 0xb1 0x20 0x23  sw x11,-32(x2)
	    24    0xfc 0xc1 0x26 0x23  sw x12,-52(x2)
	    28    0xfe 0xd1 0x2c 0x23  sw x13,-8(x2)
	    32    0x00 0x45 0x20 0x23  sw x4,0(x10)
	    36    0x00 0x32 0xa0 0x23  sw x3,0(x5)
	    40    0xfe 0x11 0x2e 0x23  sw x1,-4(x2)
	    44    0x00 0x00 0x00 0xef  jal x1, __stdio_void_clib_hosted_io___PHosted_clib_vars
	    48    0xfc 0x01 0x05 0x13  addi x10,x2,-64
	    52    0xff 0xc1 0x20 0x83  lw x1,-4(x2)
	    56    0x00 0x05 0x25 0x03  lw x10,0(x10)
	    60    0xfb 0x81 0x01 0x13  addi x2,x2,-72
.label vsscanf__end last
.rts
	    64    0x00 0x00 0x80 0x67  jalr x0, x1, 0

