
; File generated by darts version O-2018.09#f5599cac26#190121, Tue May 28 12:03:35 2024
; Copyright 2014-2018 Synopsys, Inc. All rights reserved.
; darts -B -I.. +p -d -h -I../runtime/include -I../runtime/include -D__tct_patch__=300 -p +r -L +Ihex lib/Release/string.o tzscale

; Release: ipd O-2018.09-SP3
.data_segment_name
.bss local 1 __string_strtok_last DMb_stat 4

.data_segment_name
.rodata local 1 __string___str0001003f DMb
	0x0

.undef local data strtok__end

.undef local data __string_strtok_last

.undef local data __string___str0001003f

.undef global data strtok

.text_segment_name
.text global 0 memcpy
	     0    0x00 0x80 0x01 0x93  addi x3,x0,8
	     4    0x85 0x2e            mv x10, x11
	     6    0xa6 0x09            j 22
	     8    0x00 0x06 0x22 0x03  lw x4,0(x12)
	    12    0x00 0x46 0x22 0x83  lw x5,4(x12)
	    16    0x00 0x45 0xa0 0x23  sw x4,0(x11)
	    20    0x00 0x55 0xa2 0x23  sw x5,4(x11)
	    24    0x18 0x6d            addi x13, -8
	    26    0x08 0x59            addi x11, 8
	    28    0x08 0x61            addi x12, 8
.label __ll1_memcpy
	    30    0xfe 0x36 0xf3 0xe3  bgeu x13,x3,-26
	    34    0x00 0x40 0x01 0x93  addi x3,x0,4
	    38    0x00 0x36 0xe7 0x63  bltu x13,x3,14
	    42    0x00 0x06 0x21 0x83  lw x3,0(x12)
	    46    0x1c 0x6d            addi x13, -4
	    48    0x00 0x35 0xa0 0x23  sw x3,0(x11)
	    52    0x04 0x59            addi x11, 4
	    54    0x04 0x61            addi x12, 4
	    56    0x96 0xae            add x13, x11
	    58    0xac 0x01            j 12
	    60    0x00 0x06 0x41 0x83  lbu x3,0(x12)
	    64    0x01 0x61            addi x12, 1
	    66    0x00 0x35 0x80 0x23  sb x3,0(x11)
	    70    0x01 0x59            addi x11, 1
.label __ll2_memcpy
	    72    0xfe 0xd5 0xe8 0xe3  bltu x11,x13,-16
.label memcpy__end last
.rts
	    76    0x00 0x00 0x80 0x67  jalr x0, x1, 0

.text_segment_name
.text global 0 memmove
	     0    0x85 0x2e            mv x10, x11
	     2    0x02 0xa6 0x72 0x63  bgeu x12,x10,36
	     6    0xff 0xf6 0x85 0x93  addi x11,x13,-1
	    10    0x96 0x2e            add x12, x11
	    12    0x00 0xb5 0x06 0xb3  add x13,x10,x11
	    16    0x40 0xb6 0x05 0xb3  sub x11,x12,x11
	    20    0xac 0x01            j 12
	    22    0x00 0x06 0x01 0x83  lb x3,0(x12)
	    26    0x1f 0x65            addi x12, -1
	    28    0x00 0x36 0x80 0x23  sb x3,0(x13)
	    32    0x1f 0x6d            addi x13, -1
.label __ll2_memmove
	    34    0xfe 0xb6 0x78 0xe3  bgeu x12,x11,-16
.rts
	    38    0x00 0x00 0x80 0x67  jalr x0, x1, 0
	    42    0x96 0xb2            add x13, x12
	    44    0x85 0xaa            mv x11, x10
	    46    0xac 0x01            j 12
	    48    0x00 0x06 0x01 0x83  lb x3,0(x12)
	    52    0x01 0x61            addi x12, 1
	    54    0x00 0x35 0x80 0x23  sb x3,0(x11)
	    58    0x01 0x59            addi x11, 1
.label __ll1_memmove
	    60    0xfe 0xd6 0x68 0xe3  bltu x12,x13,-16
.label memmove__end last
.rts
	    64    0x00 0x00 0x80 0x67  jalr x0, x1, 0

.text_segment_name
.text global 0 strcpy
	     0    0x80 0x80 0x81 0xb7  lui x3, -522232
	     4    0xfe 0xfe 0xf2 0x37  lui x4, -4113
	     8    0x85 0x2e            mv x10, x11
	    10    0xff 0xf0 0x05 0x93  addi x11,x0,-1
	    14    0x08 0x01 0xe1 0x93  ori x3,x3,128
	    18    0xef 0xf2 0x62 0x13  ori x4,x4,3839
	    22    0xac 0x01            j 12
	    24    0x00 0x06 0x22 0x83  lw x5,0(x12)
	    28    0x04 0x61            addi x12, 4
	    30    0x00 0x55 0x20 0x23  sw x5,0(x10)
	    34    0x04 0x51            addi x10, 4
.label __ll1_strcpy
	    36    0x00 0x06 0x23 0x03  lw x6,0(x12)
	    40    0x00 0xb3 0x42 0xb3  xor x5,x6,x11
	    44    0x93 0x12            add x6, x4
	    46    0x00 0x53 0x72 0xb3  and x5,x6,x5
	    50    0x00 0x32 0xf2 0xb3  and x5,x5,x3
	    54    0xfc 0x02 0x8f 0xe3  beq x5,x0,-34
	    58    0x00 0x06 0x05 0x83  lb x11,0(x12)
	    62    0x01 0x61            addi x12, 1
	    64    0x00 0xb5 0x00 0x23  sb x11,0(x10)
	    68    0x01 0x51            addi x10, 1
	    70    0xfe 0x05 0x98 0xe3  bne x11,x0,-16
.label strcpy__end last
.rts
	    74    0x00 0x00 0x80 0x67  jalr x0, x1, 0

.text_segment_name
.text global 0 strncpy
	     0    0x00 0x40 0x05 0x13  addi x10,x0,4
	     4    0x04 0xa6 0xea 0x63  bltu x13,x10,84
	     8    0x80 0x80 0x82 0x37  lui x4, -522232
	    12    0xfe 0xfe 0xf2 0xb7  lui x5, -4113
	    16    0xff 0xf0 0x01 0x93  addi x3,x0,-1
	    20    0x08 0x02 0x62 0x13  ori x4,x4,128
	    24    0xef 0xf2 0xe2 0x93  ori x5,x5,3839
	    28    0xae 0x01            j 14
	    30    0x00 0x06 0x23 0x03  lw x6,0(x12)
	    34    0x1c 0x6d            addi x13, -4
	    36    0x00 0x65 0xa0 0x23  sw x6,0(x11)
	    40    0x04 0x59            addi x11, 4
	    42    0x04 0x61            addi x12, 4
.label __ll1_strncpy
	    44    0x02 0xa6 0xe6 0x63  bltu x13,x10,44
	    48    0x00 0x06 0x23 0x83  lw x7,0(x12)
	    52    0x00 0x71 0xc3 0x33  xor x6,x3,x7
	    56    0x93 0x96            add x7, x5
	    58    0x00 0x73 0x73 0x33  and x6,x6,x7
	    62    0x00 0x62 0x73 0x33  and x6,x4,x6
	    66    0xfc 0x03 0x0c 0xe3  beq x6,x0,-40
	    70    0xa4 0x09            j 20
	    72    0x00 0x06 0x01 0x83  lb x3,0(x12)
	    76    0x85 0x2e            mv x10, x11
	    78    0x1f 0x6d            addi x13, -1
	    80    0x01 0x59            addi x11, 1
	    82    0x01 0x61            addi x12, 1
	    84    0x00 0x35 0x00 0x23  sb x3,0(x10)
	    88    0x00 0x01 0x84 0x63  beq x3,x0,8
.label __ll2_strncpy
	    92    0xfe 0xd0 0x64 0xe3  bltu x0,x13,-24
	    96    0x00 0x00 0x05 0x37  lui x10, 0
.label __ll3_strncpy
	   100    0x96 0xae            add x13, x11
	   102    0xa6 0x01            j 6
	   104    0x00 0x05 0x80 0x23  sb x0,0(x11)
	   108    0x01 0x59            addi x11, 1
.label __ll4_strncpy
	   110    0xfe 0xd5 0xeb 0xe3  bltu x11,x13,-10
	   114    0x00 0x05 0x11 0x63  bne x10,x0,2
	   118    0x85 0x2e            mv x10, x11
.label strncpy__end last
.rts
	   120    0x00 0x00 0x80 0x67  jalr x0, x1, 0

.text_segment_name
.text global 0 strcat
	     0    0x85 0x2e            mv x10, x11
	     2    0xfe 0xfe 0xf5 0xb7  lui x11, -4113
	     6    0x80 0x80 0x82 0x37  lui x4, -522232
	    10    0xef 0xf5 0xe2 0x93  ori x5,x11,3839
	    14    0x08 0x11            addi x2, 8
	    16    0xff 0xf0 0x01 0x93  addi x3,x0,-1
	    20    0x08 0x02 0x62 0x13  ori x4,x4,128
	    24    0x85 0xaa            mv x11, x10
	    26    0xa2 0x01            j 2
	    28    0x04 0x59            addi x11, 4
.label __ll1_strcat
	    30    0x00 0x05 0xa3 0x83  lw x7,0(x11)
	    34    0x00 0x71 0xc3 0x33  xor x6,x3,x7
	    38    0x93 0x96            add x7, x5
	    40    0x00 0x73 0x73 0x33  and x6,x6,x7
	    44    0x00 0x62 0x73 0x33  and x6,x4,x6
	    48    0xfe 0x03 0x04 0xe3  beq x6,x0,-24
	    52    0xfe 0x11 0x2e 0x23  sw x1,-4(x2)
	    56    0xfe 0xa1 0x2c 0x23  sw x10,-8(x2)
	    60    0xa2 0x01            j 2
	    62    0x01 0x59            addi x11, 1
.label __ll2_strcat
	    64    0x00 0x05 0x80 0x83  lb x1,0(x11)
	    68    0xfe 0x00 0x9b 0xe3  bne x1,x0,-10
	    72    0x00 0x00 0x00 0xef  jal x1, strcpy
	    76    0xff 0xc1 0x26 0x03  lw x12,-4(x2)
	    80    0xff 0x81 0x25 0x03  lw x10,-8(x2)
	    84    0x18 0x15            addi x2, -8
.label strcat__end last
.rts
	    86    0x00 0x06 0x00 0x67  jalr x0, x12, 0

.undef global text strcpy

.text_segment_name
.text global 0 strncat
	     0    0x85 0x2e            mv x10, x11
	     2    0x00 0x05 0x81 0x83  lb x3,0(x11)
	     6    0x01 0x59            addi x11, 1
	     8    0xfe 0x01 0x9b 0xe3  bne x3,x0,-10
	    12    0x1f 0x5d            addi x11, -1
	    14    0xa8 0x01            j 8
	    16    0x00 0x35 0x80 0x23  sb x3,0(x11)
	    20    0x1f 0x6d            addi x13, -1
	    22    0x01 0x59            addi x11, 1
.label __ll2_strncat
	    24    0x00 0x06 0x85 0x63  beq x13,x0,10
	    28    0x00 0x06 0x01 0x83  lb x3,0(x12)
	    32    0x01 0x61            addi x12, 1
	    34    0xfe 0x01 0x95 0xe3  bne x3,x0,-22
	    38    0x00 0x05 0x80 0x23  sb x0,0(x11)
.label strncat__end last
.rts
	    42    0x00 0x00 0x80 0x67  jalr x0, x1, 0

.text_segment_name
.text global 0 memcmp
	     0    0x00 0xb6 0x85 0x33  add x10,x13,x11
	     4    0xb0 0x01            j 32
	     6    0x00 0x05 0x86 0x83  lb x13,0(x11)
	    10    0x00 0x06 0x01 0x83  lb x3,0(x12)
	    14    0x01 0x59            addi x11, 1
	    16    0x01 0x61            addi x12, 1
	    18    0x00 0x36 0x88 0x63  beq x13,x3,16
	    22    0x0f 0xf6 0xf5 0x93  andi x11,x13,255
	    26    0x0f 0xf1 0xf6 0x13  andi x12,x3,255
	    30    0x40 0xc5 0x85 0x33  sub x10,x11,x12
.rts
	    34    0x00 0x00 0x80 0x67  jalr x0, x1, 0
.label __ll1_memcmp
	    38    0xfc 0xa5 0x9e 0xe3  bne x11,x10,-36
	    42    0x00 0x00 0x05 0x37  lui x10, 0
.label memcmp__end last
.rts
	    46    0x00 0x00 0x80 0x67  jalr x0, x1, 0

.text_segment_name
.text global 0 strcmp
	     0    0x00 0x05 0x85 0x03  lb x10,0(x11)
	     4    0x00 0x06 0x01 0x83  lb x3,0(x12)
	     8    0x00 0x35 0x12 0x63  bne x10,x3,4
	    12    0x00 0x05 0x18 0x63  bne x10,x0,16
	    16    0x0f 0xf5 0x76 0x13  andi x12,x10,255
	    20    0x0f 0xf1 0xf5 0x93  andi x11,x3,255
	    24    0x40 0xb6 0x05 0x33  sub x10,x12,x11
.rts
	    28    0x00 0x00 0x80 0x67  jalr x0, x1, 0
	    32    0x00 0x15 0x85 0x03  lb x10,1(x11)
	    36    0x00 0x16 0x01 0x83  lb x3,1(x12)
	    40    0x00 0x35 0x12 0x63  bne x10,x3,4
	    44    0x00 0x05 0x18 0x63  bne x10,x0,16
	    48    0x00 0x15 0xc5 0x83  lbu x11,1(x11)
	    52    0x00 0x16 0x46 0x03  lbu x12,1(x12)
	    56    0x40 0xc5 0x85 0x33  sub x10,x11,x12
.rts
	    60    0x00 0x00 0x80 0x67  jalr x0, x1, 0
	    64    0x00 0x25 0x85 0x03  lb x10,2(x11)
	    68    0x00 0x26 0x01 0x83  lb x3,2(x12)
	    72    0x00 0x35 0x12 0x63  bne x10,x3,4
	    76    0x00 0x05 0x18 0x63  bne x10,x0,16
	    80    0x00 0x25 0xc5 0x83  lbu x11,2(x11)
	    84    0x00 0x26 0x46 0x03  lbu x12,2(x12)
	    88    0x40 0xc5 0x85 0x33  sub x10,x11,x12
.rts
	    92    0x00 0x00 0x80 0x67  jalr x0, x1, 0
	    96    0x00 0x35 0x85 0x03  lb x10,3(x11)
	   100    0x00 0x36 0x01 0x83  lb x3,3(x12)
	   104    0x00 0x35 0x12 0x63  bne x10,x3,4
	   108    0x00 0x05 0x18 0x63  bne x10,x0,16
	   112    0x00 0x35 0xc5 0x83  lbu x11,3(x11)
	   116    0x00 0x36 0x46 0x03  lbu x12,3(x12)
	   120    0x40 0xc5 0x85 0x33  sub x10,x11,x12
.rts
	   124    0x00 0x00 0x80 0x67  jalr x0, x1, 0
	   128    0x04 0x59            addi x11, 4
	   130    0x04 0x61            addi x12, 4
.label strcmp__end last
	   132    0xba 0xfd            j -134

.text_segment_name
.text global 0 strncmp
	     0    0x08 0x06 0x88 0x63  beq x13,x0,144
	     4    0x80 0x80 0x82 0xb7  lui x5, -522232
	     8    0xfe 0xfe 0xf3 0x37  lui x6, -4113
	    12    0x00 0x40 0x01 0x93  addi x3,x0,4
	    16    0xff 0xf0 0x02 0x13  addi x4,x0,-1
	    20    0x00 0x00 0x05 0x37  lui x10, 0
	    24    0x08 0x02 0xe2 0x93  ori x5,x5,128
	    28    0xef 0xf3 0x63 0x13  ori x6,x6,3839
	    32    0xb4 0x01            j 36
	    34    0x1c 0x6d            addi x13, -4
	    36    0x00 0x06 0x8b 0x63  beq x13,x0,22
	    40    0x00 0x05 0xa4 0x03  lw x8,0(x11)
	    44    0x00 0x44 0x43 0xb3  xor x7,x8,x4
	    48    0x94 0x1a            add x8, x6
	    50    0x00 0x74 0x73 0xb3  and x7,x8,x7
	    54    0x00 0x72 0xf3 0xb3  and x7,x5,x7
	    58    0x00 0x03 0x82 0x63  beq x7,x0,4
.rts
	    62    0x00 0x00 0x80 0x67  jalr x0, x1, 0
	    66    0x04 0x59            addi x11, 4
	    68    0x04 0x61            addi x12, 4
.label __ll1_strncmp
	    70    0x00 0x36 0xe6 0x63  bltu x13,x3,12
	    74    0x00 0x05 0xa3 0x83  lw x7,0(x11)
	    78    0x00 0x06 0x24 0x03  lw x8,0(x12)
	    82    0xfc 0x83 0x86 0xe3  beq x7,x8,-52
	    86    0xff 0xf6 0x81 0x93  addi x3,x13,-1
	    90    0x96 0xae            add x13, x11
	    92    0x91 0xae            add x3, x11
	    94    0xa4 0x09            j 20
	    96    0x00 0x35 0x84 0x63  beq x11,x3,8
	   100    0x00 0x05 0x82 0x03  lb x4,0(x11)
	   104    0x00 0x02 0x12 0x63  bne x4,x0,4
.rts
	   108    0x00 0x00 0x80 0x67  jalr x0, x1, 0
	   112    0x01 0x61            addi x12, 1
	   114    0x01 0x59            addi x11, 1
.label __ll2_strncmp
	   116    0x00 0xd5 0xf6 0x63  bgeu x11,x13,12
	   120    0x00 0x05 0x82 0x03  lb x4,0(x11)
	   124    0x00 0x06 0x02 0x83  lb x5,0(x12)
	   128    0xfc 0x52 0x0e 0xe3  beq x4,x5,-36
	   132    0x00 0x05 0xc5 0x03  lbu x10,0(x11)
	   136    0x00 0x06 0x46 0x03  lbu x12,0(x12)
	   140    0x40 0xc5 0x05 0x33  sub x10,x10,x12
.rts
	   144    0x00 0x00 0x80 0x67  jalr x0, x1, 0
	   148    0x00 0x00 0x05 0x37  lui x10, 0
.label strncmp__end last
.rts
	   152    0x00 0x00 0x80 0x67  jalr x0, x1, 0

.text_segment_name
.text global 0 strxfrm
	     0    0x10 0x11            addi x2, 16
	     2    0xfe 0xb1 0x2a 0x23  sw x11,-12(x2)
	     6    0xfe 0xd1 0x2e 0x23  sw x13,-4(x2)
	    10    0xfe 0xc1 0x2c 0x23  sw x12,-8(x2)
	    14    0xfe 0x11 0x28 0x23  sw x1,-16(x2)
	    18    0x85 0xb2            mv x11, x12
	    20    0x00 0x00 0x00 0xef  jal x1, strlen
	    24    0xff 0xc1 0x20 0x83  lw x1,-4(x2)
	    28    0xff 0x81 0x25 0x83  lw x11,-8(x2)
	    32    0x00 0x15 0x7c 0x63  bgeu x10,x1,24
	    36    0xff 0x41 0x20 0x83  lw x1,-12(x2)
	    40    0x00 0xb5 0x06 0x33  add x12,x10,x11
	    44    0x00 0x05 0x86 0x83  lb x13,0(x11)
	    48    0x01 0x59            addi x11, 1
	    50    0x00 0xd0 0x80 0x23  sb x13,0(x1)
	    54    0x01 0x09            addi x1, 1
	    56    0xfe 0xb6 0x78 0xe3  bgeu x12,x11,-16
	    60    0xff 0x01 0x25 0x83  lw x11,-16(x2)
	    64    0x10 0x15            addi x2, -16
.label strxfrm__end last
.rts
	    66    0x00 0x05 0x80 0x67  jalr x0, x11, 0

.undef global text strlen

.text_segment_name
.text global 0 memchr
	     0    0x96 0xae            add x13, x11
	     2    0x0f 0xf6 0x76 0x13  andi x12,x12,255
	     6    0xa0 0x09            j 16
	     8    0x00 0x05 0x41 0x83  lbu x3,0(x10)
	    12    0x00 0x15 0x05 0x93  addi x11,x10,1
	    16    0x00 0xc1 0x92 0x63  bne x3,x12,4
.rts
	    20    0x00 0x00 0x80 0x67  jalr x0, x1, 0
.label __ll1_memchr
	    24    0x85 0x2e            mv x10, x11
	    26    0xfe 0xd5 0x15 0xe3  bne x10,x13,-22
	    30    0x00 0x00 0x05 0x37  lui x10, 0
.label memchr__end last
.rts
	    34    0x00 0x00 0x80 0x67  jalr x0, x1, 0

.text_segment_name
.text global 0 strchr
	     0    0x01 0x11            addi x2, 1
	     2    0xfe 0xc1 0x0f 0xa3  sb x12,-1(x2)
	     6    0xff 0xf1 0x06 0x03  lb x12,-1(x2)
	    10    0x00 0x05 0x81 0x83  lb x3,0(x11)
	    14    0x85 0x2e            mv x10, x11
	    16    0x01 0x59            addi x11, 1
	    18    0x00 0xc1 0x93 0x63  bne x3,x12,6
	    22    0x1f 0x15            addi x2, -1
.rts
	    24    0x00 0x00 0x80 0x67  jalr x0, x1, 0
	    28    0xfe 0x01 0x95 0xe3  bne x3,x0,-22
	    32    0x1f 0x15            addi x2, -1
	    34    0x00 0x00 0x05 0x37  lui x10, 0
.label strchr__end last
.rts
	    38    0x00 0x00 0x80 0x67  jalr x0, x1, 0

.text_segment_name
.text global 0 strcspn
	     0    0xff 0xf0 0x05 0x13  addi x10,x0,-1
	     4    0x00 0x05 0x81 0x83  lb x3,0(x11)
	     8    0x01 0x51            addi x10, 1
	    10    0x01 0x59            addi x11, 1
	    12    0x82 0x32            mv x4, x12
	    14    0x00 0x02 0x02 0x83  lb x5,0(x4)
	    18    0x01 0x21            addi x4, 1
	    20    0x00 0x51 0x92 0x63  bne x3,x5,4
.rts
	    24    0x00 0x00 0x80 0x67  jalr x0, x1, 0
	    28    0xfe 0x02 0x97 0xe3  bne x5,x0,-18
.label strcspn__end last
	    32    0xb3 0xf5            j -30

.text_segment_name
.text global 0 strpbrk
	     0    0x85 0x2e            mv x10, x11
	     2    0xa6 0x09            j 22
	     4    0x81 0xb2            mv x3, x12
	     6    0x00 0x01 0x82 0x03  lb x4,0(x3)
	    10    0x01 0x19            addi x3, 1
	    12    0x00 0x45 0x92 0x63  bne x11,x4,4
.rts
	    16    0x00 0x00 0x80 0x67  jalr x0, x1, 0
	    20    0xfe 0x02 0x17 0xe3  bne x4,x0,-18
	    24    0x01 0x51            addi x10, 1
.label __ll1_strpbrk
	    26    0x00 0x05 0x05 0x83  lb x11,0(x10)
	    30    0xfe 0x05 0x91 0xe3  bne x11,x0,-30
	    34    0x00 0x00 0x05 0x37  lui x10, 0
.label strpbrk__end last
.rts
	    38    0x00 0x00 0x80 0x67  jalr x0, x1, 0

.text_segment_name
.text global 0 strrchr
	     0    0x01 0x11            addi x2, 1
	     2    0xfe 0xc1 0x0f 0xa3  sb x12,-1(x2)
	     6    0xff 0xf1 0x06 0x03  lb x12,-1(x2)
	    10    0x00 0x00 0x05 0x37  lui x10, 0
	    14    0x00 0x05 0x81 0x83  lb x3,0(x11)
	    18    0x00 0x15 0x82 0x13  addi x4,x11,1
	    22    0x00 0xc1 0x91 0x63  bne x3,x12,2
	    26    0x85 0x2e            mv x10, x11
	    28    0x85 0x92            mv x11, x4
	    30    0xfe 0x01 0x96 0xe3  bne x3,x0,-20
	    34    0x1f 0x15            addi x2, -1
.label strrchr__end last
.rts
	    36    0x00 0x00 0x80 0x67  jalr x0, x1, 0

.text_segment_name
.text global 0 strspn
	     0    0x85 0x2e            mv x10, x11
	     2    0xa6 0x09            j 22
	     4    0x82 0xb2            mv x5, x12
	     6    0x00 0x02 0x82 0x03  lb x4,0(x5)
	    10    0x01 0x29            addi x5, 1
	    12    0x00 0x41 0x82 0x63  beq x3,x4,4
	    16    0xfe 0x02 0x19 0xe3  bne x4,x0,-14
.label __ll1_strspn
	    20    0x01 0x51            addi x10, 1
	    22    0x00 0x02 0x05 0x63  beq x4,x0,10
.label __ll2_strspn
	    26    0x00 0x05 0x01 0x83  lb x3,0(x10)
	    30    0xfe 0x01 0x91 0xe3  bne x3,x0,-30
	    34    0x01 0x51            addi x10, 1
.label __ll3_strspn
	    36    0xff 0xf5 0x06 0x13  addi x12,x10,-1
	    40    0x40 0xb6 0x05 0x33  sub x10,x12,x11
.label strspn__end last
.rts
	    44    0x00 0x00 0x80 0x67  jalr x0, x1, 0

.text_segment_name
.text global 0 strstr
	     0    0x85 0x2e            mv x10, x11
	     2    0x85 0xb2            mv x11, x12
	     4    0x81 0xaa            mv x3, x10
	     6    0x00 0x05 0x82 0x83  lb x5,0(x11)
	    10    0x00 0x01 0x82 0x03  lb x4,0(x3)
	    14    0x01 0x19            addi x3, 1
	    16    0x01 0x59            addi x11, 1
	    18    0x00 0x02 0x92 0x63  bne x5,x0,4
.rts
	    22    0x00 0x00 0x80 0x67  jalr x0, x1, 0
	    26    0xfe 0x52 0x04 0xe3  beq x4,x5,-24
	    30    0x00 0x05 0x05 0x83  lb x11,0(x10)
	    34    0x01 0x51            addi x10, 1
	    36    0xfc 0x05 0x9d 0xe3  bne x11,x0,-38
	    40    0x00 0x00 0x05 0x37  lui x10, 0
.label strstr__end last
.rts
	    44    0x00 0x00 0x80 0x67  jalr x0, x1, 0

.text_segment_name
.text global 0 strtok
	     0    0x00 0x05 0x96 0x63  bne x11,x0,12
	     4    0x00 0x00 0x65 0x93  ori x11,x0,__string_strtok_last
	     8    0x00 0x05 0xa5 0x83  lw x11,0(x11)
	    12    0x06 0x05 0x88 0x63  beq x11,x0,112
	    16    0x00 0x00 0x61 0x93  ori x3,x0,__string_strtok_last
	    20    0xa6 0x09            j 22
	    22    0x82 0xb2            mv x5, x12
	    24    0x00 0x02 0x82 0x03  lb x4,0(x5)
	    28    0x01 0x29            addi x5, 1
	    30    0x00 0x45 0x02 0x63  beq x10,x4,4
	    34    0xfe 0x02 0x19 0xe3  bne x4,x0,-14
.label __ll1_strtok
	    38    0x01 0x59            addi x11, 1
	    40    0x00 0x02 0x05 0x63  beq x4,x0,10
.label __ll2_strtok
	    44    0x00 0x05 0x85 0x03  lb x10,0(x11)
	    48    0xfe 0x05 0x11 0xe3  bne x10,x0,-30
	    52    0x01 0x59            addi x11, 1
.label __ll3_strtok
	    54    0x02 0x05 0x0d 0x63  beq x10,x0,58
	    58    0xff 0xf5 0x85 0x13  addi x10,x11,-1
	    62    0x00 0x15 0x82 0x93  addi x5,x11,1
	    66    0x00 0x05 0x82 0x03  lb x4,0(x11)
	    70    0x83 0x32            mv x6, x12
	    72    0x00 0x03 0x03 0x83  lb x7,0(x6)
	    76    0x01 0x31            addi x6, 1
	    78    0x00 0x72 0x1d 0x63  bne x4,x7,26
	    82    0x00 0x02 0x07 0x63  beq x4,x0,14
	    86    0x00 0x05 0x80 0x23  sb x0,0(x11)
	    90    0x01 0x59            addi x11, 1
	    92    0x00 0xb1 0xa0 0x23  sw x11,0(x3)
.rts
	    96    0x00 0x00 0x80 0x67  jalr x0, x1, 0
	   100    0x00 0x00 0x20 0x23  sw x0,__string_strtok_last(x0)
.rts
	   104    0x00 0x00 0x80 0x67  jalr x0, x1, 0
	   108    0xfc 0x03 0x9c 0xe3  bne x7,x0,-40
	   112    0x85 0x96            mv x11, x5
	   114    0xab 0xf5            j -54
	   116    0x00 0x00 0x20 0x23  sw x0,__string_strtok_last(x0)
	   120    0x00 0x00 0x05 0x37  lui x10, 0
.rts
	   124    0x00 0x00 0x80 0x67  jalr x0, x1, 0
	   128    0x00 0x00 0x05 0x37  lui x10, 0
.label strtok__end last
.rts
	   132    0x00 0x00 0x80 0x67  jalr x0, x1, 0

.text_segment_name
.text global 0 memset
	     0    0x85 0x2e            mv x10, x11
	     2    0x0f 0xf6 0x72 0x13  andi x4,x12,255
	     6    0x00 0x40 0x05 0x93  addi x11,x0,4
	    10    0x81 0xaa            mv x3, x10
	    12    0x02 0xb6 0xef 0x63  bltu x13,x11,62
	    16    0x00 0x82 0x11 0x93  slli x3,x4,8
	    20    0x00 0x32 0x61 0xb3  or x3,x4,x3
	    24    0x01 0x01 0x92 0x13  slli x4,x3,16
	    28    0x00 0x32 0x62 0x33  or x4,x4,x3
	    32    0x01 0x00 0x02 0x93  addi x5,x0,16
	    36    0x81 0xaa            mv x3, x10
	    38    0xa4 0x09            j 20
	    40    0x00 0x41 0xa0 0x23  sw x4,0(x3)
	    44    0x00 0x41 0xa2 0x23  sw x4,4(x3)
	    48    0x00 0x41 0xa4 0x23  sw x4,8(x3)
	    52    0x00 0x41 0xa6 0x23  sw x4,12(x3)
	    56    0x10 0x6d            addi x13, -16
	    58    0x10 0x19            addi x3, 16
.label __ll1_memset
	    60    0xfe 0x56 0xf4 0xe3  bgeu x13,x5,-24
	    64    0xa8 0x01            j 8
	    66    0x00 0x41 0xa0 0x23  sw x4,0(x3)
	    70    0x1c 0x6d            addi x13, -4
	    72    0x04 0x19            addi x3, 4
.label __ll2_memset
	    74    0xfe 0xb6 0xfa 0xe3  bgeu x13,x11,-12
	    78    0x96 0x8e            add x13, x3
	    80    0xa6 0x01            j 6
	    82    0x00 0xc1 0x80 0x23  sb x12,0(x3)
	    86    0x01 0x19            addi x3, 1
.label __ll3_memset
	    88    0xfe 0xd1 0x9b 0xe3  bne x3,x13,-10
.label memset__end last
.rts
	    92    0x00 0x00 0x80 0x67  jalr x0, x1, 0

.text_segment_name
.text global 0 strerror
.rela 16 __string___str0001003f 0
	     0    0x00 0x00 0x05 0x37  lui x10, 0
.rela 17 __string___str0001003f 0
	     4    0x00 0x05 0x65 0x13  ori x10,x10,0
.label strerror__end last
.rts
	     8    0x00 0x00 0x80 0x67  jalr x0, x1, 0

.text_segment_name
.text global 0 strlen
	     0    0xfe 0xfe 0xf1 0xb7  lui x3, -4113
	     4    0x80 0x80 0x82 0x37  lui x4, -522232
	     8    0xef 0xf1 0xe2 0x93  ori x5,x3,3839
	    12    0xff 0xf0 0x05 0x13  addi x10,x0,-1
	    16    0x08 0x02 0x62 0x13  ori x4,x4,128
	    20    0x81 0xae            mv x3, x11
	    22    0xa2 0x01            j 2
	    24    0x04 0x19            addi x3, 4
.label __ll1_strlen
	    26    0x00 0x01 0xa3 0x83  lw x7,0(x3)
	    30    0x00 0x75 0x43 0x33  xor x6,x10,x7
	    34    0x93 0x96            add x7, x5
	    36    0x00 0x73 0x73 0x33  and x6,x6,x7
	    40    0x00 0x62 0x73 0x33  and x6,x4,x6
	    44    0xfe 0x03 0x04 0xe3  beq x6,x0,-24
	    48    0xa2 0x01            j 2
	    50    0x01 0x19            addi x3, 1
.label __ll2_strlen
	    52    0x00 0x01 0x85 0x03  lb x10,0(x3)
	    56    0xfe 0x05 0x1b 0xe3  bne x10,x0,-10
	    60    0x40 0xb1 0x85 0x33  sub x10,x3,x11
.label strlen__end last
.rts
	    64    0x00 0x00 0x80 0x67  jalr x0, x1, 0

