
; File generated by darts version O-2018.09#f5599cac26#190121, Tue May 28 12:03:38 2024
; Copyright 2014-2018 Synopsys, Inc. All rights reserved.
; darts -B -I.. +p -d -h -I../runtime/include -I../runtime/include -D__tct_patch__=300 -p +r -L +Ihex lib/Release/strtoul.o tzscale

; Release: ipd O-2018.09-SP3
.undef global data _ct_code

.undef global data errno

.text_segment_name
.text global 0 strtoul
.rela 16 _ct_code 0
	     0    0x00 0x00 0x01 0xb7  lui x3, 0
.rela 17 _ct_code 0
	     4    0x00 0x01 0xe9 0x13  ori x18,x3,0
	     8    0x04 0x00 0x02 0x93  addi x5,x0,64
	    12    0x81 0xae            mv x3, x11
	    14    0x00 0x01 0xc2 0x03  lbu x4,0(x3)
	    18    0x01 0x19            addi x3, 1
	    20    0x01 0x22 0x03 0x33  add x6,x4,x18
	    24    0x00 0x03 0x43 0x03  lbu x6,0(x6)
	    28    0x00 0x53 0x73 0x33  and x6,x6,x5
	    32    0xfe 0x03 0x15 0xe3  bne x6,x0,-22
	    36    0x00 0x11 0x88 0x93  addi x17,x3,1
	    40    0x00 0x01 0x8c 0x83  lb x25,0(x3)
	    44    0x02 0xd0 0x02 0x93  addi x5,x0,45
	    48    0x00 0x10 0x08 0x13  addi x16,x0,1
	    52    0x00 0x52 0x0a 0x63  beq x4,x5,20
	    56    0x02 0xb0 0x02 0x93  addi x5,x0,43
	    60    0x00 0x00 0x08 0x37  lui x16, 0
	    64    0x00 0x52 0x12 0x63  bne x4,x5,4
	    68    0x82 0x66            mv x4, x25
	    70    0x81 0xc6            mv x3, x17
	    72    0x88 0x8e            mv x17, x3
	    74    0x8c 0x92            mv x25, x4
	    76    0x00 0x06 0x84 0x63  beq x13,x0,8
	    80    0x01 0x00 0x01 0x93  addi x3,x0,16
	    84    0x02 0x36 0x93 0x63  bne x13,x3,38
	    88    0x03 0x00 0x01 0x93  addi x3,x0,48
	    92    0x00 0x3c 0x9f 0x63  bne x25,x3,30
	    96    0x00 0x08 0x81 0x83  lb x3,0(x17)
	   100    0x07 0x80 0x02 0x13  addi x4,x0,120
	   104    0x00 0x41 0x84 0x63  beq x3,x4,8
	   108    0x05 0x80 0x02 0x13  addi x4,x0,88
	   112    0x00 0x41 0x95 0x63  bne x3,x4,10
	   116    0x00 0x18 0x8c 0x83  lb x25,1(x17)
	   120    0x02 0x89            addi x17, 2
	   122    0x01 0x00 0x06 0x93  addi x13,x0,16
	   126    0x00 0x06 0x98 0x63  bne x13,x0,16
	   130    0x00 0x80 0x06 0x93  addi x13,x0,8
	   134    0x03 0x00 0x01 0x93  addi x3,x0,48
	   138    0x00 0x3c 0x82 0x63  beq x25,x3,4
	   142    0x00 0xa0 0x06 0x93  addi x13,x0,10
	   146    0xff 0xf0 0x03 0x13  addi x6,x0,-1
	   150    0x02 0xd3 0x51 0xb3  divu x3, x6,x13
	   154    0x02 0xd3 0x72 0x33  remu x4, x6,x13
	   158    0x00 0x00 0x09 0xb7  lui x19, 0
	   162    0xfd 0x00 0x0a 0x93  addi x21,x0,-48
	   166    0x02 0x20 0x0b 0x13  addi x22,x0,34
	   170    0x00 0x00 0x6b 0x93  ori x23,x0,errno
	   174    0x8c 0x4e            mv x24, x19
	   176    0x85 0x4e            mv x10, x19
	   178    0x0f 0xfc 0xfd 0x13  andi x26,x25,255
	   182    0x9d 0x4a            add x26, x18
	   184    0x00 0x0d 0x4d 0x03  lbu x26,0(x26)
	   188    0x00 0x4d 0x7d 0x93  andi x27,x26,4
	   192    0x00 0x0d 0x9f 0x63  bne x27,x0,30
	   196    0x00 0x3d 0x7d 0x93  andi x27,x26,3
	   200    0x04 0x0d 0x85 0x63  beq x27,x0,74
	   204    0x00 0x2d 0x7d 0x93  andi x27,x26,2
	   208    0x03 0x70 0x0d 0x13  addi x26,x0,55
	   212    0x00 0x0d 0x92 0x63  bne x27,x0,4
	   216    0x05 0x70 0x0d 0x13  addi x26,x0,87
	   220    0x41 0xac 0x8c 0xb3  sub x25,x25,x26
	   224    0xa2 0x01            j 2
	   226    0x9c 0xd6            add x25, x21
	   228    0x02 0xdc 0xd7 0x63  bge x25,x13,46
	   232    0x02 0x0c 0x41 0x63  blt x24,x0,34
	   236    0x00 0xa1 0xeb 0x63  bltu x3,x10,22
	   240    0x00 0x35 0x12 0x63  bne x10,x3,4
	   244    0x01 0x92 0x47 0x63  blt x4,x25,14
	   248    0x02 0xd5 0x0c 0x33  mul x24,x10,x13
	   252    0x01 0x9c 0x05 0x33  add x10,x24,x25
	   256    0x00 0x10 0x0c 0x13  addi x24,x0,1
	   260    0xa8 0x01            j 8
	   262    0x01 0x6b 0xa0 0x23  sw x22,0(x23)
	   266    0x8c 0x1a            mv x24, x6
	   268    0x85 0x1a            mv x10, x6
	   270    0x00 0x08 0xcc 0x83  lbu x25,0(x17)
	   274    0x01 0x89            addi x17, 1
	   276    0xad 0x7d            j -100
.label __ll2_strtoul
	   278    0x00 0x08 0x04 0x63  beq x16,x0,8
	   282    0x01 0x80 0x52 0x63  bge x0,x24,4
	   286    0x40 0xa9 0x85 0x33  sub x10,x19,x10
	   290    0xc6 0x11            beqz x12,12
	   292    0x00 0x0c 0x02 0x63  beq x24,x0,4
	   296    0xff 0xf8 0x85 0x93  addi x11,x17,-1
	   300    0x00 0xb6 0x20 0x23  sw x11,0(x12)
.label strtoul__end last
.rts
	   304    0x00 0x00 0x80 0x67  jalr x0, x1, 0

.undef global data _ct_code

.undef global data errno

