
; File generated by darts version O-2018.09#f5599cac26#190121, Tue May 28 12:03:36 2024
; Copyright 2014-2018 Synopsys, Inc. All rights reserved.
; darts -B -I.. +p -d -h -I../runtime/include -I../runtime/include -D__tct_patch__=300 -p +r -L +Ihex lib/Release/strtol.o tzscale

; Release: ipd O-2018.09-SP3
.undef global data _ct_code

.undef global data errno

.text_segment_name
.text global 0 strtol
.rela 16 _ct_code 0
	     0    0x00 0x00 0x01 0xb7  lui x3, 0
.rela 17 _ct_code 0
	     4    0x00 0x01 0xe8 0x93  ori x17,x3,0
	     8    0x04 0x00 0x02 0x93  addi x5,x0,64
	    12    0x81 0xae            mv x3, x11
	    14    0x00 0x01 0xc2 0x03  lbu x4,0(x3)
	    18    0x01 0x19            addi x3, 1
	    20    0x01 0x12 0x03 0x33  add x6,x4,x17
	    24    0x00 0x03 0x43 0x03  lbu x6,0(x6)
	    28    0x00 0x53 0x73 0x33  and x6,x6,x5
	    32    0xfe 0x03 0x15 0xe3  bne x6,x0,-22
	    36    0x00 0x11 0x89 0x13  addi x18,x3,1
	    40    0x00 0x01 0x8d 0x03  lb x26,0(x3)
	    44    0x02 0xd0 0x02 0x93  addi x5,x0,45
	    48    0x00 0x10 0x03 0x93  addi x7,x0,1
	    52    0x00 0x52 0x0a 0x63  beq x4,x5,20
	    56    0x02 0xb0 0x02 0x93  addi x5,x0,43
	    60    0x00 0x00 0x03 0xb7  lui x7, 0
	    64    0x00 0x52 0x12 0x63  bne x4,x5,4
	    68    0x82 0x6a            mv x4, x26
	    70    0x81 0xca            mv x3, x18
	    72    0x89 0x0e            mv x18, x3
	    74    0x8d 0x12            mv x26, x4
	    76    0x00 0x06 0x84 0x63  beq x13,x0,8
	    80    0x01 0x00 0x01 0x93  addi x3,x0,16
	    84    0x02 0x36 0x93 0x63  bne x13,x3,38
	    88    0x03 0x00 0x01 0x93  addi x3,x0,48
	    92    0x00 0x3d 0x1f 0x63  bne x26,x3,30
	    96    0x00 0x09 0x01 0x83  lb x3,0(x18)
	   100    0x07 0x80 0x02 0x13  addi x4,x0,120
	   104    0x00 0x41 0x84 0x63  beq x3,x4,8
	   108    0x05 0x80 0x02 0x13  addi x4,x0,88
	   112    0x00 0x41 0x95 0x63  bne x3,x4,10
	   116    0x00 0x19 0x0d 0x03  lb x26,1(x18)
	   120    0x02 0x91            addi x18, 2
	   122    0x01 0x00 0x06 0x93  addi x13,x0,16
	   126    0x00 0x06 0x98 0x63  bne x13,x0,16
	   130    0x00 0x80 0x06 0x93  addi x13,x0,8
	   134    0x03 0x00 0x01 0x93  addi x3,x0,48
	   138    0x00 0x3d 0x02 0x63  beq x26,x3,4
	   142    0x00 0xa0 0x06 0x93  addi x13,x0,10
	   146    0x7f 0xff 0xf1 0xb7  lui x3, 524287
	   150    0xff 0xf1 0xe3 0x13  ori x6,x3,4095
	   154    0x80 0x00 0x02 0x37  lui x4, -524288
	   158    0x00 0x03 0x91 0x63  bne x7,x0,2
	   162    0x82 0x1a            mv x4, x6
	   164    0x02 0xd2 0x41 0xb3  div x3, x4,x13
	   168    0x02 0xd2 0x62 0x33  rem x4, x4,x13
	   172    0x00 0x03 0x89 0x63  beq x7,x0,18
	   176    0x00 0x00 0x09 0xb7  lui x19, 0
	   180    0x00 0x40 0x53 0x63  bge x0,x4,6
	   184    0x40 0xd2 0x02 0x33  sub x4,x4,x13
	   188    0x01 0x19            addi x3, 1
	   190    0x40 0x49 0x82 0x33  sub x4,x19,x4
	   194    0x00 0x00 0x0c 0xb7  lui x25, 0
	   198    0xfd 0x00 0x0a 0x93  addi x21,x0,-48
	   202    0x02 0x20 0x0b 0x13  addi x22,x0,34
	   206    0x00 0x00 0x6b 0x93  ori x23,x0,errno
	   210    0x85 0x66            mv x10, x25
	   212    0x0f 0xfd 0x7d 0x93  andi x27,x26,255
	   216    0x9d 0xc6            add x27, x17
	   218    0x00 0x0d 0xcd 0x83  lbu x27,0(x27)
	   222    0x00 0x4d 0xfe 0x13  andi x28,x27,4
	   226    0x00 0x0e 0x1f 0x63  bne x28,x0,30
	   230    0x00 0x3d 0xfe 0x13  andi x28,x27,3
	   234    0x06 0x0e 0x0b 0x63  beq x28,x0,118
	   238    0x00 0x2d 0xfe 0x13  andi x28,x27,2
	   242    0x03 0x70 0x0d 0x93  addi x27,x0,55
	   246    0x00 0x0e 0x12 0x63  bne x28,x0,4
	   250    0x05 0x70 0x0d 0x93  addi x27,x0,87
	   254    0x41 0xbd 0x0d 0x33  sub x26,x26,x27
	   258    0xa2 0x01            j 2
	   260    0x9d 0x56            add x26, x21
	   262    0x04 0xdd 0x5d 0x63  bge x26,x13,90
	   266    0x04 0x0c 0xc7 0x63  blt x25,x0,78
	   270    0x02 0xd5 0x0c 0xb3  mul x25,x10,x13
	   274    0x02 0x03 0x92 0x63  bne x7,x0,36
	   278    0x00 0xa1 0xca 0x63  blt x3,x10,20
	   282    0x00 0x35 0x12 0x63  bne x10,x3,4
	   286    0x01 0xa2 0x46 0x63  blt x4,x26,12
	   290    0x42 0xd5 0x0d 0x33  mac x26,x10,x13
	   294    0x85 0x6a            mv x10, x26
	   296    0x00 0x10 0x0c 0x93  addi x25,x0,1
	   300    0xbe 0x01            j 46
	   302    0x01 0x6b 0xa0 0x23  sw x22,0(x23)
	   306    0x85 0x1a            mv x10, x6
	   308    0xff 0xf0 0x0c 0x93  addi x25,x0,-1
	   312    0xb2 0x01            j 34
	   314    0x00 0x35 0x49 0x63  blt x10,x3,18
	   318    0x00 0x35 0x12 0x63  bne x10,x3,4
	   322    0x01 0xa2 0x45 0x63  blt x4,x26,10
	   326    0x41 0xac 0x85 0x33  sub x10,x25,x26
	   330    0x00 0x10 0x0c 0x93  addi x25,x0,1
	   334    0xac 0x01            j 12
	   336    0x01 0x6b 0xa0 0x23  sw x22,0(x23)
	   340    0x80 0x00 0x05 0x37  lui x10, -524288
	   344    0xff 0xf0 0x0c 0x93  addi x25,x0,-1
	   348    0x00 0x09 0x4d 0x03  lbu x26,0(x18)
	   352    0x01 0x91            addi x18, 1
	   354    0xb0 0xfd            j -144
.label __ll2_strtol
	   356    0xc6 0x11            beqz x12,12
	   358    0x00 0x0c 0x82 0x63  beq x25,x0,4
	   362    0xff 0xf9 0x05 0x93  addi x11,x18,-1
	   366    0x00 0xb6 0x20 0x23  sw x11,0(x12)
.label strtol__end last
.rts
	   370    0x00 0x00 0x80 0x67  jalr x0, x1, 0

.undef global data _ct_code

.undef global data errno

