
; File generated by darts version O-2018.09#f5599cac26#190121, Tue May 28 12:04:08 2024
; Copyright 2014-2018 Synopsys, Inc. All rights reserved.
; darts -B -I. +p -d -h -I./runtime/include -I./runtime/include -D__tct_patch__=300 -p +r -L +Ihex Release/tzscale_div_longlong.o tzscale

; Release: ipd O-2018.09-SP3
.text_segment_name
.text global 0 __ulonglong_div_called___ulonglong___ulonglong_R__ulonglong
	     0    0x88 0x32            mv x16, x12
	     2    0x00 0x10 0x06 0x13  addi x12,x0,1
	     6    0x06 0x07 0xc4 0x63  blt x15,x0,104
	    10    0x85 0x42            mv x10, x16
	    12    0x04 0x00 0x01 0x93  addi x3,x0,64
	    16    0x00 0x00 0x02 0x37  lui x4, 0
	    20    0x00 0x00 0x08 0x37  lui x16, 0
	    24    0x00 0x00 0x08 0xb7  lui x17, 0
	    28    0x00 0x18 0x12 0x93  slli x5,x16,1
	    32    0x01 0xf6 0xd3 0x13  srli x6,x13,31
	    36    0x01 0xf8 0x58 0x13  srli x16,x16,31
	    40    0x08 0x86            slli x17, 1
	    42    0x01 0xf5 0x53 0x93  srli x7,x10,31
	    46    0x01 0x18 0x68 0xb3  or x17,x16,x17
	    50    0x06 0x86            slli x13, 1
	    52    0x05 0x06            slli x10, 1
	    54    0x00 0x53 0x68 0x33  or x16,x6,x5
	    58    0x00 0x76 0xe6 0xb3  or x13,x13,x7
	    62    0x01 0x17 0xe4 0x63  bltu x15,x17,8
	    66    0x03 0x17 0x90 0x63  bne x15,x17,32
	    70    0x00 0xe8 0x6e 0x63  bltu x16,x14,28
	    74    0x40 0xe8 0x02 0xb3  sub x5,x16,x14
	    78    0x40 0xf8 0x88 0xb3  sub x17,x17,x15
	    82    0x83 0x32            mv x6, x12
	    84    0x00 0xe8 0x62 0x63  bltu x16,x14,4
	    88    0x00 0x00 0x03 0x37  lui x6, 0
	    92    0x40 0x68 0x88 0xb3  sub x17,x17,x6
	    96    0x00 0xa6 0x65 0x33  or x10,x12,x10
	   100    0x88 0x16            mv x16, x5
	   102    0x01 0x21            addi x4, 1
	   104    0xfa 0x32 0x48 0xe3  blt x4,x3,-80
	   108    0x85 0xb6            mv x11, x13
.rts
	   110    0x00 0x00 0x80 0x67  jalr x0, x1, 0
	   114    0x00 0x00 0x05 0x37  lui x10, 0
	   118    0x00 0xd7 0xe8 0x63  bltu x15,x13,16
	   122    0x00 0x00 0x05 0x37  lui x10, 0
	   126    0x02 0xd7 0x92 0x63  bne x15,x13,36
	   130    0x00 0x00 0x05 0x37  lui x10, 0
	   134    0x00 0xe8 0x6e 0x63  bltu x16,x14,28
	   138    0x40 0xf6 0x87 0xb3  sub x15,x13,x15
	   142    0x00 0x10 0x05 0x13  addi x10,x0,1
	   146    0x40 0xe8 0x08 0xb3  sub x17,x16,x14
	   150    0x86 0xaa            mv x13, x10
	   152    0x00 0xe8 0x62 0x63  bltu x16,x14,4
	   156    0x00 0x00 0x06 0xb7  lui x13, 0
	   160    0x40 0xd7 0x86 0xb3  sub x13,x15,x13
	   164    0x88 0x46            mv x16, x17
	   166    0x00 0x00 0x05 0xb7  lui x11, 0
	   170    0x88 0xb6            mv x17, x13
.label __ulonglong_div_called___ulonglong___ulonglong_R__ulonglong__end last
.rts
	   172    0x00 0x00 0x80 0x67  jalr x0, x1, 0

.text_segment_name
.text global 0 __slonglong_div_called___slonglong___slonglong_R__slonglong
	     0    0x85 0x3e            mv x10, x15
	     2    0x81 0xb6            mv x3, x13
	     4    0x00 0x06 0xdf 0x63  bge x13,x0,30
	     8    0x00 0x00 0x06 0xb7  lui x13, 0
	    12    0x40 0xc6 0x88 0xb3  sub x17,x13,x12
	    16    0x40 0x36 0x86 0xb3  sub x13,x13,x3
	    20    0x00 0x10 0x08 0x13  addi x16,x0,1
	    24    0x00 0xc0 0x62 0x63  bltu x0,x12,4
	    28    0x00 0x00 0x08 0x37  lui x16, 0
	    32    0x41 0x06 0x86 0xb3  sub x13,x13,x16
	    36    0x86 0x46            mv x12, x17
	    38    0x85 0xaa            mv x11, x10
	    40    0x00 0x07 0xdf 0x63  bge x15,x0,30
	    44    0x00 0x00 0x08 0x37  lui x16, 0
	    48    0x40 0xe8 0x08 0xb3  sub x17,x16,x14
	    52    0x40 0xa8 0x08 0x33  sub x16,x16,x10
	    56    0x00 0x10 0x05 0x93  addi x11,x0,1
	    60    0x00 0xe0 0x62 0x63  bltu x0,x14,4
	    64    0x00 0x00 0x05 0xb7  lui x11, 0
	    68    0x40 0xb8 0x05 0xb3  sub x11,x16,x11
	    72    0x87 0x46            mv x14, x17
	    74    0x00 0x00 0x07 0xb7  lui x15, 0
	    78    0x00 0x10 0x02 0x13  addi x4,x0,1
	    82    0x04 0x05 0xce 0x63  blt x11,x0,92
	    86    0x04 0x00 0x02 0x93  addi x5,x0,64
	    90    0x88 0xbe            mv x17, x15
	    92    0x88 0x3e            mv x16, x15
	    94    0x83 0x3e            mv x6, x15
	    96    0x00 0x18 0x13 0x93  slli x7,x16,1
	   100    0x01 0xf6 0xd4 0x13  srli x8,x13,31
	   104    0x01 0xf8 0x58 0x13  srli x16,x16,31
	   108    0x08 0x86            slli x17, 1
	   110    0x01 0xf6 0x54 0x93  srli x9,x12,31
	   114    0x01 0x18 0x68 0xb3  or x17,x16,x17
	   118    0x06 0x86            slli x13, 1
	   120    0x06 0x06            slli x12, 1
	   122    0x00 0x74 0x68 0x33  or x16,x8,x7
	   126    0x00 0xd4 0xe6 0xb3  or x13,x9,x13
	   130    0x01 0x15 0xe4 0x63  bltu x11,x17,8
	   134    0x01 0x15 0x9f 0x63  bne x11,x17,30
	   138    0x00 0xe8 0x6d 0x63  bltu x16,x14,26
	   142    0x40 0xe8 0x03 0xb3  sub x7,x16,x14
	   146    0x40 0xb8 0x88 0xb3  sub x17,x17,x11
	   150    0x84 0x12            mv x8, x4
	   152    0x00 0xe8 0x61 0x63  bltu x16,x14,2
	   156    0x84 0x3e            mv x8, x15
	   158    0x40 0x88 0x88 0xb3  sub x17,x17,x8
	   162    0x00 0xc2 0x66 0x33  or x12,x4,x12
	   166    0x88 0x1e            mv x16, x7
	   168    0x01 0x31            addi x6, 1
	   170    0xfa 0x53 0x49 0xe3  blt x6,x5,-78
	   174    0x85 0xb6            mv x11, x13
	   176    0xbc 0x01            j 44
	   178    0x88 0x32            mv x16, x12
	   180    0x86 0x3e            mv x12, x15
	   182    0x00 0xd5 0xe4 0x63  bltu x11,x13,8
	   186    0x00 0xd5 0x9e 0x63  bne x11,x13,28
	   190    0x00 0xe8 0x6c 0x63  bltu x16,x14,24
	   194    0x40 0xe8 0x06 0x33  sub x12,x16,x14
	   198    0x40 0xb6 0x86 0xb3  sub x13,x13,x11
	   202    0x88 0x92            mv x17, x4
	   204    0x00 0xe8 0x61 0x63  bltu x16,x14,2
	   208    0x88 0xbe            mv x17, x15
	   210    0x88 0x32            mv x16, x12
	   212    0x41 0x16 0x86 0xb3  sub x13,x13,x17
	   216    0x86 0x12            mv x12, x4
	   218    0x88 0xb6            mv x17, x13
	   220    0x85 0xbe            mv x11, x15
	   222    0x00 0x01 0xdb 0x63  bge x3,x0,22
	   226    0x41 0x17 0x86 0xb3  sub x13,x15,x17
	   230    0x41 0x07 0x87 0x33  sub x14,x15,x16
	   234    0x88 0x92            mv x17, x4
	   236    0x01 0x00 0x61 0x63  bltu x0,x16,2
	   240    0x88 0xbe            mv x17, x15
	   242    0x41 0x16 0x88 0xb3  sub x17,x13,x17
	   246    0x88 0x3a            mv x16, x14
	   248    0x00 0x35 0x47 0x33  xor x14,x10,x3
	   252    0x00 0x07 0x5a 0x63  bge x14,x0,20
	   256    0x40 0xc7 0x87 0x33  sub x14,x15,x12
	   260    0x40 0xb7 0x86 0xb3  sub x13,x15,x11
	   264    0x00 0xc0 0x61 0x63  bltu x0,x12,2
	   268    0x82 0x3e            mv x4, x15
	   270    0x40 0x46 0x85 0xb3  sub x11,x13,x4
	   274    0x86 0x3a            mv x12, x14
	   276    0x85 0x32            mv x10, x12
.label __slonglong_div_called___slonglong___slonglong_R__slonglong__end last
.rts
	   278    0x00 0x00 0x80 0x67  jalr x0, x1, 0

