
// File generated by animal version O-2018.09#f5599cac26#190121, Tue May 28 10:41:29 2024
// Copyright 2014-2018 Synopsys, Inc. All rights reserved.

// Unused instructions in the nML description of tmicro
0100xxxxxx11xxxxxxxxxxxxxxxxxxxxxxxxxxxxxxxxxxxx
01xxxxxxxxxx100xxxxxxxxxxxxxxxxxxxxxxxxxxxxxxxxx
01xxxxxxxxxx1111xxxxxxxxxxxxxxxxxxxxxxxxxxxxxxxx
10xxxxx1xxxxxxxxxxxxxxxxxxxxxxxxxxxxxxxxxxxxxxxx
10xxxxxx1xxxxxxxxxxxxxxxxxxxxxxxxxxxxxxxxxxxxxxx
10xxxxxxx0001xxxxxxxxxxxxxxxxxxxxxxxxxxxxxxxxxxx
10xxxxxxx000x1xxxxxxxxxxxxxxxxxxxxxxxxxxxxxxxxxx
10xxxxxxx000xx1xxxxxxxxxxxxxxxxxxxxxxxxxxxxxxxxx
10xxxxxxx000xxx1xxxxxxxxxxxxxxxxxxxxxxxxxxxxxxxx
10xxxxxxx11xxxxxxxxxxxxxxxxxxxxxxxxxxxxxxxxxxxxx
10xxxxxxx1x1xxxxxxxxxxxxxxxxxxxxxxxxxxxxxxxxxxxx
10xxxxxxxxxx100xxxxxxxxxxxxxxxxxxxxxxxxxxxxxxxxx
10xxxxxxxxxx1111xxxxxxxxxxxxxxxxxxxxxxxxxxxxxxxx
1x1xxxxxxxxxxxxxxxxxxxxxxxxxxxxxxxxxxxxxxxxxxxxx
1xx1xxxxxxxxxxxxxxxxxxxxxxxxxxxxxxxxxxxxxxxxxxxx
1xxx1xxxxxxxxxxxxxxxxxxxxxxxxxxxxxxxxxxxxxxxxxxx
1xxxx1xxxxxxxxxxxxxxxxxxxxxxxxxxxxxxxxxxxxxxxxxx
1xxxxx1xxxxxxxxxxxxxxxxxxxxxxxxxxxxxxxxxxxxxxxxx
x0010111xx1xxxxxxxxxxxxxxxxxxxxxxxxxxxxxxxxxxxxx
x001011x1x1xxxxxxxxxxxxxxxxxxxxxxxxxxxxxxxxxxxxx
x001011xx11xxxxxxxxxxxxxxxxxxxxxxxxxxxxxxxxxxxxx
x001011xxx01xxxxxxxxxxxxxxxxxxxxxxxxxxxxxxxxxxxx
x001011xxx10xxxxxxxxxxxxxxxxxxxxxxxxxxxxxxxxxxxx
x001011xxxx10xxxxxxxxxxxxxxxxxxxxxxxxxxxxxxxxxxx
x0011011xxxxxxxxxxxxxxxxxxxxxxxxxxxxxxxxxxxxxxxx
x001101x1xxxxxxxxxxxxxxxxxxxxxxxxxxxxxxxxxxxxxxx
x00110x11xxxxxxxxxxxxxxxxxxxxxxxxxxxxxxxxxxxxxxx
x00110x1x1xxxxxxxxxxxxxxxxxxxxxxxxxxxxxxxxxxxxxx
x00110xx10xxxxxxxxxxxxxxxxxxxxxxxxxxxxxxxxxxxxxx
x01001x01xxxxxxxxxxxxxxxxxxxxxxxxxxxxxxxxxxxxxxx
x01001x0x1xxxxxxxxxxxxxxxxxxxxxxxxxxxxxxxxxxxxxx
x0100x00xx1xxxxxxxxxxxxxxxxxxxxxxxxxxxxxxxxxxxxx
x0100x00xxx0xxxxxxxxxxxxxxxxxxxxxxxxxxxxxxxxxxxx
x0100x0x100xxxxxxxxxxxxxxxxxxxxxxxxxxxxxxxxxxxxx
x0100x0x1111xxxxxxxxxxxxxxxxxxxxxxxxxxxxxxxxxxxx
x01010xxxxxxxxxxxxxxxxxxxxxxxxxxxxxxxxxxxxxxxxxx
x0101x10001xxxxxxxxxxxxxxxxxxxxxxxxxxxxxxxxxxxxx
x0101x100x01xxxxxxxxxxxxxxxxxxxxxxxxxxxxxxxxxxxx
x0101x10x0001xxxxxxxxxxxxxxxxxxxxxxxxxxxxxxxxxxx
x0101x10xx0x01xxxxxxxxxxxxxxxxxxxxxxxxxxxxxxxxxx
x0101x10xx0x0x1xxxxxxxxxxxxxxxxxxxxxxxxxxxxxxxxx
x0101x10xx0x0xx1xxxxxxxxxxxxxxxxxxxxxxxxxxxxxxxx
x010x00xxxxxxxxxxxxxxxxxxxxxxxxxxxxxxxxxxxxxxxxx
x010x1100011xxxxxxxxxxxxxxxxxxxxxxxxxxxxxxxxxxxx
x010x110010xxxxxxxxxxxxxxxxxxxxxxxxxxxxxxxxxxxxx
x010x11001x0xxxxxxxxxxxxxxxxxxxxxxxxxxxxxxxxxxxx
x010x1100x101xxxxxxxxxxxxxxxxxxxxxxxxxxxxxxxxxxx
x010x1100x10x1xxxxxxxxxxxxxxxxxxxxxxxxxxxxxxxxxx
x010x1100x10xx1xxxxxxxxxxxxxxxxxxxxxxxxxxxxxxxxx
x010x11010001xxxxxxxxxxxxxxxxxxxxxxxxxxxxxxxxxxx
x010x11010x1x1xxxxxxxxxxxxxxxxxxxxxxxxxxxxxxxxxx
x010x11010x1xx1xxxxxxxxxxxxxxxxxxxxxxxxxxxxxxxxx
x010x11011111xxxxxxxxxxxxxxxxxxxxxxxxxxxxxxxxxxx
x010x1101x0x01xxxxxxxxxxxxxxxxxxxxxxxxxxxxxxxxxx
x010x1101x0x0x1xxxxxxxxxxxxxxxxxxxxxxxxxxxxxxxxx
x010x1101xx101xxxxxxxxxxxxxxxxxxxxxxxxxxxxxxxxxx
x010x1101xx10x1xxxxxxxxxxxxxxxxxxxxxxxxxxxxxxxxx
x010x1101xx10xx1xxxxxxxxxxxxxxxxxxxxxxxxxxxxxxxx
x010x110x0110xxxxxxxxxxxxxxxxxxxxxxxxxxxxxxxxxxx
x010x110x011x1xxxxxxxxxxxxxxxxxxxxxxxxxxxxxxxxxx
x010x110x011xx1xxxxxxxxxxxxxxxxxxxxxxxxxxxxxxxxx
x010x110x1x0x1xxxxxxxxxxxxxxxxxxxxxxxxxxxxxxxxxx
x010x110x1x0xx1xxxxxxxxxxxxxxxxxxxxxxxxxxxxxxxxx
x010x110x1x0xxx1xxxxxxxxxxxxxxxxxxxxxxxxxxxxxxxx
x1001xxxxxxxxxxxxxxxxxxxxxxxxxxxxxxxxxxxxxxxxxxx
x101xxxxxxxx1xxxxxxxxxxxxxxxxxxxxxxxxxxxxxxxxxxx
x101xxxxxxxxx1xxxxxxxxxxxxxxxxxxxxxxxxxxxxxxxxxx
x101xxxxxxxxxx1xxxxxxxxxxxxxxxxxxxxxxxxxxxxxxxxx
x101xxxxxxxxxxx1xxxxxxxxxxxxxxxxxxxxxxxxxxxxxxxx
x11xxxxxxxxx100xxxxxxxxxxxxxxxxxxxxxxxxxxxxxxxxx
x11xxxxxxxxx1111xxxxxxxxxxxxxxxxxxxxxxxxxxxxxxxx
xx01011xxxx1x1xxxxxxxxxxxxxxxxxxxxxxxxxxxxxxxxxx
xx01011xxxx1xx1xxxxxxxxxxxxxxxxxxxxxxxxxxxxxxxxx
xx11xxxxxxxx100xxxxxxxxxxxxxxxxxxxxxxxxxxxxxxxxx
xx11xxxxxxxx1111xxxxxxxxxxxxxxxxxxxxxxxxxxxxxxxx
xx1x0x0xxxxx100xxxxxxxxxxxxxxxxxxxxxxxxxxxxxxxxx
xx1x0x0xxxxx1111xxxxxxxxxxxxxxxxxxxxxxxxxxxxxxxx
xx1xx1100x0x100xxxxxxxxxxxxxxxxxxxxxxxxxxxxxxxxx
xx1xx110x00x1111xxxxxxxxxxxxxxxxxxxxxxxxxxxxxxxx
xx1xx110x0x11001xxxxxxxxxxxxxxxxxxxxxxxxxxxxxxxx
xxx1011xxxx11001xxxxxxxxxxxxxxxxxxxxxxxxxxxxxxxx

