
// File generated by amnesia version O-2018.09#f5599cac26#190121, Tue May 28 10:41:29 2024
// Copyright 2014-2018 Synopsys, Inc. All rights reserved.
// amnesia -P -B -eLR tmicro

toolrelease _18R3;

==================================================
	 CONNECTIVITY 'tmicro'
==================================================

==========================
Type representation info :
==========================
representation                'int' : 'word'
representation           'unsigned' : 'word'
representation              'void*' : 'addr'
representation               'long' : 'dint'
representation      'unsigned long' : 'dint'
representation          'long long' : 'dlong'
representation 'unsigned long long' : 'dlong'

======================
Type promotions info :
======================
              'addr' : promotable to 'word'

===============
Storages info :
===============
              'word' storages : LR, R, DM (spill mem)
             'uint1' storages : CB (status)
              'bool' storages : CND (status)

============================
Restricted register access :
============================

- no move from/to           : CB (status), CND (status)
- "exclusive registers" (amnesia option -e<reg>) : LR

============================
Detailed connectivity info :
============================

------------------------------------------------------------------------------------------------------
1) type 'word' [+ represented/promotable types: 'int', 'unsigned', 'addr']  : 
------------------------------------------------------------------------------------------------------

  LR <-> R, R <-> R, 
  LR <-> DM (spill), R <-> DM (spill)

------------------------------------------------------------------------------------------------------
2) type 'uint1' : /
------------------------------------------------------------------------------------------------------

------------------------------------------------------------------------------------------------------
3) type 'bool' : /
------------------------------------------------------------------------------------------------------


