
; File generated by darts version O-2018.09#f5599cac26#190121, Tue May 28 09:51:23 2024
; Copyright 2014-2018 Synopsys, Inc. All rights reserved.
; darts -B -I../lib +p -d -h -I../lib/runtime/include -D__tct_patch__=300 -L +Mhex +Ihex +u Release/sort tmicro

; Release: ipd O-2018.09-SP3

.text_segment PM 0x000000	   
.entry_point
.label tmicro_init
      0x000000    0x241a 0x0001         mvi sp,0x1
.label _start_basic
      0x000002    0x2e98 0x0038         cl 0x38
      0x000004    0x2e00                nop 
      0x000005    0x2dff                jr -1
.label __sint_find_min_location___P__sint___sint___sint
      0x000006    0x055a                sub r5,r3,r2
      0x000007    0x004a                add r1,r1,r2
      0x000008    0x2413 0x7fff         mvi r3,0x7fff
      0x00000a    0x2edd 0x0011         do r5,0x11
      0x00000c    0x3ff0                mvib r0,-0x1
      0x00000d    0x4054                ld r4,dm(r1++)
      0x00000e    0x0e23                lt r4,r3
      0x00000f    0x22e3                sel r3,r4,r3
      0x000010    0x2210                sel r0,r2,r0
      0x000011    0x4094                ld r4,dm(r2++)
      0x000012    0x2eb8                rt 
.label void_sort___P__sint___sint
      0x000013    0x5050                addb sp, 5
      0x000014    0x7ff1                st r1,dm(sp-1)
      0x000015    0x3002                mvib r2,0x0
      0x000016    0x4063                ld r3,dm(r1--)
      0x000017    0x7fe0                st r0,dm(sp-2)
      0x000018    0x0e8a                le r1,r2
      0x000019    0x7fdb                st lr,dm(sp-3)
      0x00001a    0x7fc2                st r2,dm(sp-4)
      0x00001b    0x2f17                jcr 23
      0x00001c    0x2414 0x0006         mvi r4,0x6
      0x00001e    0x2531                mv r3,r1
      0x00001f    0x2edb 0x0031         do r3,0x31
      0x000021    0x6fe1                ld r1,dm(sp-2)
      0x000022    0x7fb0                st r0,dm(sp-5)
      0x000023    0x2ea4                clid r4
      0x000024    0x2e00                nop 
      0x000025    0x6ff3                ld r3,dm(sp-1)
      0x000026    0x6fe1                ld r1,dm(sp-2)
      0x000027    0x00c1                add r3,r0,r1
      0x000028    0x6fb0                ld r0,dm(sp-5)
      0x000029    0x40c5                ld r5,dm(r3)
      0x00002a    0x4004                ld r4,dm(r0)
      0x00002b    0x6fc2                ld r2,dm(sp-4)
      0x00002c    0x4215                st r5,dm(r0++)
      0x00002d    0x42c4                st r4,dm(r3)
      0x00002e    0x2414 0x0006         mvi r4,0x6
      0x000030    0x4096                ld r6,dm(r2++)
      0x000031    0x7fc2                st r2,dm(sp-4)
      0x000032    0x2c02                jrd 2
      0x000033    0x6fdb                ld lr,dm(sp-3)
      0x000034    0x6fdb                ld lr,dm(sp-3)
      0x000035    0x2ec0                rtd 
      0x000036    0x5fb0                addb sp, -5
      0x000037    0x2e00                nop 
.label _main
      0x000038    0x5080                addb sp, 8
      0x000039    0x7fdb                st lr,dm(sp-3)
      0x00003a    0x2410 0x00a1         mvi r0,0xa1
      0x00003c    0x2ea0                clid r0
      0x00003d    0x2411 0x200a         mvi r1,0x200a
      0x00003f    0x2411 0x2000         mvi r1,0x2000
      0x000041    0x7fc1                st r1,dm(sp-4)
      0x000042    0x30a1                mvib r1,0xa
      0x000043    0x2ed9 0x0050         do r1,0x50
      0x000045    0x2e00                nop 
      0x000046    0x6fc0                ld r0,dm(sp-4)
      0x000047    0x2411 0x201b         mvi r1,0x201b
      0x000049    0x4012                ld r2,dm(r0++)
      0x00004a    0x7fc0                st r0,dm(sp-4)
      0x00004b    0x2410 0x00a1         mvi r0,0xa1
      0x00004d    0x2ea0                clid r0
      0x00004e    0x7ff2                st r2,dm(sp-1)
      0x00004f    0x2e00                nop 
      0x000050    0x2e00                nop 
      0x000051    0x2410 0x00a1         mvi r0,0xa1
      0x000053    0x2ea0                clid r0
      0x000054    0x2411 0x201f         mvi r1,0x201f
      0x000056    0x7fc1                st r1,dm(sp-4)
      0x000057    0x7fb0                st r0,dm(sp-5)
      0x000058    0x30a1                mvib r1,0xa
      0x000059    0x2410 0x2000         mvi r0,0x2000
      0x00005b    0x2e98 0x0013         cl 0x13
      0x00005d    0x7f90                st r0,dm(sp-7)
      0x00005e    0x7fa1                st r1,dm(sp-6)
      0x00005f    0x2410 0x00a1         mvi r0,0xa1
      0x000061    0x2ea0                clid r0
      0x000062    0x2411 0x2021         mvi r1,0x2021
      0x000064    0x2411 0x2000         mvi r1,0x2000
      0x000066    0x7f81                st r1,dm(sp-8)
      0x000067    0x30a1                mvib r1,0xa
      0x000068    0x2ed9 0x0075         do r1,0x75
      0x00006a    0x2e00                nop 
      0x00006b    0x6f80                ld r0,dm(sp-8)
      0x00006c    0x2411 0x201b         mvi r1,0x201b
      0x00006e    0x4012                ld r2,dm(r0++)
      0x00006f    0x7f80                st r0,dm(sp-8)
      0x000070    0x2410 0x00a1         mvi r0,0xa1
      0x000072    0x2ea0                clid r0
      0x000073    0x7ff2                st r2,dm(sp-1)
      0x000074    0x2e00                nop 
      0x000075    0x2e00                nop 
      0x000076    0x2410 0x00a1         mvi r0,0xa1
      0x000078    0x2ea0                clid r0
      0x000079    0x2411 0x201f         mvi r1,0x201f
      0x00007b    0x6fb1                ld r1,dm(sp-5)
      0x00007c    0x6f90                ld r0,dm(sp-7)
      0x00007d    0x0401                sub r0,r0,r1
      0x00007e    0x6fc1                ld r1,dm(sp-4)
      0x00007f    0x6fa2                ld r2,dm(sp-6)
      0x000080    0x7fe0                st r0,dm(sp-2)
      0x000081    0x0691                subb r2,r2,r1
      0x000082    0x2410 0x00a1         mvi r0,0xa1
      0x000084    0x2411 0x2030         mvi r1,0x2030
      0x000086    0x2ea0                clid r0
      0x000087    0x7ff2                st r2,dm(sp-1)
      0x000088    0x2e00                nop 
      0x000089    0x6fdb                ld lr,dm(sp-3)
      0x00008a    0x2ec0                rtd 
      0x00008b    0x3000                mvib r0,0x0
      0x00008c    0x5f80                addb sp, -8
.label __stdio_void_clib_hosted_io___PHosted_clib_vars
      0x00008d    0x2eb8                rt 
.label vfprintf
      0x00008e    0x5130                addb sp, 19
      0x00008f    0x250a                mv r0,sp
      0x000090    0x3ed4                mvib r4,-0x13
      0x000091    0x4045                ld r5,dm(r1)
      0x000092    0x0004                add r0,r0,r4
      0x000093    0x3ff1                mvib r1,-0x1
      0x000094    0x3024                mvib r4,0x2
      0x000095    0x7ffb                st lr,dm(sp-1)
      0x000096    0x7ee5                st r5,dm(sp-18)
      0x000097    0x7f22                st r2,dm(sp-14)
      0x000098    0x7fe3                st r3,dm(sp-2)
      0x000099    0x7ef1                st r1,dm(sp-17)
      0x00009a    0x4204                st r4,dm(r0)
      0x00009b    0x2e98 0x008d         cl 0x8d
      0x00009d    0x6ffb                ld lr,dm(sp-1)
      0x00009e    0x2ec0                rtd 
      0x00009f    0x6ef0                ld r0,dm(sp-17)
      0x0000a0    0x5ed0                addb sp, -19
.label printf
      0x0000a1    0x2410 0x2062         mvi r0,0x2062
      0x0000a3    0x253a                mv r3,sp
      0x0000a4    0x3004                mvib r4,0x0
      0x0000a5    0x2521                mv r2,r1
      0x0000a6    0x4001                ld r1,dm(r0)
      0x0000a7    0x00dc                add r3,r3,r4
      0x0000a8    0x2e80 0x008e         j 0x8e

.data_segment DM 0x002000	   
.label some_array
	0xfff1
	0xffec
	0x1e
	0x28
	0x3c
	0xfed4
	0x23
	0x2d
	0x11d
	0x50

.rodata_segment DM 0x00200a	   
.label __sort___str86b87011
	0x55
	0x6e
	0x73
	0x6f
	0x72
	0x74
	0x65
	0x64
	0x20
	0x76
	0x61
	0x6c
	0x75
	0x65
	0x73
	0x3a
	0x0
.label __sort___str2762cd22
	0x20
	0x25
	0x64
	0x0
.label __sort___str008811f7
	0xa
	0x0
.label __sort___strd6a8e70a
	0x53
	0x6f
	0x72
	0x74
	0x65
	0x64
	0x20
	0x76
	0x61
	0x6c
	0x75
	0x65
	0x73
	0x3a
	0x0
.label __sort___str688f4875
	0x45
	0x78
	0x65
	0x63
	0x75
	0x74
	0x69
	0x6f
	0x6e
	0x20
	0x74
	0x69
	0x6d
	0x65
	0x20
	0x66
	0x6f
	0x72
	0x20
	0x73
	0x6f
	0x72
	0x74
	0x20
	0x66
	0x75
	0x6e
	0x63
	0x74
	0x69
	0x6f
	0x6e
	0x20
	0x69
	0x73
	0x20
	0x25
	0x6c
	0x64
	0x20
	0x63
	0x79
	0x63
	0x6c
	0x65
	0x73
	0xa
	0x0

.data_segment DM 0x002060	   
.label __stdio__stdout
	0x1
	0x1
.label stdout
	0x2060

.bss_segment DM 0x002063	    256

.stack DM 1 8192
