
; File generated by darts version O-2018.09#f5599cac26#190121, Tue May 28 09:51:22 2024
; Copyright 2014-2018 Synopsys, Inc. All rights reserved.
; darts -B -I../lib +p -d -h -I../lib/runtime/include -D__tct_patch__=300 -L +Mhex +Ihex Release/sort.o tmicro

; Release: ipd O-2018.09-SP3
.data_segment_name
.rodata local 1 __sort___str86b87011 DM
	0x55
	0x6e
	0x73
	0x6f
	0x72
	0x74
	0x65
	0x64
	0x20
	0x76
	0x61
	0x6c
	0x75
	0x65
	0x73
	0x3a
	0x0

.data_segment_name
.rodata local 1 __sort___str2762cd22 DM
	0x20
	0x25
	0x64
	0x0

.data_segment_name
.rodata local 1 __sort___str008811f7 DM
	0xa
	0x0

.data_segment_name
.rodata local 1 __sort___strd6a8e70a DM
	0x53
	0x6f
	0x72
	0x74
	0x65
	0x64
	0x20
	0x76
	0x61
	0x6c
	0x75
	0x65
	0x73
	0x3a
	0x0

.data_segment_name
.rodata local 1 __sort___str688f4875 DM
	0x45
	0x78
	0x65
	0x63
	0x75
	0x74
	0x69
	0x6f
	0x6e
	0x20
	0x74
	0x69
	0x6d
	0x65
	0x20
	0x66
	0x6f
	0x72
	0x20
	0x73
	0x6f
	0x72
	0x74
	0x20
	0x66
	0x75
	0x6e
	0x63
	0x74
	0x69
	0x6f
	0x6e
	0x20
	0x69
	0x73
	0x20
	0x25
	0x6c
	0x64
	0x20
	0x63
	0x79
	0x63
	0x6c
	0x65
	0x73
	0xa
	0x0

.undef local data __sort___str86b87011

.undef local data __sort___str2762cd22

.undef local data __sort___str008811f7

.undef local data __sort___strd6a8e70a

.undef local data __sort___str688f4875

.data_segment_name
.data global 1 some_array DM
	0xfff1
	0xffec
	0x1e
	0x28
	0x3c
	0xfed4
	0x23
	0x2d
	0x11d
	0x50

.undef global data stdin

.undef global data stdout

.text_segment_name
.text global 0 __sint_find_min_location___P__sint___sint___sint
	0x000000    0x055a                sub r5,r3,r2
	0x000001    0x004a                add r1,r1,r2
	0x000002    0x2413 0x7fff         mvi r3,0x7fff
	0x000004    0x2edd 0x000b         do r5,LE_F__sint_find_min_location___P__sint___sint___sint_11
	0x000006    0x3ff0                mvib r0,-0x1
	0x000007    0x4054                ld r4,dm(r1++)
	0x000008    0x0e23                lt r4,r3
	0x000009    0x22e3                sel r3,r4,r3
	0x00000a    0x2210                sel r0,r2,r0
.label LE_F__sint_find_min_location___P__sint___sint___sint_11
	0x00000b    0x4094                ld r4,dm(r2++)
.label __sint_find_min_location___P__sint___sint___sint__end
	0x00000c    0x2eb8                rt 

.text_segment_name
.text global 0 void_sort___P__sint___sint
	0x000000    0x5050                addb sp, 5
	0x000001    0x7ff1                st r1,dm(sp-1)
	0x000002    0x3002                mvib r2,0x0
	0x000003    0x4063                ld r3,dm(r1--)
	0x000004    0x7fe0                st r0,dm(sp-2)
	0x000005    0x0e8a                le r1,r2
	0x000006    0x7fdb                st lr,dm(sp-3)
	0x000007    0x7fc2                st r2,dm(sp-4)
	0x000008    0x2f17                jcr 23
	0x000009    0x2414 0x0000         mvi r4,__sint_find_min_location___P__sint___sint___sint
	0x00000b    0x2531                mv r3,r1
	0x00000c    0x2edb 0x001e         do r3,LE_Fvoid_sort___P__sint___sint_30
	0x00000e    0x6fe1                ld r1,dm(sp-2)
	0x00000f    0x7fb0                st r0,dm(sp-5)
	0x000010    0x2ea4                clid r4
	0x000011    0x2e00                nop 
	0x000012    0x6ff3                ld r3,dm(sp-1)
	0x000013    0x6fe1                ld r1,dm(sp-2)
	0x000014    0x00c1                add r3,r0,r1
	0x000015    0x6fb0                ld r0,dm(sp-5)
	0x000016    0x40c5                ld r5,dm(r3)
	0x000017    0x4004                ld r4,dm(r0)
	0x000018    0x6fc2                ld r2,dm(sp-4)
	0x000019    0x4215                st r5,dm(r0++)
	0x00001a    0x42c4                st r4,dm(r3)
	0x00001b    0x2414 0x0000         mvi r4,__sint_find_min_location___P__sint___sint___sint
	0x00001d    0x4096                ld r6,dm(r2++)
.label LE_Fvoid_sort___P__sint___sint_30
	0x00001e    0x7fc2                st r2,dm(sp-4)
	0x00001f    0x2c02                jrd 2
	0x000020    0x6fdb                ld lr,dm(sp-3)
	0x000021    0x6fdb                ld lr,dm(sp-3)
	0x000022    0x2ec0                rtd 
	0x000023    0x5fb0                addb sp, -5
.label void_sort___P__sint___sint__end
	0x000024    0x2e00                nop 

.undef global text __sint_find_min_location___P__sint___sint___sint

.text_segment_name
.text global 0 _main
	0x000000    0x5080                addb sp, 8
	0x000001    0x7fdb                st lr,dm(sp-3)
	0x000002    0x2410 0x0000         mvi r0,printf
	0x000004    0x2ea0                clid r0
	0x000005    0x2411 0x0000         mvi r1,__sort___str86b87011
	0x000007    0x2411 0x0000         mvi r1,some_array
	0x000009    0x7fc1                st r1,dm(sp-4)
	0x00000a    0x30a1                mvib r1,0xa
	0x00000b    0x2ed9 0x0018         do r1,LE_F_main_24
	0x00000d    0x2e00                nop 
	0x00000e    0x6fc0                ld r0,dm(sp-4)
	0x00000f    0x2411 0x0000         mvi r1,__sort___str2762cd22
	0x000011    0x4012                ld r2,dm(r0++)
	0x000012    0x7fc0                st r0,dm(sp-4)
	0x000013    0x2410 0x0000         mvi r0,printf
	0x000015    0x2ea0                clid r0
	0x000016    0x7ff2                st r2,dm(sp-1)
	0x000017    0x2e00                nop 
.label LE_F_main_24
	0x000018    0x2e00                nop 
	0x000019    0x2410 0x0000         mvi r0,printf
	0x00001b    0x2ea0                clid r0
	0x00001c    0x2411 0x0000         mvi r1,__sort___str008811f7
	0x00001e    0x7fc1                st r1,dm(sp-4)
	0x00001f    0x7fb0                st r0,dm(sp-5)
	0x000020    0x30a1                mvib r1,0xa
	0x000021    0x2410 0x0000         mvi r0,some_array
	0x000023    0x2e98 0x0000         cl void_sort___P__sint___sint
	0x000025    0x7f90                st r0,dm(sp-7)
	0x000026    0x7fa1                st r1,dm(sp-6)
	0x000027    0x2410 0x0000         mvi r0,printf
	0x000029    0x2ea0                clid r0
	0x00002a    0x2411 0x0000         mvi r1,__sort___strd6a8e70a
	0x00002c    0x2411 0x0000         mvi r1,some_array
	0x00002e    0x7f81                st r1,dm(sp-8)
	0x00002f    0x30a1                mvib r1,0xa
	0x000030    0x2ed9 0x003d         do r1,LE_F_main_61
	0x000032    0x2e00                nop 
	0x000033    0x6f80                ld r0,dm(sp-8)
	0x000034    0x2411 0x0000         mvi r1,__sort___str2762cd22
	0x000036    0x4012                ld r2,dm(r0++)
	0x000037    0x7f80                st r0,dm(sp-8)
	0x000038    0x2410 0x0000         mvi r0,printf
	0x00003a    0x2ea0                clid r0
	0x00003b    0x7ff2                st r2,dm(sp-1)
	0x00003c    0x2e00                nop 
.label LE_F_main_61
	0x00003d    0x2e00                nop 
	0x00003e    0x2410 0x0000         mvi r0,printf
	0x000040    0x2ea0                clid r0
	0x000041    0x2411 0x0000         mvi r1,__sort___str008811f7
	0x000043    0x6fb1                ld r1,dm(sp-5)
	0x000044    0x6f90                ld r0,dm(sp-7)
	0x000045    0x0401                sub r0,r0,r1
	0x000046    0x6fc1                ld r1,dm(sp-4)
	0x000047    0x6fa2                ld r2,dm(sp-6)
	0x000048    0x7fe0                st r0,dm(sp-2)
	0x000049    0x0691                subb r2,r2,r1
	0x00004a    0x2410 0x0000         mvi r0,printf
	0x00004c    0x2411 0x0000         mvi r1,__sort___str688f4875
	0x00004e    0x2ea0                clid r0
	0x00004f    0x7ff2                st r2,dm(sp-1)
	0x000050    0x2e00                nop 
	0x000051    0x6fdb                ld lr,dm(sp-3)
	0x000052    0x2ec0                rtd 
	0x000053    0x3000                mvib r0,0x0
.label _main__end
	0x000054    0x5f80                addb sp, -8

.undef global text printf

.undef global text void_sort___P__sint___sint

.undef global data some_array

