
// File generated by animal version O-2018.09#f5599cac26#190121, Tue May 28 12:03:14 2024
// Copyright 2014-2018 Synopsys, Inc. All rights reserved.

// Unused instructions in the nML description of tzscale
1xxxxxxxxxxxxxxxxx01xxxxxx01xx11
1xxxxxxxxxxxxxxxxx11xxxxx01xx01x
1xxxxxxxxxxxxxxxxx1xxxxxxx11x01x
1xxxxxxxxxxxxxxxxxxxxxxxxx11x011
x0xxx1xxxxxxxxxxxxxxxxxxxx11x011
x1xxxx1xxxxxxxxxx1xxxxxxx01xx011
x1xxxxxxxxxxxxxxx001xxxxxxx1x011
x1xxxxxxxxxxxxxxx1x0xxxxx01xx011
x1xxxxxxxxxxxxxxxx11xxxxx01xx01x
x1xxxxxxxxxxxxxxxx1xxxxxxx11x01x
xx1xxxxxxxxxxxxxx1xxxxxxx01xx011
xx1xxxxxxxxxxxxxxx01xxxxxxx1x011
xx1xxxxxxxxxxxxxxx11xxxxx01xx01x
xx1xxxxxxxxxxxxxxx1xxxxxxx11x01x
xx1xxxxxxxxxxxxxxxxxxxxxxx11x011
xxx1xxxxxxxxxxxxx1xxxxxxx01xx011
xxx1xxxxxxxxxxxxxx01xxxxxxx1x011
xxx1xxxxxxxxxxxxxx11xxxxx01xx01x
xxx1xxxxxxxxxxxxxx1xxxxxxx11x01x
xxx1xxxxxxxxxxxxxxxxxxxxxx11x011
xxxx1xxxxxxxxxxxx1xxxxxxx01xx011
xxxx1xxxxxxxxxxxxx01xxxxxxx1x011
xxxx1xxxxxxxxxxxxx11xxxxx01xx01x
xxxx1xxxxxxxxxxxxx1xxxxxxx11x01x
xxxx1xxxxxxxxxxxxxxxxxxxxx11x011
xxxxx1xxxxxxxxxxx1xxxxxxx01xx011
xxxxx1xxxxxxxxxxxx01xxxxxxx1x011
xxxxx1xxxxxxxxxxxx11xxxxx01xx01x
xxxxx1xxxxxxxxxxxx1xxxxxxx11x01x
xxxxxx1xxxxxxxxxx1xx0000001xx011
xxxxxx1xxxxxxxxxxx01xxxxxx01xx11
xxxxxxxxxxxxxxxx00000000000x10xx
xxxxxxxxxxxxxxxx00x1xxxxxxxxxx10
xxxxxxxxxxxxxxxx010xxxxxxx0xx1x1
xxxxxxxxxxxxxxxx010xxxxxxxxxxx01
xxxxxxxxxxxxxxxx01100000xxxxx00x
xxxxxxxxxxxxxxxx011xxxxxx0x0xxxx
xxxxxxxxxxxxxxxx01xxxxxx1x0xx1x1
xxxxxxxxxxxxxxxx01xxxxxx1xxxxx01
xxxxxxxxxxxxxxxx01xxxxxxx10xxxx1
xxxxxxxxxxxxxxxx01xxxxxxxx1xxx01
xxxxxxxxxxxxxxxx01xxxxxxxxxx1x01
xxxxxxxxxxxxxxxx0x0000001xxxx001
xxxxxxxxxxxxxxxx0x000000x10xx0x1
xxxxxxxxxxxxxxxx0x000000xx1xx001
xxxxxxxxxxxxxxxx0x000000xxx1x001
xxxxxxxxxxxxxxxx0x000000xxxx10x1
xxxxxxxxxxxxxxxx0x01xxxx00000x01
xxxxxxxxxxxxxxxx0x0x1xxx00000x01
xxxxxxxxxxxxxxxx0x0xx1xx00000x01
xxxxxxxxxxxxxxxx0x0xxx1x00000x01
xxxxxxxxxxxxxxxx0x0xxxxx000001x1
xxxxxxxxxxxxxxxx0xxx00000xxxxx10
xxxxxxxxxxxxxxxx10010xxxxxxxxx0x
xxxxxxxxxxxxxxxx1001x1xxxxxxxx0x
xxxxxxxxxxxxxxxx100x0xxxx000000x
xxxxxxxxxxxxxxxx10xxxxxxxxxxxx00
xxxxxxxxxxxxxxxxx00x0xx100000001
xxxxxxxxxxxxxxxxx01xxxxxx1xx0x1x
xxxxxxxxxxxxxxxxx0x000000000xxx0
xxxxxxxxxxxxxxxxx0x00000000xx1x0
xxxxxxxxxxxxxxxxx0x0xxxxx0000010
xxxxxxxxxxxxxxxxx0xx00000xxxxx10
xxxxxxxxxxxxxxxxx11xxxxxx0x0xx1x
xxxxxxxxxxxxxxxxx1xxxxxxx010xx11
xxxxxxxxxxxxxxxxx1xxxxxxx1xx0111
xxxxxxxxxxxxxxxxxx11xxxxx0x0xx1x
xxxxxxxxxxxxxxxxxx1xxxxxx1xx011x
xxxxxxxxxxxxxxxxxx1xxxxxxxxxxxx0
xxxxxxxxxxxxxxxxxxx1xxxxx1xx0111
xxxxxxxxxxxxxxxxxxxxxxxxx0x0x111
xxxxxxxxxxxxxxxxxxxxxxxxx0xx1x11
xxxxxxxxxxxxxxxxxxxxxxxxx10xxx11
xxxxxxxxxxxxxxxxxxxxxxxxx1x1xx11
xxxxxxxxxxxxxxxxxxxxxxxxxx0x1x11
xxxxxxxxxxxxxxxxxxxxxxxxxx0xx111
xxxxxxxxxxxxxxxxxxxxxxxxxxx11x11
xxxxxxxxxxxxxxxxxxxxxxxxxxxx1011



// Unused instructions in the nML description of tzscale, restricting instruction patterns to avoid overlap
1000000xxxxxxxxxx001xxxxx0010011
1000000xxxxxxxxxx100000000110011
1000000xxxxxxxxxx110000000110011
1000000xxxxxxxxxx111000000110011
1000001xxxxxxxxxx101100000110011
1000001xxxxxxxxxx101x10000110011
1000001xxxxxxxxxx101xx1000110011
1000001xxxxxxxxxx101xxx100110011
1000001xxxxxxxxxx101xxxx10110011
100000xxxxxxxxxxx001000000110011
100000xxxxxxxxxxx001100000110011
100000xxxxxxxxxxx001x10000110011
100000xxxxxxxxxxx001xx1000110011
100000xxxxxxxxxxx001xxx100110011
100000xxxxxxxxxxx001xxxx10110011
100000xxxxxxxxxxx010000000110011
100000xxxxxxxxxxx011000000110011
100000xxxxxxxxxxx100100000110011
100000xxxxxxxxxxx100x10000110011
100000xxxxxxxxxxx100xx1000110011
100000xxxxxxxxxxx100xxx100110011
100000xxxxxxxxxxx100xxxx10110011
100000xxxxxxxxxxxx10100000110011
100000xxxxxxxxxxxx10x10000110011
100000xxxxxxxxxxxx10xx1000110011
100000xxxxxxxxxxxx10xxx100110011
100000xxxxxxxxxxxx10xxxx10110011
100000xxxxxxxxxxxx11100000110011
100000xxxxxxxxxxxx11x10000110011
100000xxxxxxxxxxxx11xx1000110011
100000xxxxxxxxxxxx11xxx100110011
100000xxxxxxxxxxxx11xxxx10110011
110001xxxxxxxxxxx000000000110011
110001xxxxxxxxxxx000100000110011
110001xxxxxxxxxxx000x10000110011
110001xxxxxxxxxxx000xx1000110011
110001xxxxxxxxxxx000xxx100110011
110001xxxxxxxxxxx000xxxx10110011
1x00000xxxxxxxxxx101000000110011
1x00000xxxxxxxxxx101100000110011
1x00000xxxxxxxxxx101x10000110011
1x00000xxxxxxxxxx101xx1000110011
1x00000xxxxxxxxxx101xxx100110011
1x00000xxxxxxxxxx101xxxx10110011
1x00000xxxxxxxxxx101xxxxx0010011
1x0000xxxxxxxxxxx000000000110011
1x0000xxxxxxxxxxx000100000110011
1x0000xxxxxxxxxxx000x10000110011
1x0000xxxxxxxxxxx000xx1000110011
1x0000xxxxxxxxxxx000xxx100110011
1x0000xxxxxxxxxxx000xxxx10110011
x00001xxxxxxxxxxx000000000110011
x00001xxxxxxxxxxx000100000110011
x00001xxxxxxxxxxx000x10000110011
x00001xxxxxxxxxxx000xx1000110011
x00001xxxxxxxxxxx000xxx100110011
x00001xxxxxxxxxxx000xxxx10110011
x100000xxxxxxxxxx001xxxxx0010011
x100000xxxxxxxxxx100000000110011
x100000xxxxxxxxxx110000000110011
x100000xxxxxxxxxx111000000110011
x100001xxxxxxxxxx101100000110011
x100001xxxxxxxxxx101x10000110011
x100001xxxxxxxxxx101xx1000110011
x100001xxxxxxxxxx101xxx100110011
x100001xxxxxxxxxx101xxxx10110011
x10000xxxxxxxxxxx001000000110011
x10000xxxxxxxxxxx001100000110011
x10000xxxxxxxxxxx001x10000110011
x10000xxxxxxxxxxx001xx1000110011
x10000xxxxxxxxxxx001xxx100110011
x10000xxxxxxxxxxx001xxxx10110011
x10000xxxxxxxxxxx010000000110011
x10000xxxxxxxxxxx011000000110011
x10000xxxxxxxxxxx100100000110011
x10000xxxxxxxxxxx100x10000110011
x10000xxxxxxxxxxx100xx1000110011
x10000xxxxxxxxxxx100xxx100110011
x10000xxxxxxxxxxx100xxxx10110011
x10000xxxxxxxxxxxx10100000110011
x10000xxxxxxxxxxxx10x10000110011
x10000xxxxxxxxxxxx10xx1000110011
x10000xxxxxxxxxxxx10xxx100110011
x10000xxxxxxxxxxxx10xxxx10110011
x10000xxxxxxxxxxxx11100000110011
x10000xxxxxxxxxxxx11x10000110011
x10000xxxxxxxxxxxx11xx1000110011
x10000xxxxxxxxxxxx11xxx100110011
x10000xxxxxxxxxxxx11xxxx10110011
xx10000xxxxxxxxxx001xxxxx0010011
xx10000xxxxxxxxxx100000000110011
xx10000xxxxxxxxxx101000000110011
xx10000xxxxxxxxxx101100000110011
xx10000xxxxxxxxxx101x10000110011
xx10000xxxxxxxxxx101xx1000110011
xx10000xxxxxxxxxx101xxx100110011
xx10000xxxxxxxxxx101xxxx10110011
xx10000xxxxxxxxxx101xxxxx0010011
xx10000xxxxxxxxxx110000000110011
xx10000xxxxxxxxxx111000000110011
xx10001xxxxxxxxxx101100000110011
xx10001xxxxxxxxxx101x10000110011
xx10001xxxxxxxxxx101xx1000110011
xx10001xxxxxxxxxx101xxx100110011
xx10001xxxxxxxxxx101xxxx10110011
xx1000xxxxxxxxxxx000000000110011
xx1000xxxxxxxxxxx000100000110011
xx1000xxxxxxxxxxx000x10000110011
xx1000xxxxxxxxxxx000xx1000110011
xx1000xxxxxxxxxxx000xxx100110011
xx1000xxxxxxxxxxx000xxxx10110011
xx1000xxxxxxxxxxx001000000110011
xx1000xxxxxxxxxxx001100000110011
xx1000xxxxxxxxxxx001x10000110011
xx1000xxxxxxxxxxx001xx1000110011
xx1000xxxxxxxxxxx001xxx100110011
xx1000xxxxxxxxxxx001xxxx10110011
xx1000xxxxxxxxxxx010000000110011
xx1000xxxxxxxxxxx011000000110011
xx1000xxxxxxxxxxx100100000110011
xx1000xxxxxxxxxxx100x10000110011
xx1000xxxxxxxxxxx100xx1000110011
xx1000xxxxxxxxxxx100xxx100110011
xx1000xxxxxxxxxxx100xxxx10110011
xx1000xxxxxxxxxxxx10100000110011
xx1000xxxxxxxxxxxx10x10000110011
xx1000xxxxxxxxxxxx10xx1000110011
xx1000xxxxxxxxxxxx10xxx100110011
xx1000xxxxxxxxxxxx10xxxx10110011
xx1000xxxxxxxxxxxx11100000110011
xx1000xxxxxxxxxxxx11x10000110011
xx1000xxxxxxxxxxxx11xx1000110011
xx1000xxxxxxxxxxxx11xxx100110011
xx1000xxxxxxxxxxxx11xxxx10110011
xx1001xxxxxxxxxxx000000000110011
xx1001xxxxxxxxxxx000100000110011
xx1001xxxxxxxxxxx000x10000110011
xx1001xxxxxxxxxxx000xx1000110011
xx1001xxxxxxxxxxx000xxx100110011
xx1001xxxxxxxxxxx000xxxx10110011
xxx1000xxxxxxxxxx001xxxxx0010011
xxx1000xxxxxxxxxx100000000110011
xxx1000xxxxxxxxxx101000000110011
xxx1000xxxxxxxxxx101100000110011
xxx1000xxxxxxxxxx101x10000110011
xxx1000xxxxxxxxxx101xx1000110011
xxx1000xxxxxxxxxx101xxx100110011
xxx1000xxxxxxxxxx101xxxx10110011
xxx1000xxxxxxxxxx101xxxxx0010011
xxx1000xxxxxxxxxx110000000110011
xxx1000xxxxxxxxxx111000000110011
xxx1001xxxxxxxxxx101100000110011
xxx1001xxxxxxxxxx101x10000110011
xxx1001xxxxxxxxxx101xx1000110011
xxx1001xxxxxxxxxx101xxx100110011
xxx1001xxxxxxxxxx101xxxx10110011
xxx100xxxxxxxxxxx000000000110011
xxx100xxxxxxxxxxx000100000110011
xxx100xxxxxxxxxxx000x10000110011
xxx100xxxxxxxxxxx000xx1000110011
xxx100xxxxxxxxxxx000xxx100110011
xxx100xxxxxxxxxxx000xxxx10110011
xxx100xxxxxxxxxxx001000000110011
xxx100xxxxxxxxxxx001100000110011
xxx100xxxxxxxxxxx001x10000110011
xxx100xxxxxxxxxxx001xx1000110011
xxx100xxxxxxxxxxx001xxx100110011
xxx100xxxxxxxxxxx001xxxx10110011
xxx100xxxxxxxxxxx010000000110011
xxx100xxxxxxxxxxx011000000110011
xxx100xxxxxxxxxxx100100000110011
xxx100xxxxxxxxxxx100x10000110011
xxx100xxxxxxxxxxx100xx1000110011
xxx100xxxxxxxxxxx100xxx100110011
xxx100xxxxxxxxxxx100xxxx10110011
xxx100xxxxxxxxxxxx10100000110011
xxx100xxxxxxxxxxxx10x10000110011
xxx100xxxxxxxxxxxx10xx1000110011
xxx100xxxxxxxxxxxx10xxx100110011
xxx100xxxxxxxxxxxx10xxxx10110011
xxx100xxxxxxxxxxxx11100000110011
xxx100xxxxxxxxxxxx11x10000110011
xxx100xxxxxxxxxxxx11xx1000110011
xxx100xxxxxxxxxxxx11xxx100110011
xxx100xxxxxxxxxxxx11xxxx10110011
xxx101xxxxxxxxxxx000000000110011
xxx101xxxxxxxxxxx000100000110011
xxx101xxxxxxxxxxx000x10000110011
xxx101xxxxxxxxxxx000xx1000110011
xxx101xxxxxxxxxxx000xxx100110011
xxx101xxxxxxxxxxx000xxxx10110011
xxxx100xxxxxxxxxx001xxxxx0010011
xxxx100xxxxxxxxxx100000000110011
xxxx100xxxxxxxxxx101000000110011
xxxx100xxxxxxxxxx101100000110011
xxxx100xxxxxxxxxx101x10000110011
xxxx100xxxxxxxxxx101xx1000110011
xxxx100xxxxxxxxxx101xxx100110011
xxxx100xxxxxxxxxx101xxxx10110011
xxxx100xxxxxxxxxx101xxxxx0010011
xxxx100xxxxxxxxxx110000000110011
xxxx100xxxxxxxxxx111000000110011
xxxx101xxxxxxxxxx101100000110011
xxxx101xxxxxxxxxx101x10000110011
xxxx101xxxxxxxxxx101xx1000110011
xxxx101xxxxxxxxxx101xxx100110011
xxxx101xxxxxxxxxx101xxxx10110011
xxxx10xxxxxxxxxxx000000000110011
xxxx10xxxxxxxxxxx000100000110011
xxxx10xxxxxxxxxxx000x10000110011
xxxx10xxxxxxxxxxx000xx1000110011
xxxx10xxxxxxxxxxx000xxx100110011
xxxx10xxxxxxxxxxx000xxxx10110011
xxxx10xxxxxxxxxxx001000000110011
xxxx10xxxxxxxxxxx001100000110011
xxxx10xxxxxxxxxxx001x10000110011
xxxx10xxxxxxxxxxx001xx1000110011
xxxx10xxxxxxxxxxx001xxx100110011
xxxx10xxxxxxxxxxx001xxxx10110011
xxxx10xxxxxxxxxxx010000000110011
xxxx10xxxxxxxxxxx011000000110011
xxxx10xxxxxxxxxxx100100000110011
xxxx10xxxxxxxxxxx100x10000110011
xxxx10xxxxxxxxxxx100xx1000110011
xxxx10xxxxxxxxxxx100xxx100110011
xxxx10xxxxxxxxxxx100xxxx10110011
xxxx10xxxxxxxxxxxx10100000110011
xxxx10xxxxxxxxxxxx10x10000110011
xxxx10xxxxxxxxxxxx10xx1000110011
xxxx10xxxxxxxxxxxx10xxx100110011
xxxx10xxxxxxxxxxxx10xxxx10110011
xxxx10xxxxxxxxxxxx11100000110011
xxxx10xxxxxxxxxxxx11x10000110011
xxxx10xxxxxxxxxxxx11xx1000110011
xxxx10xxxxxxxxxxxx11xxx100110011
xxxx10xxxxxxxxxxxx11xxxx10110011
xxxx11xxxxxxxxxxx000000000110011
xxxx11xxxxxxxxxxx000100000110011
xxxx11xxxxxxxxxxx000x10000110011
xxxx11xxxxxxxxxxx000xx1000110011
xxxx11xxxxxxxxxxx000xxx100110011
xxxx11xxxxxxxxxxx000xxxx10110011
xxxxx10xxxxxxxxxx001xxxxx0010011
xxxxx10xxxxxxxxxx100000000110011
xxxxx10xxxxxxxxxx101000000110011
xxxxx10xxxxxxxxxx101100000110011
xxxxx10xxxxxxxxxx101x10000110011
xxxxx10xxxxxxxxxx101xx1000110011
xxxxx10xxxxxxxxxx101xxx100110011
xxxxx10xxxxxxxxxx101xxxx10110011
xxxxx10xxxxxxxxxx101xxxxx0010011
xxxxx10xxxxxxxxxx110000000110011
xxxxx10xxxxxxxxxx111000000110011
xxxxx11xxxxxxxxxx101100000110011
xxxxx11xxxxxxxxxx101x10000110011
xxxxx11xxxxxxxxxx101xx1000110011
xxxxx11xxxxxxxxxx101xxx100110011
xxxxx11xxxxxxxxxx101xxxx10110011
xxxxx1xxxxxxxxxxx001000000110011
xxxxx1xxxxxxxxxxx001100000110011
xxxxx1xxxxxxxxxxx001x10000110011
xxxxx1xxxxxxxxxxx001xx1000110011
xxxxx1xxxxxxxxxxx001xxx100110011
xxxxx1xxxxxxxxxxx001xxxx10110011
xxxxx1xxxxxxxxxxx010000000110011
xxxxx1xxxxxxxxxxx011000000110011
xxxxx1xxxxxxxxxxx100100000110011
xxxxx1xxxxxxxxxxx100x10000110011
xxxxx1xxxxxxxxxxx100xx1000110011
xxxxx1xxxxxxxxxxx100xxx100110011
xxxxx1xxxxxxxxxxx100xxxx10110011
xxxxx1xxxxxxxxxxxx10100000110011
xxxxx1xxxxxxxxxxxx10x10000110011
xxxxx1xxxxxxxxxxxx10xx1000110011
xxxxx1xxxxxxxxxxxx10xxx100110011
xxxxx1xxxxxxxxxxxx10xxxx10110011
xxxxx1xxxxxxxxxxxx11100000110011
xxxxx1xxxxxxxxxxxx11x10000110011
xxxxx1xxxxxxxxxxxx11xx1000110011
xxxxx1xxxxxxxxxxxx11xxx100110011
xxxxx1xxxxxxxxxxxx11xxxx10110011
xxxxxx1xxxxxxxxxx001xxxxx0010011
xxxxxx1xxxxxxxxxx100000000110011
xxxxxx1xxxxxxxxxx101000000110011
xxxxxx1xxxxxxxxxx101xxxxx0010011
xxxxxx1xxxxxxxxxx110000000110011
xxxxxx1xxxxxxxxxx111000000110011
xxxxxxxxxxxxxxxx0001100000000010
xxxxxxxxxxxxxxxx0001100001000010
xxxxxxxxxxxxxxxx000110000x100010
xxxxxxxxxxxxxxxx000110000xx10010
xxxxxxxxxxxxxxxx000110000xxx1010
xxxxxxxxxxxxxxxx000110000xxxx110
xxxxxxxxxxxxxxxx0001x10000000010
xxxxxxxxxxxxxxxx0001x10001000010
xxxxxxxxxxxxxxxx0001x1000x100010
xxxxxxxxxxxxxxxx0001x1000xx10010
xxxxxxxxxxxxxxxx0001x1000xxx1010
xxxxxxxxxxxxxxxx0001x1000xxxx110
xxxxxxxxxxxxxxxx0001xx1000000010
xxxxxxxxxxxxxxxx0001xx1001000010
xxxxxxxxxxxxxxxx0001xx100x100010
xxxxxxxxxxxxxxxx0001xx100xx10010
xxxxxxxxxxxxxxxx0001xx100xxx1010
xxxxxxxxxxxxxxxx0001xx100xxxx110
xxxxxxxxxxxxxxxx0001xxx100000010
xxxxxxxxxxxxxxxx0001xxx101000010
xxxxxxxxxxxxxxxx0001xxx10x100010
xxxxxxxxxxxxxxxx0001xxx10xx10010
xxxxxxxxxxxxxxxx0001xxx10xxx1010
xxxxxxxxxxxxxxxx0001xxx10xxxx110
xxxxxxxxxxxxxxxx0001xxxx10000010
xxxxxxxxxxxxxxxx0001xxxx11000010
xxxxxxxxxxxxxxxx0001xxxx1x100010
xxxxxxxxxxxxxxxx0001xxxx1xx10010
xxxxxxxxxxxxxxxx0001xxxx1xxx1010
xxxxxxxxxxxxxxxx0001xxxx1xxxx110
xxxxxxxxxxxxxxxx0100001000010001
xxxxxxxxxxxxxxxx010000x100010001
xxxxxxxxxxxxxxxx010000xx00010101
xxxxxxxxxxxxxxxx0100x10000010001
xxxxxxxxxxxxxxxx0100x11000010001
xxxxxxxxxxxxxxxx0100x1x100010001
xxxxxxxxxxxxxxxx0100x1xx00010101
xxxxxxxxxxxxxxxx0101000000010001
xxxxxxxxxxxxxxxx0101001000010001
xxxxxxxxxxxxxxxx010100x100010001
xxxxxxxxxxxxxxxx010100xx00010101
xxxxxxxxxxxxxxxx0101x10000010001
xxxxxxxxxxxxxxxx0101x11000010001
xxxxxxxxxxxxxxxx0101x1x100010001
xxxxxxxxxxxxxxxx0101x1xx00010101
xxxxxxxxxxxxxxxx010x000000000010
xxxxxxxxxxxxxxxx010x000001000010
xxxxxxxxxxxxxxxx010x00000x100010
xxxxxxxxxxxxxxxx010x00000xx10010
xxxxxxxxxxxxxxxx010x00000xxx1010
xxxxxxxxxxxxxxxx010x00000xxxx110
xxxxxxxxxxxxxxxx010x100000010001
xxxxxxxxxxxxxxxx010x101000010001
xxxxxxxxxxxxxxxx010x10x100010001
xxxxxxxxxxxxxxxx010x10xx00010101
xxxxxxxxxxxxxxxx0110000000010001
xxxxxxxxxxxxxxxx0110000010010001
xxxxxxxxxxxxxxxx01100000x1000001
xxxxxxxxxxxxxxxx01100000x1010001
xxxxxxxxxxxxxxxx01100000xx100001
xxxxxxxxxxxxxxxx01100000xx110001
xxxxxxxxxxxxxxxx01100000xxxx1001
xxxxxxxxxxxxxxxx011000xx00000101
xxxxxxxxxxxxxxxx0110110000000001
xxxxxxxxxxxxxxxx0110111000000001
xxxxxxxxxxxxxxxx011011x100000001
xxxxxxxxxxxxxxxx0110x1xx00000101
xxxxxxxxxxxxxxxx011x100000000001
xxxxxxxxxxxxxxxx011x101000000001
xxxxxxxxxxxxxxxx011x10x100000001
xxxxxxxxxxxxxxxx011x10xx00000101
xxxxxxxxxxxxxxxx01x0000000000001
xxxxxxxxxxxxxxxx01x0000010000001
xxxxxxxxxxxxxxxx01x0001010010001
xxxxxxxxxxxxxxxx01x00010x1000001
xxxxxxxxxxxxxxxx01x00010x1010001
xxxxxxxxxxxxxxxx01x00010xx100001
xxxxxxxxxxxxxxxx01x00010xx110001
xxxxxxxxxxxxxxxx01x00010xxxx1001
xxxxxxxxxxxxxxxx01x000x110010001
xxxxxxxxxxxxxxxx01x000x1x1000001
xxxxxxxxxxxxxxxx01x000x1x1010001
xxxxxxxxxxxxxxxx01x000x1xx100001
xxxxxxxxxxxxxxxx01x000x1xx110001
xxxxxxxxxxxxxxxx01x000x1xxxx1001
xxxxxxxxxxxxxxxx01x000xx10000101
xxxxxxxxxxxxxxxx01x000xx10010101
xxxxxxxxxxxxxxxx01x000xxx1000101
xxxxxxxxxxxxxxxx01x000xxx1010101
xxxxxxxxxxxxxxxx01x000xxxx100101
xxxxxxxxxxxxxxxx01x000xxxx110101
xxxxxxxxxxxxxxxx01x000xxxxxx1101
xxxxxxxxxxxxxxxx01x0110010000001
xxxxxxxxxxxxxxxx01x0111010000001
xxxxxxxxxxxxxxxx01x011x110000001
xxxxxxxxxxxxxxxx01x0x10010010001
xxxxxxxxxxxxxxxx01x0x100x1000001
xxxxxxxxxxxxxxxx01x0x100x1010001
xxxxxxxxxxxxxxxx01x0x100xx100001
xxxxxxxxxxxxxxxx01x0x100xx110001
xxxxxxxxxxxxxxxx01x0x100xxxx1001
xxxxxxxxxxxxxxxx01x0x11010010001
xxxxxxxxxxxxxxxx01x0x110x1000001
xxxxxxxxxxxxxxxx01x0x110x1010001
xxxxxxxxxxxxxxxx01x0x110xx100001
xxxxxxxxxxxxxxxx01x0x110xx110001
xxxxxxxxxxxxxxxx01x0x110xxxx1001
xxxxxxxxxxxxxxxx01x0x1x110010001
xxxxxxxxxxxxxxxx01x0x1x1x1000001
xxxxxxxxxxxxxxxx01x0x1x1x1010001
xxxxxxxxxxxxxxxx01x0x1x1xx100001
xxxxxxxxxxxxxxxx01x0x1x1xx110001
xxxxxxxxxxxxxxxx01x0x1x1xxxx1001
xxxxxxxxxxxxxxxx01x0x1xx10000101
xxxxxxxxxxxxxxxx01x0x1xx10010101
xxxxxxxxxxxxxxxx01x0x1xxx1000101
xxxxxxxxxxxxxxxx01x0x1xxx1010101
xxxxxxxxxxxxxxxx01x0x1xxxx100101
xxxxxxxxxxxxxxxx01x0x1xxxx110101
xxxxxxxxxxxxxxxx01x0x1xxxxxx1101
xxxxxxxxxxxxxxxx01x1000000000001
xxxxxxxxxxxxxxxx01x1000010000001
xxxxxxxxxxxxxxxx01x1000010010001
xxxxxxxxxxxxxxxx01x10000x1000001
xxxxxxxxxxxxxxxx01x10000x1010001
xxxxxxxxxxxxxxxx01x10000xx100001
xxxxxxxxxxxxxxxx01x10000xx110001
xxxxxxxxxxxxxxxx01x10000xxxx1001
xxxxxxxxxxxxxxxx01x1001010010001
xxxxxxxxxxxxxxxx01x10010x1000001
xxxxxxxxxxxxxxxx01x10010x1010001
xxxxxxxxxxxxxxxx01x10010xx100001
xxxxxxxxxxxxxxxx01x10010xx110001
xxxxxxxxxxxxxxxx01x10010xxxx1001
xxxxxxxxxxxxxxxx01x100x110010001
xxxxxxxxxxxxxxxx01x100x1x1000001
xxxxxxxxxxxxxxxx01x100x1x1010001
xxxxxxxxxxxxxxxx01x100x1xx100001
xxxxxxxxxxxxxxxx01x100x1xx110001
xxxxxxxxxxxxxxxx01x100x1xxxx1001
xxxxxxxxxxxxxxxx01x100xx00000101
xxxxxxxxxxxxxxxx01x100xx10000101
xxxxxxxxxxxxxxxx01x100xx10010101
xxxxxxxxxxxxxxxx01x100xxx1000101
xxxxxxxxxxxxxxxx01x100xxx1010101
xxxxxxxxxxxxxxxx01x100xxxx100101
xxxxxxxxxxxxxxxx01x100xxxx110101
xxxxxxxxxxxxxxxx01x100xxxxxx1101
xxxxxxxxxxxxxxxx01x1110000000001
xxxxxxxxxxxxxxxx01x1110010000001
xxxxxxxxxxxxxxxx01x1111000000001
xxxxxxxxxxxxxxxx01x1111010000001
xxxxxxxxxxxxxxxx01x111x100000001
xxxxxxxxxxxxxxxx01x111x110000001
xxxxxxxxxxxxxxxx01x1x10010010001
xxxxxxxxxxxxxxxx01x1x100x1000001
xxxxxxxxxxxxxxxx01x1x100x1010001
xxxxxxxxxxxxxxxx01x1x100xx100001
xxxxxxxxxxxxxxxx01x1x100xx110001
xxxxxxxxxxxxxxxx01x1x100xxxx1001
xxxxxxxxxxxxxxxx01x1x11010010001
xxxxxxxxxxxxxxxx01x1x110x1000001
xxxxxxxxxxxxxxxx01x1x110x1010001
xxxxxxxxxxxxxxxx01x1x110xx100001
xxxxxxxxxxxxxxxx01x1x110xx110001
xxxxxxxxxxxxxxxx01x1x110xxxx1001
xxxxxxxxxxxxxxxx01x1x1x110010001
xxxxxxxxxxxxxxxx01x1x1x1x1000001
xxxxxxxxxxxxxxxx01x1x1x1x1010001
xxxxxxxxxxxxxxxx01x1x1x1xx100001
xxxxxxxxxxxxxxxx01x1x1x1xx110001
xxxxxxxxxxxxxxxx01x1x1x1xxxx1001
xxxxxxxxxxxxxxxx01x1x1xx00000101
xxxxxxxxxxxxxxxx01x1x1xx10000101
xxxxxxxxxxxxxxxx01x1x1xx10010101
xxxxxxxxxxxxxxxx01x1x1xxx1000101
xxxxxxxxxxxxxxxx01x1x1xxx1010101
xxxxxxxxxxxxxxxx01x1x1xxxx100101
xxxxxxxxxxxxxxxx01x1x1xxxx110101
xxxxxxxxxxxxxxxx01x1x1xxxxxx1101
xxxxxxxxxxxxxxxx01xx001000000001
xxxxxxxxxxxxxxxx01xx00x100000001
xxxxxxxxxxxxxxxx01xx010000000001
xxxxxxxxxxxxxxxx01xx010010000001
xxxxxxxxxxxxxxxx01xx011000000001
xxxxxxxxxxxxxxxx01xx011010000001
xxxxxxxxxxxxxxxx01xx01x100000001
xxxxxxxxxxxxxxxx01xx01x110000001
xxxxxxxxxxxxxxxx01xx100010000001
xxxxxxxxxxxxxxxx01xx100010010001
xxxxxxxxxxxxxxxx01xx1000x1000001
xxxxxxxxxxxxxxxx01xx1000x1010001
xxxxxxxxxxxxxxxx01xx1000xx100001
xxxxxxxxxxxxxxxx01xx1000xx110001
xxxxxxxxxxxxxxxx01xx1000xxxx1001
xxxxxxxxxxxxxxxx01xx101010010001
xxxxxxxxxxxxxxxx01xx1010x1000001
xxxxxxxxxxxxxxxx01xx1010x1010001
xxxxxxxxxxxxxxxx01xx1010xx100001
xxxxxxxxxxxxxxxx01xx1010xx110001
xxxxxxxxxxxxxxxx01xx1010xxxx1001
xxxxxxxxxxxxxxxx01xx10x110010001
xxxxxxxxxxxxxxxx01xx10x1x1000001
xxxxxxxxxxxxxxxx01xx10x1x1010001
xxxxxxxxxxxxxxxx01xx10x1xx100001
xxxxxxxxxxxxxxxx01xx10x1xx110001
xxxxxxxxxxxxxxxx01xx10x1xxxx1001
xxxxxxxxxxxxxxxx01xx10xx10000101
xxxxxxxxxxxxxxxx01xx10xx10010101
xxxxxxxxxxxxxxxx01xx10xxx1000101
xxxxxxxxxxxxxxxx01xx10xxx1010101
xxxxxxxxxxxxxxxx01xx10xxxx100101
xxxxxxxxxxxxxxxx01xx10xxxx110101
xxxxxxxxxxxxxxxx01xx10xxxxxx1101
xxxxxxxxxxxxxxxx01xxx01010000001
xxxxxxxxxxxxxxxx01xxx0x110000001
xxxxxxxxxxxxxxxx0x00000000010001
xxxxxxxxxxxxxxxx0x00000010010001
xxxxxxxxxxxxxxxx0x000000x1000001
xxxxxxxxxxxxxxxx0x000000x1010001
xxxxxxxxxxxxxxxx0x000000xx100001
xxxxxxxxxxxxxxxx0x000000xx110001
xxxxxxxxxxxxxxxx0x000000xxxx1001
xxxxxxxxxxxxxxxx0x0000xx00000101
xxxxxxxxxxxxxxxx0x00110000000001
xxxxxxxxxxxxxxxx0x00111000000001
xxxxxxxxxxxxxxxx0x0011x100000001
xxxxxxxxxxxxxxxx0x00x1xx00000101
xxxxxxxxxxxxxxxx0x0x100000000001
xxxxxxxxxxxxxxxx0x0x101000000001
xxxxxxxxxxxxxxxx0x0x10x100000001
xxxxxxxxxxxxxxxx0x0x10xx00000101
xxxxxxxxxxxxxxxx1000000000000001
xxxxxxxxxxxxxxxx1001000000000000
xxxxxxxxxxxxxxxx1001000000010001
xxxxxxxxxxxxxxxx10010000000x1000
xxxxxxxxxxxxxxxx10010000000xx100
xxxxxxxxxxxxxxxx1001000010000001
xxxxxxxxxxxxxxxx1001000010010001
xxxxxxxxxxxxxxxx10010000x1000001
xxxxxxxxxxxxxxxx10010000x1010001
xxxxxxxxxxxxxxxx10010000xx100001
xxxxxxxxxxxxxxxx10010000xx110001
xxxxxxxxxxxxxxxx10010000xxxx1001
xxxxxxxxxxxxxxxx1001001000010001
xxxxxxxxxxxxxxxx1001001010010001
xxxxxxxxxxxxxxxx10010010x1000001
xxxxxxxxxxxxxxxx10010010x1010001
xxxxxxxxxxxxxxxx10010010xx100001
xxxxxxxxxxxxxxxx10010010xx110001
xxxxxxxxxxxxxxxx10010010xxxx1001
xxxxxxxxxxxxxxxx100100x100010001
xxxxxxxxxxxxxxxx100100x110010001
xxxxxxxxxxxxxxxx100100x1x1000001
xxxxxxxxxxxxxxxx100100x1x1010001
xxxxxxxxxxxxxxxx100100x1xx100001
xxxxxxxxxxxxxxxx100100x1xx110001
xxxxxxxxxxxxxxxx100100x1xxxx1001
xxxxxxxxxxxxxxxx100100xx00010101
xxxxxxxxxxxxxxxx100100xx10000101
xxxxxxxxxxxxxxxx100100xx10010101
xxxxxxxxxxxxxxxx100100xxx1000101
xxxxxxxxxxxxxxxx100100xxx1010101
xxxxxxxxxxxxxxxx100100xxxx100101
xxxxxxxxxxxxxxxx100100xxxx110101
xxxxxxxxxxxxxxxx100100xxxxxx1101
xxxxxxxxxxxxxxxx1001110010000001
xxxxxxxxxxxxxxxx1001111010000001
xxxxxxxxxxxxxxxx100111x110000001
xxxxxxxxxxxxxxxx1001x10000010001
xxxxxxxxxxxxxxxx1001x10010010001
xxxxxxxxxxxxxxxx1001x100x1000001
xxxxxxxxxxxxxxxx1001x100x1010001
xxxxxxxxxxxxxxxx1001x100xx100001
xxxxxxxxxxxxxxxx1001x100xx110001
xxxxxxxxxxxxxxxx1001x100xxxx1001
xxxxxxxxxxxxxxxx1001x11000010001
xxxxxxxxxxxxxxxx1001x11010010001
xxxxxxxxxxxxxxxx1001x110x1000001
xxxxxxxxxxxxxxxx1001x110x1010001
xxxxxxxxxxxxxxxx1001x110xx100001
xxxxxxxxxxxxxxxx1001x110xx110001
xxxxxxxxxxxxxxxx1001x110xxxx1001
xxxxxxxxxxxxxxxx1001x1x100010001
xxxxxxxxxxxxxxxx1001x1x110010001
xxxxxxxxxxxxxxxx1001x1x1x1000001
xxxxxxxxxxxxxxxx1001x1x1x1010001
xxxxxxxxxxxxxxxx1001x1x1xx100001
xxxxxxxxxxxxxxxx1001x1x1xx110001
xxxxxxxxxxxxxxxx1001x1x1xxxx1001
xxxxxxxxxxxxxxxx1001x1xx00010101
xxxxxxxxxxxxxxxx1001x1xx10000101
xxxxxxxxxxxxxxxx1001x1xx10010101
xxxxxxxxxxxxxxxx1001x1xxx1000101
xxxxxxxxxxxxxxxx1001x1xxx1010101
xxxxxxxxxxxxxxxx1001x1xxxx100101
xxxxxxxxxxxxxxxx1001x1xxxx110101
xxxxxxxxxxxxxxxx1001x1xxxxxx1101
xxxxxxxxxxxxxxxx100x001010000001
xxxxxxxxxxxxxxxx100x00x110000001
xxxxxxxxxxxxxxxx100x010010000001
xxxxxxxxxxxxxxxx100x011010000001
xxxxxxxxxxxxxxxx100x01x110000001
xxxxxxxxxxxxxxxx100x100000000000
xxxxxxxxxxxxxxxx100x1000000x1000
xxxxxxxxxxxxxxxx100x1000000xx100
xxxxxxxxxxxxxxxx100xx10000000000
xxxxxxxxxxxxxxxx100xx100000x1000
xxxxxxxxxxxxxxxx100xx100000xx100
xxxxxxxxxxxxxxxx100xxx1000000000
xxxxxxxxxxxxxxxx100xxx10000x1000
xxxxxxxxxxxxxxxx100xxx10000xx100
xxxxxxxxxxxxxxxx100xxxx100000000
xxxxxxxxxxxxxxxx100xxxx1000x1000
xxxxxxxxxxxxxxxx100xxxx1000xx100
xxxxxxxxxxxxxxxx100xxxxx10000000
xxxxxxxxxxxxxxxx100xxxxx100x1000
xxxxxxxxxxxxxxxx100xxxxx100xx100
xxxxxxxxxxxxxxxx100xxxxxx1000000
xxxxxxxxxxxxxxxx100xxxxxx10x1000
xxxxxxxxxxxxxxxx100xxxxxx10xx100
xxxxxxxxxxxxxxxx100xxxxxxx100000
xxxxxxxxxxxxxxxx100xxxxxxx1x1000
xxxxxxxxxxxxxxxx100xxxxxxx1xx100
xxxxxxxxxxxxxxxx100xxxxxxxx10000
xxxxxxxxxxxxxxxxx000000000000000
xxxxxxxxxxxxxxxxx0000000000x1000
xxxxxxxxxxxxxxxxx0000000000xx100
xxxxxxxxxxxxxxxxx000000010000001
xxxxxxxxxxxxxxxxx000100000000010
xxxxxxxxxxxxxxxxx000x10000000010
xxxxxxxxxxxxxxxxx000xx1000000010
xxxxxxxxxxxxxxxxx000xxx100000010
xxxxxxxxxxxxxxxxx000xxxx10000010
xxxxxxxxxxxxxxxxx001000000000001
xxxxxxxxxxxxxxxxx00100xx00000101
xxxxxxxxxxxxxxxxx001110000000001
xxxxxxxxxxxxxxxxx001111000000001
xxxxxxxxxxxxxxxxx00111x100000001
xxxxxxxxxxxxxxxxx001x1xx00000101
xxxxxxxxxxxxxxxxx00x000000000010
xxxxxxxxxxxxxxxxx00x000001000010
xxxxxxxxxxxxxxxxx00x00000x100010
xxxxxxxxxxxxxxxxx00x00000xx10010
xxxxxxxxxxxxxxxxx00x00000xxx1010
xxxxxxxxxxxxxxxxx00x00000xxxx110
xxxxxxxxxxxxxxxxx00x001000000001
xxxxxxxxxxxxxxxxx00x00x100000001
xxxxxxxxxxxxxxxxx00x010000000001
xxxxxxxxxxxxxxxxx00x011000000001
xxxxxxxxxxxxxxxxx00x01x100000001
xxxxxxxxxxxxxxxxx01xxxxxx1100011
xxxxxxxxxxxxxxxxx100xxxxx1100111
xxxxxxxxxxxxxxxxx101xxxxx0100011
xxxxxxxxxxxxxxxxx110xxxxx0000011
xxxxxxxxxxxxxxxxx1x0xxxxx0100011
xxxxxxxxxxxxxxxxxx10000000000000
xxxxxxxxxxxxxxxxxx100000000x1000
xxxxxxxxxxxxxxxxxx100000000xx100
xxxxxxxxxxxxxxxxxx10100000000010
xxxxxxxxxxxxxxxxxx10100001000010
xxxxxxxxxxxxxxxxxx1010000x100010
xxxxxxxxxxxxxxxxxx1010000xx10010
xxxxxxxxxxxxxxxxxx1010000xxx1010
xxxxxxxxxxxxxxxxxx1010000xxxx110
xxxxxxxxxxxxxxxxxx10x10000000010
xxxxxxxxxxxxxxxxxx10x10001000010
xxxxxxxxxxxxxxxxxx10x1000x100010
xxxxxxxxxxxxxxxxxx10x1000xx10010
xxxxxxxxxxxxxxxxxx10x1000xxx1010
xxxxxxxxxxxxxxxxxx10x1000xxxx110
xxxxxxxxxxxxxxxxxx10xx1000000010
xxxxxxxxxxxxxxxxxx10xx1001000010
xxxxxxxxxxxxxxxxxx10xx100x100010
xxxxxxxxxxxxxxxxxx10xx100xx10010
xxxxxxxxxxxxxxxxxx10xx100xxx1010
xxxxxxxxxxxxxxxxxx10xx100xxxx110
xxxxxxxxxxxxxxxxxx10xxx100000010
xxxxxxxxxxxxxxxxxx10xxx101000010
xxxxxxxxxxxxxxxxxx10xxx10x100010
xxxxxxxxxxxxxxxxxx10xxx10xx10010
xxxxxxxxxxxxxxxxxx10xxx10xxx1010
xxxxxxxxxxxxxxxxxx10xxx10xxxx110
xxxxxxxxxxxxxxxxxx10xxxx10000010
xxxxxxxxxxxxxxxxxx10xxxx11000010
xxxxxxxxxxxxxxxxxx10xxxx1x100010
xxxxxxxxxxxxxxxxxx10xxxx1xx10010
xxxxxxxxxxxxxxxxxx10xxxx1xxx1010
xxxxxxxxxxxxxxxxxx10xxxx1xxxx110
xxxxxxxxxxxxxxxxxx10xxxxx1100111
xxxxxxxxxxxxxxxxxx11000000000000
xxxxxxxxxxxxxxxxxx110000000x1000
xxxxxxxxxxxxxxxxxx110000000xx100
xxxxxxxxxxxxxxxxxx11100000000010
xxxxxxxxxxxxxxxxxx11100001000010
xxxxxxxxxxxxxxxxxx1110000x100010
xxxxxxxxxxxxxxxxxx1110000xx10010
xxxxxxxxxxxxxxxxxx1110000xxx1010
xxxxxxxxxxxxxxxxxx1110000xxxx110
xxxxxxxxxxxxxxxxxx11x10000000010
xxxxxxxxxxxxxxxxxx11x10001000010
xxxxxxxxxxxxxxxxxx11x1000x100010
xxxxxxxxxxxxxxxxxx11x1000xx10010
xxxxxxxxxxxxxxxxxx11x1000xxx1010
xxxxxxxxxxxxxxxxxx11x1000xxxx110
xxxxxxxxxxxxxxxxxx11xx1000000010
xxxxxxxxxxxxxxxxxx11xx1001000010
xxxxxxxxxxxxxxxxxx11xx100x100010
xxxxxxxxxxxxxxxxxx11xx100xx10010
xxxxxxxxxxxxxxxxxx11xx100xxx1010
xxxxxxxxxxxxxxxxxx11xx100xxxx110
xxxxxxxxxxxxxxxxxx11xxx100000010
xxxxxxxxxxxxxxxxxx11xxx101000010
xxxxxxxxxxxxxxxxxx11xxx10x100010
xxxxxxxxxxxxxxxxxx11xxx10xx10010
xxxxxxxxxxxxxxxxxx11xxx10xxx1010
xxxxxxxxxxxxxxxxxx11xxx10xxxx110
xxxxxxxxxxxxxxxxxx11xxxx10000010
xxxxxxxxxxxxxxxxxx11xxxx11000010
xxxxxxxxxxxxxxxxxx11xxxx1x100010
xxxxxxxxxxxxxxxxxx11xxxx1xx10010
xxxxxxxxxxxxxxxxxx11xxxx1xxx1010
xxxxxxxxxxxxxxxxxx11xxxx1xxxx110
xxxxxxxxxxxxxxxxxx11xxxxx0000011
xxxxxxxxxxxxxxxxxx11xxxxx0100011
xxxxxxxxxxxxxxxxxx1x000000000010
xxxxxxxxxxxxxxxxxx1x000001000010
xxxxxxxxxxxxxxxxxx1x00000x100010
xxxxxxxxxxxxxxxxxx1x00000xx10010
xxxxxxxxxxxxxxxxxx1x00000xxx1010
xxxxxxxxxxxxxxxxxx1x00000xxxx110
xxxxxxxxxxxxxxxxxx1x100000000000
xxxxxxxxxxxxxxxxxx1x1000000x1000
xxxxxxxxxxxxxxxxxx1x1000000xx100
xxxxxxxxxxxxxxxxxx1xx10000000000
xxxxxxxxxxxxxxxxxx1xx100000x1000
xxxxxxxxxxxxxxxxxx1xx100000xx100
xxxxxxxxxxxxxxxxxx1xxx1000000000
xxxxxxxxxxxxxxxxxx1xxx10000x1000
xxxxxxxxxxxxxxxxxx1xxx10000xx100
xxxxxxxxxxxxxxxxxx1xxxx100000000
xxxxxxxxxxxxxxxxxx1xxxx1000x1000
xxxxxxxxxxxxxxxxxx1xxxx1000xx100
xxxxxxxxxxxxxxxxxx1xxxxx10000000
xxxxxxxxxxxxxxxxxx1xxxxx100x1000
xxxxxxxxxxxxxxxxxx1xxxxx100xx100
xxxxxxxxxxxxxxxxxx1xxxxxx1000000
xxxxxxxxxxxxxxxxxx1xxxxxx10x1000
xxxxxxxxxxxxxxxxxx1xxxxxx10xx100
xxxxxxxxxxxxxxxxxx1xxxxxxx100000
xxxxxxxxxxxxxxxxxx1xxxxxxx1x1000
xxxxxxxxxxxxxxxxxx1xxxxxxx1xx100
xxxxxxxxxxxxxxxxxx1xxxxxxxx10000
xxxxxxxxxxxxxxxxxxx1xxxxx1100111
xxxxxxxxxxxxxxxxxxxxxxxxx0100111
xxxxxxxxxxxxxxxxxxxxxxxxx0101111
xxxxxxxxxxxxxxxxxxxxxxxxx1000011
xxxxxxxxxxxxxxxxxxxxxxxxx1010011
xxxxxxxxxxxxxxxxxxxxxxxxx1110011
xxxxxxxxxxxxxxxxxxxxxxxxx1110111
xxxxxxxxxxxxxxxxxxxxxxxxxx000111
xxxxxxxxxxxxxxxxxxxxxxxxxx001111
xxxxxxxxxxxxxxxxxxxxxxxxxx010111
xxxxxxxxxxxxxxxxxxxxxxxxxxx11111
xxxxxxxxxxxxxxxxxxxxxxxxxxxx1011
