
// File generated by amnesia version O-2018.09#f5599cac26#190121, Tue May 28 12:03:13 2024
// Copyright 2014-2018 Synopsys, Inc. All rights reserved.
// amnesia -P -B -p4 -q2 tzscale

toolrelease _18R3;

==================================================
	 CONNECTIVITY 'tzscale'
==================================================

==========================
Type representation info :
==========================
representation                'int' : 'w32'
representation           'unsigned' : 'w32'
representation              'void*' : 'w32'
representation            'v2short' : 'w32'
representation          'long long' : 'dint'
representation 'unsigned long long' : 'dint'
representation              'float' : 'w32'
representation             'double' : 'dint'

======================
Type promotions info :
======================
            'int20p' : promotable to 'w32'
             'short' : promotable to 'w16', 'w32'
    'unsigned short' : promotable to 'w16', 'w32'
       'signed char' : promotable to 'w08', 'w16', 'w32'
     'unsigned char' : promotable to 'w08', 'w16', 'w32'

===============
Storages info :
===============
               'w32' storages : R, DMw (spill mem)
               'w16' storages : DMh (spill mem)
               'w08' storages : DMb (spill mem)

============================
Restricted register access :
============================


============================
Detailed connectivity info :
============================

------------------------------------------------------------------------------------------------------
1) type 'w32' [+ represented/promotable types: 'int', 'unsigned', 'void*', 'v2short', 'float', 'int20p', 'short', 'unsigned short', 'signed char', 'unsigned char']  : 
------------------------------------------------------------------------------------------------------

  R <-> R, 
  R <-> DMw (spill)

------------------------------------------------------------------------------------------------------
2) type 'w16' [+ represented/promotable types: 'short', 'unsigned short', 'signed char', 'unsigned char']  : /
------------------------------------------------------------------------------------------------------

------------------------------------------------------------------------------------------------------
3) type 'w08' [+ represented/promotable types: 'signed char', 'unsigned char']  : /
------------------------------------------------------------------------------------------------------

------------------------------------------------------------------------------------------------------
4) extra moves for type 'short' : 
------------------------------------------------------------------------------------------------------

  R <-> DMh (spill)

------------------------------------------------------------------------------------------------------
5) extra moves for type 'unsigned short' : 
------------------------------------------------------------------------------------------------------

  R <-> DMh (spill)

------------------------------------------------------------------------------------------------------
6) extra moves for type 'signed char' : 
------------------------------------------------------------------------------------------------------

  R <-> DMb (spill), R <-> DMh (spill)

------------------------------------------------------------------------------------------------------
7) extra moves for type 'unsigned char' : 
------------------------------------------------------------------------------------------------------

  R <-> DMb (spill), R <-> DMh (spill)


