
// File generated by Go version O-2018.09#f5599cac26#190121, Tue May 28 12:03:22 2024
// Copyright 2014-2018 Synopsys, Inc. All rights reserved.

// Unused instructions in the nML description of tzscale
1xxxxxxxxxxxxxxxxx01xxxxxx01xx11
1xxxxxxxxxxxxxxxxx11xxxxx01xx01x
1xxxxxxxxxxxxxxxxx1xxxxxxx11x01x
1xxxxxxxxxxxxxxxxxxxxxxxxx11x011
x0xxx1xxxxxxxxxxxxxxxxxxxx11x011
x1xxxx1xxxxxxxxxx1xxxxxxx01xx011
x1xxxxxxxxxxxxxxx001xxxxxxx1x011
x1xxxxxxxxxxxxxxx1x0xxxxx01xx011
x1xxxxxxxxxxxxxxxx11xxxxx01xx01x
x1xxxxxxxxxxxxxxxx1xxxxxxx11x01x
xx1xxxxxxxxxxxxxx1xxxxxxx01xx011
xx1xxxxxxxxxxxxxxx01xxxxxxx1x011
xx1xxxxxxxxxxxxxxx11xxxxx01xx01x
xx1xxxxxxxxxxxxxxx1xxxxxxx11x01x
xx1xxxxxxxxxxxxxxxxxxxxxxx11x011
xxx1xxxxxxxxxxxxx1xxxxxxx01xx011
xxx1xxxxxxxxxxxxxx01xxxxxxx1x011
xxx1xxxxxxxxxxxxxx11xxxxx01xx01x
xxx1xxxxxxxxxxxxxx1xxxxxxx11x01x
xxx1xxxxxxxxxxxxxxxxxxxxxx11x011
xxxx1xxxxxxxxxxxx1xxxxxxx01xx011
xxxx1xxxxxxxxxxxxx01xxxxxxx1x011
xxxx1xxxxxxxxxxxxx11xxxxx01xx01x
xxxx1xxxxxxxxxxxxx1xxxxxxx11x01x
xxxx1xxxxxxxxxxxxxxxxxxxxx11x011
xxxxx1xxxxxxxxxxx1xxxxxxx01xx011
xxxxx1xxxxxxxxxxxx01xxxxxxx1x011
xxxxx1xxxxxxxxxxxx11xxxxx01xx01x
xxxxx1xxxxxxxxxxxx1xxxxxxx11x01x
xxxxxx1xxxxxxxxxx1xx0000001xx011
xxxxxx1xxxxxxxxxxx01xxxxxx01xx11
xxxxxxxxxxxxxxxx00000000000x10xx
xxxxxxxxxxxxxxxx00x1xxxxxxxxxx10
xxxxxxxxxxxxxxxx010xxxxxxx0xx1x1
xxxxxxxxxxxxxxxx010xxxxxxxxxxx01
xxxxxxxxxxxxxxxx01100000xxxxx00x
xxxxxxxxxxxxxxxx011xxxxxx0x0xxxx
xxxxxxxxxxxxxxxx01xxxxxx1x0xx1x1
xxxxxxxxxxxxxxxx01xxxxxx1xxxxx01
xxxxxxxxxxxxxxxx01xxxxxxx10xxxx1
xxxxxxxxxxxxxxxx01xxxxxxxx1xxx01
xxxxxxxxxxxxxxxx01xxxxxxxxxx1x01
xxxxxxxxxxxxxxxx0x0000001xxxx001
xxxxxxxxxxxxxxxx0x000000x10xx0x1
xxxxxxxxxxxxxxxx0x000000xx1xx001
xxxxxxxxxxxxxxxx0x000000xxx1x001
xxxxxxxxxxxxxxxx0x000000xxxx10x1
xxxxxxxxxxxxxxxx0x01xxxx00000x01
xxxxxxxxxxxxxxxx0x0x1xxx00000x01
xxxxxxxxxxxxxxxx0x0xx1xx00000x01
xxxxxxxxxxxxxxxx0x0xxx1x00000x01
xxxxxxxxxxxxxxxx0x0xxxxx000001x1
xxxxxxxxxxxxxxxx0xxx00000xxxxx10
xxxxxxxxxxxxxxxx10010xxxxxxxxx0x
xxxxxxxxxxxxxxxx1001x1xxxxxxxx0x
xxxxxxxxxxxxxxxx100x0xxxx000000x
xxxxxxxxxxxxxxxx10xxxxxxxxxxxx00
xxxxxxxxxxxxxxxxx00x0xx100000001
xxxxxxxxxxxxxxxxx01xxxxxx1xx0x1x
xxxxxxxxxxxxxxxxx0x000000000xxx0
xxxxxxxxxxxxxxxxx0x00000000xx1x0
xxxxxxxxxxxxxxxxx0x0xxxxx0000010
xxxxxxxxxxxxxxxxx0xx00000xxxxx10
xxxxxxxxxxxxxxxxx11xxxxxx0x0xx1x
xxxxxxxxxxxxxxxxx1xxxxxxx010xx11
xxxxxxxxxxxxxxxxx1xxxxxxx1xx0111
xxxxxxxxxxxxxxxxxx11xxxxx0x0xx1x
xxxxxxxxxxxxxxxxxx1xxxxxx1xx011x
xxxxxxxxxxxxxxxxxx1xxxxxxxxxxxx0
xxxxxxxxxxxxxxxxxxx1xxxxx1xx0111
xxxxxxxxxxxxxxxxxxxxxxxxx0x0x111
xxxxxxxxxxxxxxxxxxxxxxxxx0xx1x11
xxxxxxxxxxxxxxxxxxxxxxxxx10xxx11
xxxxxxxxxxxxxxxxxxxxxxxxx1x1xx11
xxxxxxxxxxxxxxxxxxxxxxxxxx0x1x11
xxxxxxxxxxxxxxxxxxxxxxxxxx0xx111
xxxxxxxxxxxxxxxxxxxxxxxxxxx11x11
xxxxxxxxxxxxxxxxxxxxxxxxxxxx1011

