
; File generated by darts version O-2018.09#f5599cac26#190121, Tue May 28 12:06:23 2024
; Copyright 2014-2018 Synopsys, Inc. All rights reserved.
; darts -B -I../lib +p -d -h -I.. -I../lib/runtime/include -I../lib/runtime/include -D__tct_patch__=300 -p +r -L +Ihex +u Release/dot_product tzscale

; Release: ipd O-2018.09-SP3

.text_segment PMb      0	   
.entry_point
.label _main_init
           0    0x00 0x00 0x81 0x37  lui x2, 8
           4    0x00 0x01 0x61 0x13  ori x2,x2,0
           8    0x00 0x00 0x00 0x13  addi x0,x0,0
.label _start_basic
          12    0x02 0xa0 0x00 0xef  jal x1, 42
          16    0x00 0x01            nop
          18    0xbf 0xfd            j -2
.label __sint_dotproduc_vect___Pv2short___Pv2short___sint
          20    0x00 0x26 0x95 0x13  slli x10,x13,2
          24    0x00 0xb5 0x06 0xb3  add x13,x10,x11
          28    0x00 0x00 0x05 0x37  lui x10, 0
          32    0xa0 0x09            j 16
          34    0x00 0x05 0xa1 0x83  lw x3,0(x11)
          38    0x00 0x06 0x22 0x03  lw x4,0(x12)
          42    0x04 0x59            addi x11, 4
          44    0x04 0x61            addi x12, 4
          46    0x46 0x41 0x85 0x33  sdotp x10,x3,x4
          50    0xfe 0xd5 0xe6 0xe3  bltu x11,x13,-20
.rts
          54    0x00 0x00 0x80 0x67  jalr x0, x1, 0
.label _main
          58    0x10 0x11            addi x2, 16
          60    0x00 0x00 0x06 0x37  lui x12, 0
          64    0x00 0xc6 0x66 0x13  ori x12,x12,12
          68    0x00 0xc0 0x22 0x23  sw x12,4(x0)
          72    0xfe 0x11 0x2a 0x23  sw x1,-12(x2)
          76    0xfe 0xa1 0x28 0x23  sw x10,-16(x2)
          80    0x00 0x50 0x06 0x93  addi x13,x0,5
          84    0x85 0xb2            mv x11, x12
          86    0xfb 0xbf 0xf0 0xef  jal x1, -70
          90    0xff 0x01 0x20 0x83  lw x1,-16(x2)
          94    0xfe 0xa1 0x2e 0x23  sw x10,-4(x2)
          98    0x00 0x01            nop
         100    0x40 0x15 0x05 0x33  sub x10,x10,x1
         104    0x00 0x00 0x06 0x37  lui x12, 0
         108    0xfe 0xa1 0x2c 0x23  sw x10,-8(x2)
         112    0x02 0x06 0x65 0x93  ori x11,x12,32
         116    0x05 0x60 0x00 0xef  jal x1, 86
         120    0xff 0x41 0x25 0x03  lw x10,-12(x2)
         124    0x10 0x15            addi x2, -16
.rts
         126    0x00 0x05 0x00 0x67  jalr x0, x10, 0
.label __stdio_void_clib_hosted_io___PHosted_clib_vars
.rts
         130    0x00 0x00 0x80 0x67  jalr x0, x1, 0
.label vfprintf
         134    0x04 0x81 0x01 0x13  addi x2,x2,72
         138    0x00 0x05 0xa2 0x03  lw x4,0(x11)
         142    0xfb 0x81 0x05 0x13  addi x10,x2,-72
         146    0x00 0x20 0x05 0x93  addi x11,x0,2
         150    0xff 0xf0 0x01 0x93  addi x3,x0,-1
         154    0xfc 0x01 0x02 0x93  addi x5,x2,-64
         158    0xfa 0x41 0x2e 0x23  sw x4,-68(x2)
         162    0xfc 0xc1 0x26 0x23  sw x12,-52(x2)
         166    0xfe 0xd1 0x2c 0x23  sw x13,-8(x2)
         170    0x00 0xb5 0x20 0x23  sw x11,0(x10)
         174    0x00 0x32 0xa0 0x23  sw x3,0(x5)
         178    0xfe 0x11 0x2e 0x23  sw x1,-4(x2)
         182    0xfc 0x9f 0xf0 0xef  jal x1, -56
         186    0xfc 0x01 0x05 0x13  addi x10,x2,-64
         190    0xff 0xc1 0x20 0x83  lw x1,-4(x2)
         194    0x00 0x05 0x25 0x03  lw x10,0(x10)
         198    0xfb 0x81 0x01 0x13  addi x2,x2,-72
.rts
         202    0x00 0x00 0x80 0x67  jalr x0, x1, 0
.label printf
         206    0x86 0x2e            mv x12, x11
         208    0x00 0x80 0x25 0x83  lw x11,8(x0)
         212    0x00 0x01 0x06 0x93  addi x13,x2,0
         216    0xfa 0xbf 0xf0 0x6f  jal x0, -86

.bss_segment DMb      4	    4

.data_segment DMb      8	   
.label stdout
	0x46
	0x1
	0x0
	0x0

.data_segment DMb     12	   
.label my_array
	0xf1
	0xff
	0xec
	0xff
	0x1e
	0x0
	0x28
	0x0
	0x3c
	0x0
	0x9c
	0xff
	0x23
	0x0
	0x2d
	0x0
	0x69
	0x0
	0x50
	0x0

.rodata_segment DMb     32	   
.label __dotproduct___str47db3a1c
	0x54
	0x68
	0x65
	0x20
	0x72
	0x65
	0x73
	0x75
	0x6c
	0x74
	0x20
	0x69
	0x73
	0x20
	0x25
	0x64
	0xa
	0x43
	0x79
	0x63
	0x6c
	0x65
	0x20
	0x65
	0x78
	0x65
	0x63
	0x75
	0x74
	0x65
	0x64
	0x3a
	0x20
	0x25
	0x6c
	0x64
	0xa
	0x0

.bss_segment DMb     70	    256

.data_segment DMb    326	   
.label __stdio__stdout
	0x1
	0x0
	0x0
	0x0
	0x1
	0x0
	0x0
	0x0

.stack DMb 32768 65536
