
; File generated by darts version O-2018.09#f5599cac26#190121, Tue May 28 12:06:23 2024
; Copyright 2014-2018 Synopsys, Inc. All rights reserved.
; darts -B -I../lib +p -d -h -I.. -I../lib/runtime/include -I../lib/runtime/include -D__tct_patch__=300 -p +r -L +Ihex Release/dotproduct.o tzscale

; Release: ipd O-2018.09-SP3
.data_segment_name
.rodata local 1 __dotproduct___str47db3a1c DMb
	0x54
	0x68
	0x65
	0x20
	0x72
	0x65
	0x73
	0x75
	0x6c
	0x74
	0x20
	0x69
	0x73
	0x20
	0x25
	0x64
	0xa
	0x43
	0x79
	0x63
	0x6c
	0x65
	0x20
	0x65
	0x78
	0x65
	0x63
	0x75
	0x74
	0x65
	0x64
	0x3a
	0x20
	0x25
	0x6c
	0x64
	0xa
	0x0

.undef local data __dotproduct___str47db3a1c

.data_segment_name
.data global 1 my_array DMb
	0xf1
	0xff
	0xec
	0xff
	0x1e
	0x0
	0x28
	0x0
	0x3c
	0x0
	0x9c
	0xff
	0x23
	0x0
	0x2d
	0x0
	0x69
	0x0
	0x50
	0x0

.data_segment_name
.bss global 1 vec_ptr DMb_stat 4

.undef global data stdin

.undef global data stdout

.text_segment_name
.text global 0 __sint_dotproduct___P__sshort___P__sshort___sint
	     0    0x00 0x16 0x95 0x13  slli x10,x13,1
	     4    0x00 0xb5 0x06 0xb3  add x13,x10,x11
	     8    0x00 0x00 0x05 0x37  lui x10, 0
	    12    0xa0 0x09            j 16
	    14    0x00 0x05 0x91 0x83  lh x3,0(x11)
	    18    0x00 0x06 0x12 0x03  lh x4,0(x12)
	    22    0x02 0x59            addi x11, 2
	    24    0x02 0x61            addi x12, 2
	    26    0x42 0x41 0x85 0x33  mac x10,x3,x4
.label __ll1___sint_dotproduct___P__sshort___P__sshort___sint
	    30    0xfe 0xd5 0xe6 0xe3  bltu x11,x13,-20
.label __sint_dotproduct___P__sshort___P__sshort___sint__end last
.rts
	    34    0x00 0x00 0x80 0x67  jalr x0, x1, 0

.text_segment_name
.text global 0 __sint_dotproduc_vect___Pv2short___Pv2short___sint
	     0    0x00 0x26 0x95 0x13  slli x10,x13,2
	     4    0x00 0xb5 0x06 0xb3  add x13,x10,x11
	     8    0x00 0x00 0x05 0x37  lui x10, 0
	    12    0xa0 0x09            j 16
	    14    0x00 0x05 0xa1 0x83  lw x3,0(x11)
	    18    0x00 0x06 0x22 0x03  lw x4,0(x12)
	    22    0x04 0x59            addi x11, 4
	    24    0x04 0x61            addi x12, 4
	    26    0x46 0x41 0x85 0x33  sdotp x10,x3,x4
.label __ll1___sint_dotproduc_vect___Pv2short___Pv2short___sint
	    30    0xfe 0xd5 0xe6 0xe3  bltu x11,x13,-20
.label __sint_dotproduc_vect___Pv2short___Pv2short___sint__end last
.rts
	    34    0x00 0x00 0x80 0x67  jalr x0, x1, 0

.text_segment_name
.text global 0 _main
	     0    0x10 0x11            addi x2, 16
.rela 16 my_array 0
	     2    0x00 0x00 0x06 0x37  lui x12, 0
.rela 17 my_array 0
	     6    0x00 0x06 0x66 0x13  ori x12,x12,0
	    10    0x00 0xc0 0x20 0x23  sw x12,vec_ptr(x0)
	    14    0xfe 0x11 0x2a 0x23  sw x1,-12(x2)
	    18    0xfe 0xa1 0x28 0x23  sw x10,-16(x2)
	    22    0x00 0x50 0x06 0x93  addi x13,x0,5
	    26    0x85 0xb2            mv x11, x12
	    28    0x00 0x00 0x00 0xef  jal x1, __sint_dotproduc_vect___Pv2short___Pv2short___sint
	    32    0xff 0x01 0x20 0x83  lw x1,-16(x2)
	    36    0xfe 0xa1 0x2e 0x23  sw x10,-4(x2)
	    40    0x00 0x01            nop
	    42    0x40 0x15 0x05 0x33  sub x10,x10,x1
.rela 16 __dotproduct___str47db3a1c 0
	    46    0x00 0x00 0x06 0x37  lui x12, 0
	    50    0xfe 0xa1 0x2c 0x23  sw x10,-8(x2)
.rela 17 __dotproduct___str47db3a1c 0
	    54    0x00 0x06 0x65 0x93  ori x11,x12,0
	    58    0x00 0x00 0x00 0xef  jal x1, printf
	    62    0xff 0x41 0x25 0x03  lw x10,-12(x2)
	    66    0x10 0x15            addi x2, -16
.label _main__end last
.rts
	    68    0x00 0x05 0x00 0x67  jalr x0, x10, 0

.undef global text __sint_dotproduc_vect___Pv2short___Pv2short___sint

.undef global text printf

.undef global data vec_ptr

.undef global data my_array

